#
# A fatal error has been detected by the Java Runtime Environment:
#
#  SIGSEGV (0xb) at pc=0x0000000000000000, pid=4977, tid=22275
#
# JRE version: OpenJDK Runtime Environment (11.0.10) (build 11.0.10+0-b96-7281165)
# Java VM: OpenJDK 64-Bit Server VM (11.0.10+0-b96-7281165, mixed mode, tiered, compressed oops, g1 gc, bsd-amd64)
# Problematic frame:
# C  0x0000000000000000
#
# No core dump will be written. Core dumps have been disabled. To enable core dumping, try "ulimit -c unlimited" before starting Java again
#
# If you would like to submit a bug report, please visit:
#   https://bugreport.java.com/bugreport/crash.jsp
#

---------------  S U M M A R Y ------------

Command Line: --add-opens=java.base/java.util=ALL-UNNAMED --add-opens=java.base/java.lang=ALL-UNNAMED --add-opens=java.base/java.lang.invoke=ALL-UNNAMED --add-opens=java.base/java.util=ALL-UNNAMED --add-opens=java.prefs/java.util.prefs=ALL-UNNAMED --add-opens=java.prefs/java.util.prefs=ALL-UNNAMED --add-opens=java.base/java.nio.charset=ALL-UNNAMED --add-opens=java.base/java.net=ALL-UNNAMED --add-opens=java.base/java.util.concurrent.atomic=ALL-UNNAMED -Xmx2048m -Dfile.encoding=UTF-8 -Duser.country=GB -Duser.language=en -Duser.variant org.gradle.launcher.daemon.bootstrap.GradleDaemon 7.0.2

Host: MacBookPro14,2 x86_64 3100 MHz, 4 cores, 8G, Darwin 19.6.0
Time: Sat Feb  5 09:39:27 2022 HKT elapsed time: 12.247427 seconds (0d 0h 0m 12s)

---------------  T H R E A D  ---------------

Current thread (0x00007ff3aa810000):  JavaThread "C2 CompilerThread0" daemon [_thread_in_native, id=22275, stack(0x0000700004d78000,0x0000700004e78000)]


Current CompileTask:
C2:  12247 4230       4       java.net.URLClassLoader$1::run (5 bytes)

Stack: [0x0000700004d78000,0x0000700004e78000],  sp=0x0000700004e74768,  free space=1009k

siginfo: si_signo: 11 (SIGSEGV), si_code: 1 (SEGV_MAPERR), si_addr: 0x0000000000000000

Register to memory mapping:

RAX=0x00007ff3af0633b8 points into unknown readable memory: 0x0000000000000000 | 00 00 00 00 00 00 00 00
RBX=0x000000000000003d is an unknown value
RCX=0x0000700004e749f8 is pointing into the stack for thread: 0x00007ff3aa810000
RDX=0x0000700004e76148 is pointing into the stack for thread: 0x00007ff3aa810000
RSP=0x0000700004e74768 is pointing into the stack for thread: 0x00007ff3aa810000
RBP=0x0000700004e74800 is pointing into the stack for thread: 0x00007ff3aa810000
RSI=0x0000000000000003 is an unknown value
RDI=0x00007ff3af36e5c8 points into unknown readable memory: 0x00007ff3af0633b8 | b8 33 06 af f3 7f 00 00
R8 =0x0000000033333333 is an unknown value
R9 =0x0000000000000001 is an unknown value
R10=0x0 is NULL
R11=0x0 is NULL
R12=0x00007ff3ae884010 points into unknown readable memory: 0x0000000000000000 | 00 00 00 00 00 00 00 00
R13=0x0000000000000001 is an unknown value
R14=0x00000000ffffffff is an unknown value
R15=0x0000000000002580 is an unknown value


Registers:
RAX=0x00007ff3af0633b8, RBX=0x000000000000003d, RCX=0x0000700004e749f8, RDX=0x0000700004e76148
RSP=0x0000700004e74768, RBP=0x0000700004e74800, RSI=0x0000000000000003, RDI=0x00007ff3af36e5c8
R8 =0x0000000033333333, R9 =0x0000000000000001, R10=0x0000000000000000, R11=0x0000000000000000
R12=0x00007ff3ae884010, R13=0x0000000000000001, R14=0x00000000ffffffff, R15=0x0000000000002580
RIP=0x0000000000000000, EFLAGS=0x0000000000010246, ERR=0x0000000000000014
  TRAPNO=0x000000000000000e

Top of Stack: (sp=0x0000700004e74768)
0x0000700004e74768:   000000010cf542fa 0000700004e747a0
0x0000700004e74778:   00000000ffffffff 0000000000000003
0x0000700004e74788:   000000000000001b 00007ff3ae8853a8
0x0000700004e74798:   00007ff3af26e780 00007ff3a90c9c28
0x0000700004e747a8:   00007ff3ac0ef368 00000001ae884010
0x0000700004e747b8:   0000700004e76148 0000000104e74800
0x0000700004e747c8:   00007ff3af26e568 0000000000000001
0x0000700004e747d8:   0000000000000000 0000700004e76148
0x0000700004e747e8:   0000700004e74818 0000700004e748d8
0x0000700004e747f8:   0000700004e74998 0000700004e74aa0
0x0000700004e74808:   000000010cf53a33 0000000000000000
0x0000700004e74818:   000070000000000a 0000700004e77040
0x0000700004e74828:   00007ff3acb27010 0000000000000000
0x0000700004e74838:   00007ff3ae3b2010 00007ff3a9b5ee10
0x0000700004e74848:   00007ff3a9b62840 00007ff3a98de010
0x0000700004e74858:   0000700004e76328 0000700004e76258
0x0000700004e74868:   0000000000000dce 0000700004e74998
0x0000700004e74878:   0000000000000000 000000010d6b13a8
0x0000700004e74888:   000000010000000d 0000700004e77040
0x0000700004e74898:   0000700004e76148 0000000000002c95
0x0000700004e748a8:   0000000000000000 0000000000000000
0x0000700004e748b8:   0000000000000000 0000700004e748e0
0x0000700004e748c8:   000000010d4df31b 00007ff3a8f1bcc0
0x0000700004e748d8:   000000010d4d0000 0000000000000000
0x0000700004e748e8:   000000010ce8a9a9 0000700004e76200
0x0000700004e748f8:   0000000000000000 000000010d55a7c5
0x0000700004e74908:   0000000000000000 0000000000000000
0x0000700004e74918:   0000000000000000 000000010d55a7c5
0x0000700004e74928:   0000000000283c00 0000000000003980
0x0000700004e74938:   00007ff3a8f1bcc0 00007ff3a8f1bcc0
0x0000700004e74948:   000000000ce8b190 000000010d550e00
0x0000700004e74958:   0000000000003980 00007ff3a8f1bcc0 

Instructions: (pc=0x0000000000000000)
0xffffffffffffff00:   


Stack slot to memory mapping:
stack at sp + 0 slots: 0x000000010cf542fa: _ZN12PhaseChaitin16gather_lrg_masksEb+0x154 in /Applications/Android Studio.app/Contents/jre/Contents/Home/lib/server/libjvm.dylib at 0x000000010cd91000
stack at sp + 1 slots: 0x0000700004e747a0 is pointing into the stack for thread: 0x00007ff3aa810000
stack at sp + 2 slots: 0x00000000ffffffff is an unknown value
stack at sp + 3 slots: 0x0000000000000003 is an unknown value
stack at sp + 4 slots: 0x000000000000001b is an unknown value
stack at sp + 5 slots: 0x00007ff3ae8853a8 points into unknown readable memory: 0x0000000005555455 | 55 54 55 05 00 00 00 00
stack at sp + 6 slots: 0x00007ff3af26e780 points into unknown readable memory: 0x0000000000000000 | 00 00 00 00 00 00 00 00
stack at sp + 7 slots: 0x00007ff3a90c9c28 points into unknown readable memory: 0x000000010d6d0600 | 00 06 6d 0d 01 00 00 00


---------------  P R O C E S S  ---------------

Threads class SMR info:
_java_thread_list=0x00007ff3abee7850, length=40, elements={
0x00007ff3aa80d000, 0x00007ff3aa00e800, 0x00007ff3aa00f800, 0x00007ff3a90b3800,
0x00007ff3a90b4800, 0x00007ff3aa810000, 0x00007ff3aa023800, 0x00007ff3aa02b000,
0x00007ff3aa835000, 0x00007ff3a9430800, 0x00007ff3ac071800, 0x00007ff3ac08d800,
0x00007ff3aacb9800, 0x00007ff3aacae000, 0x00007ff3aacd0000, 0x00007ff3ac08a000,
0x00007ff3ac116800, 0x00007ff3aa56e800, 0x00007ff3a9aa3000, 0x00007ff3aa571800,
0x00007ff3ac117800, 0x00007ff3aa1da800, 0x00007ff3ad2a1800, 0x00007ff3af0ef000,
0x00007ff3ad125800, 0x00007ff3ac501000, 0x00007ff3ac515800, 0x00007ff3aafff800,
0x00007ff3ac590800, 0x00007ff3a9fab800, 0x00007ff3addb5000, 0x00007ff3ad580000,
0x00007ff3aa5d7000, 0x00007ff3ac59c000, 0x00007ff3ad01c800, 0x00007ff3aa5d7800,
0x00007ff3af3ad800, 0x00007ff3aa5ee800, 0x00007ff3ad1af800, 0x00007ff3ac5a5000
}

Java Threads: ( => current thread )
  0x00007ff3aa80d000 JavaThread "main" [_thread_blocked, id=5891, stack(0x0000700004151000,0x0000700004251000)]
  0x00007ff3aa00e800 JavaThread "Reference Handler" daemon [_thread_blocked, id=14595, stack(0x0000700004866000,0x0000700004966000)]
  0x00007ff3aa00f800 JavaThread "Finalizer" daemon [_thread_blocked, id=15107, stack(0x0000700004969000,0x0000700004a69000)]
  0x00007ff3a90b3800 JavaThread "Signal Dispatcher" daemon [_thread_blocked, id=16899, stack(0x0000700004b72000,0x0000700004c72000)]
  0x00007ff3a90b4800 JavaThread "Service Thread" daemon [_thread_blocked, id=43011, stack(0x0000700004c75000,0x0000700004d75000)]
=>0x00007ff3aa810000 JavaThread "C2 CompilerThread0" daemon [_thread_in_native, id=22275, stack(0x0000700004d78000,0x0000700004e78000)]
  0x00007ff3aa023800 JavaThread "C1 CompilerThread0" daemon [_thread_blocked, id=23043, stack(0x0000700004e7b000,0x0000700004f7b000)]
  0x00007ff3aa02b000 JavaThread "Sweeper thread" daemon [_thread_blocked, id=23555, stack(0x0000700004f7e000,0x000070000507e000)]
  0x00007ff3aa835000 JavaThread "Common-Cleaner" daemon [_thread_blocked, id=41987, stack(0x0000700005081000,0x0000700005181000)]
  0x00007ff3a9430800 JavaThread "Daemon health stats" [_thread_blocked, id=40963, stack(0x000070000548d000,0x000070000558d000)]
  0x00007ff3ac071800 JavaThread "Incoming local TCP Connector on port 58392" [_thread_in_native, id=40451, stack(0x0000700005590000,0x0000700005690000)]
  0x00007ff3ac08d800 JavaThread "Daemon periodic checks" [_thread_blocked, id=39939, stack(0x0000700005693000,0x0000700005793000)]
  0x00007ff3aacb9800 JavaThread "Daemon" [_thread_blocked, id=39427, stack(0x0000700005796000,0x0000700005896000)]
  0x00007ff3aacae000 JavaThread "Handler for socket connection from /127.0.0.1:58392 to /127.0.0.1:58393" [_thread_in_native, id=38659, stack(0x0000700005899000,0x0000700005999000)]
  0x00007ff3aacd0000 JavaThread "Cancel handler" [_thread_blocked, id=26371, stack(0x000070000599c000,0x0000700005a9c000)]
  0x00007ff3ac08a000 JavaThread "Daemon worker" [_thread_in_Java, id=26883, stack(0x0000700005a9f000,0x0000700005b9f000)]
  0x00007ff3ac116800 JavaThread "Asynchronous log dispatcher for DefaultDaemonConnection: socket connection from /127.0.0.1:58392 to /127.0.0.1:58393" [_thread_blocked, id=27395, stack(0x0000700005ba2000,0x0000700005ca2000)]
  0x00007ff3aa56e800 JavaThread "Stdin handler" [_thread_blocked, id=37379, stack(0x0000700005ca5000,0x0000700005da5000)]
  0x00007ff3a9aa3000 JavaThread "Daemon client event forwarder" [_thread_blocked, id=27907, stack(0x0000700005da8000,0x0000700005ea8000)]
  0x00007ff3aa571800 JavaThread "Cache worker for file hash cache (/Users/student/.gradle/caches/7.0.2/fileHashes)" [_thread_blocked, id=28675, stack(0x0000700005eab000,0x0000700005fab000)]
  0x00007ff3ac117800 JavaThread "File lock request listener" [_thread_in_native, id=29187, stack(0x0000700005fae000,0x00007000060ae000)]
  0x00007ff3aa1da800 JavaThread "Cache worker for journal cache (/Users/student/.gradle/caches/journal-1)" [_thread_blocked, id=35843, stack(0x00007000061b4000,0x00007000062b4000)]
  0x00007ff3ad2a1800 JavaThread "Cache worker for file hash cache (/Users/student/code/Pset_3_CarpoolBuddy/.gradle/7.0.2/fileHashes)" [_thread_blocked, id=35331, stack(0x00007000062b7000,0x00007000063b7000)]
  0x00007ff3af0ef000 JavaThread "File watcher server" daemon [_thread_in_native, id=29955, stack(0x00007000063ba000,0x00007000064ba000)]
  0x00007ff3ad125800 JavaThread "File watcher consumer" daemon [_thread_blocked, id=31235, stack(0x00007000064bd000,0x00007000065bd000)]
  0x00007ff3ac501000 JavaThread "Cache worker for checksums cache (/Users/student/code/Pset_3_CarpoolBuddy/.gradle/checksums)" [_thread_blocked, id=34051, stack(0x00007000065c0000,0x00007000066c0000)]
  0x00007ff3ac515800 JavaThread "Cache worker for cache directory md-supplier (/Users/student/.gradle/caches/7.0.2/md-supplier)" [_thread_blocked, id=33539, stack(0x00007000066c3000,0x00007000067c3000)]
  0x00007ff3aafff800 JavaThread "Cache worker for cache directory md-rule (/Users/student/.gradle/caches/7.0.2/md-rule)" [_thread_blocked, id=33027, stack(0x00007000067c6000,0x00007000068c6000)]
  0x00007ff3ac590800 JavaThread "Cache worker for execution history cache (/Users/student/.gradle/caches/7.0.2/executionHistory)" [_thread_blocked, id=43523, stack(0x00007000068c9000,0x00007000069c9000)]
  0x00007ff3a9fab800 JavaThread "jar transforms" [_thread_blocked, id=86787, stack(0x00007000069cc000,0x0000700006acc000)]
  0x00007ff3addb5000 JavaThread "jar transforms Thread 2" [_thread_blocked, id=44291, stack(0x0000700006acf000,0x0000700006bcf000)]
  0x00007ff3ad580000 JavaThread "Cache worker for file content cache (/Users/student/.gradle/caches/7.0.2/fileContent)" [_thread_blocked, id=44547, stack(0x0000700006bd2000,0x0000700006cd2000)]
  0x00007ff3aa5d7000 JavaThread "Cache worker for dependencies-accessors (/Users/student/code/Pset_3_CarpoolBuddy/.gradle/7.0.2/dependencies-accessors)" [_thread_blocked, id=85507, stack(0x0000700006cd5000,0x0000700006dd5000)]
  0x00007ff3ac59c000 JavaThread "jar transforms Thread 3" [_thread_blocked, id=84995, stack(0x0000700006dd8000,0x0000700006ed8000)]
  0x00007ff3ad01c800 JavaThread "Cache worker for Build Output Cleanup Cache (/Users/student/code/Pset_3_CarpoolBuddy/.gradle/buildOutputCleanup)" [_thread_blocked, id=84483, stack(0x0000700006edb000,0x0000700006fdb000)]
  0x00007ff3aa5d7800 JavaThread "Build operations" [_thread_blocked, id=83715, stack(0x0000700006fde000,0x00007000070de000)]
  0x00007ff3af3ad800 JavaThread "Build operations Thread 2" [_thread_blocked, id=83203, stack(0x00007000070e1000,0x00007000071e1000)]
  0x00007ff3aa5ee800 JavaThread "Build operations Thread 3" [_thread_blocked, id=45827, stack(0x00007000071e4000,0x00007000072e4000)]
  0x00007ff3ad1af800 JavaThread "Build operations Thread 4" [_thread_blocked, id=46083, stack(0x00007000072e7000,0x00007000073e7000)]
  0x00007ff3ac5a5000 JavaThread "jar transforms Thread 4" [_thread_blocked, id=46595, stack(0x00007000073ea000,0x00007000074ea000)]

Other Threads:
  0x00007ff3a90af000 VMThread "VM Thread" [stack: 0x0000700004763000,0x0000700004863000] [id=13827]
  0x00007ff3aa824000 WatcherThread [stack: 0x0000700005184000,0x0000700005284000] [id=41731]
  0x00007ff3aa80e000 GCTaskThread "GC Thread#0" [stack: 0x0000700004254000,0x0000700004354000] [id=11267]
  0x00007ff3aa825000 GCTaskThread "GC Thread#1" [stack: 0x0000700005287000,0x0000700005387000] [id=41475]
  0x00007ff3aaa13800 GCTaskThread "GC Thread#2" [stack: 0x000070000538a000,0x000070000548a000] [id=24579]
  0x00007ff3aa1db800 GCTaskThread "GC Thread#3" [stack: 0x00007000060b1000,0x00007000061b1000] [id=29699]
  0x00007ff3a9034800 ConcurrentGCThread "G1 Main Marker" [stack: 0x0000700004357000,0x0000700004457000] [id=20483]
  0x00007ff3a9035000 ConcurrentGCThread "G1 Conc#0" [stack: 0x000070000445a000,0x000070000455a000] [id=12291]
  0x00007ff3a9076000 ConcurrentGCThread "G1 Refine#0" [stack: 0x000070000455d000,0x000070000465d000] [id=19971]
  0x00007ff3aa80e800 ConcurrentGCThread "G1 Young RemSet Sampling" [stack: 0x0000700004660000,0x0000700004760000] [id=13059]

Threads with active compile tasks:
C2 CompilerThread0  12262 4230       4       java.net.URLClassLoader$1::run (5 bytes)

VM state:not at safepoint (normal execution)

VM Mutex/Monitor currently owned by a thread: None

Heap address: 0x0000000780000000, size: 2048 MB, Compressed Oops mode: Zero based, Oop shift amount: 3
Narrow klass base: 0x0000000800000000, Narrow klass shift: 0
Compressed class space size: 1073741824 Address: 0x0000000800000000

Heap:
 garbage-first heap   total 131072K, used 85732K [0x0000000780000000, 0x0000000800000000)
  region size 1024K, 56 young (57344K), 3 survivors (3072K)
 Metaspace       used 47336K, capacity 48503K, committed 48768K, reserved 1091584K
  class space    used 6049K, capacity 6470K, committed 6528K, reserved 1048576K
Heap Regions: E=young(eden), S=young(survivor), O=old, HS=humongous(starts), HC=humongous(continues), CS=collection set, F=free, A=archive, TAMS=top-at-mark-start (previous, next)
|   0|0x0000000780000000, 0x0000000780100000, 0x0000000780100000|100%| O|  |TAMS 0x0000000780100000, 0x0000000780000000| Untracked 
|   1|0x0000000780100000, 0x0000000780200000, 0x0000000780200000|100%| O|  |TAMS 0x0000000780200000, 0x0000000780100000| Untracked 
|   2|0x0000000780200000, 0x0000000780300000, 0x0000000780300000|100%| O|  |TAMS 0x0000000780300000, 0x0000000780200000| Untracked 
|   3|0x0000000780300000, 0x0000000780400000, 0x0000000780400000|100%|HS|  |TAMS 0x0000000780400000, 0x0000000780300000| Complete 
|   4|0x0000000780400000, 0x0000000780500000, 0x0000000780500000|100%|HC|  |TAMS 0x0000000780500000, 0x0000000780400000| Complete 
|   5|0x0000000780500000, 0x0000000780600000, 0x0000000780600000|100%|HC|  |TAMS 0x0000000780600000, 0x0000000780500000| Complete 
|   6|0x0000000780600000, 0x0000000780700000, 0x0000000780700000|100%| O|  |TAMS 0x0000000780700000, 0x0000000780600000| Untracked 
|   7|0x0000000780700000, 0x0000000780800000, 0x0000000780800000|100%| O|  |TAMS 0x0000000780800000, 0x0000000780700000| Untracked 
|   8|0x0000000780800000, 0x0000000780900000, 0x0000000780900000|100%| O|  |TAMS 0x0000000780900000, 0x0000000780800000| Untracked 
|   9|0x0000000780900000, 0x0000000780a00000, 0x0000000780a00000|100%| O|  |TAMS 0x0000000780a00000, 0x0000000780900000| Untracked 
|  10|0x0000000780a00000, 0x0000000780b00000, 0x0000000780b00000|100%| O|  |TAMS 0x0000000780b00000, 0x0000000780a00000| Untracked 
|  11|0x0000000780b00000, 0x0000000780c00000, 0x0000000780c00000|100%| O|  |TAMS 0x0000000780c00000, 0x0000000780b00000| Untracked 
|  12|0x0000000780c00000, 0x0000000780d00000, 0x0000000780d00000|100%| O|  |TAMS 0x0000000780d00000, 0x0000000780c00000| Untracked 
|  13|0x0000000780d00000, 0x0000000780e00000, 0x0000000780e00000|100%| O|  |TAMS 0x0000000780de5800, 0x0000000780d00000| Untracked 
|  14|0x0000000780e00000, 0x0000000780f00000, 0x0000000780f00000|100%|HS|  |TAMS 0x0000000780e00000, 0x0000000780e00000| Complete 
|  15|0x0000000780f00000, 0x0000000781000000, 0x0000000781000000|100%| O|  |TAMS 0x0000000780f00000, 0x0000000780f00000| Untracked 
|  16|0x0000000781000000, 0x0000000781100000, 0x0000000781100000|100%| O|  |TAMS 0x0000000781000000, 0x0000000781000000| Untracked 
|  17|0x0000000781100000, 0x0000000781200000, 0x0000000781200000|100%| O|  |TAMS 0x0000000781100000, 0x0000000781100000| Untracked 
|  18|0x0000000781200000, 0x0000000781300000, 0x0000000781300000|100%| O|  |TAMS 0x0000000781200000, 0x0000000781200000| Untracked 
|  19|0x0000000781300000, 0x0000000781400000, 0x0000000781400000|100%| O|  |TAMS 0x0000000781300000, 0x0000000781300000| Untracked 
|  20|0x0000000781400000, 0x0000000781500000, 0x0000000781500000|100%| O|  |TAMS 0x0000000781400000, 0x0000000781400000| Untracked 
|  21|0x0000000781500000, 0x0000000781600000, 0x0000000781600000|100%| O|  |TAMS 0x0000000781500000, 0x0000000781500000| Untracked 
|  22|0x0000000781600000, 0x0000000781700000, 0x0000000781700000|100%| O|  |TAMS 0x0000000781600000, 0x0000000781600000| Untracked 
|  23|0x0000000781700000, 0x0000000781800000, 0x0000000781800000|100%| O|  |TAMS 0x0000000781700000, 0x0000000781700000| Untracked 
|  24|0x0000000781800000, 0x0000000781900000, 0x0000000781900000|100%| O|  |TAMS 0x0000000781800000, 0x0000000781800000| Untracked 
|  25|0x0000000781900000, 0x0000000781a00000, 0x0000000781a00000|100%| O|  |TAMS 0x0000000781900000, 0x0000000781900000| Untracked 
|  26|0x0000000781a00000, 0x0000000781b00000, 0x0000000781b00000|100%| O|  |TAMS 0x0000000781a00000, 0x0000000781a00000| Untracked 
|  27|0x0000000781b00000, 0x0000000781c00000, 0x0000000781c00000|100%|HS|  |TAMS 0x0000000781b00000, 0x0000000781b00000| Complete 
|  28|0x0000000781c00000, 0x0000000781d00000, 0x0000000781d00000|100%|HS|  |TAMS 0x0000000781c00000, 0x0000000781c00000| Complete 
|  29|0x0000000781d00000, 0x0000000781e00000, 0x0000000781e00000|100%|HC|  |TAMS 0x0000000781d00000, 0x0000000781d00000| Complete 
|  30|0x0000000781e00000, 0x0000000781e00000, 0x0000000781f00000|  0%| F|  |TAMS 0x0000000781e00000, 0x0000000781e00000| Untracked 
|  31|0x0000000781f00000, 0x0000000781f00000, 0x0000000782000000|  0%| F|  |TAMS 0x0000000781f00000, 0x0000000781f00000| Untracked 
|  32|0x0000000782000000, 0x0000000782000000, 0x0000000782100000|  0%| F|  |TAMS 0x0000000782000000, 0x0000000782000000| Untracked 
|  33|0x0000000782100000, 0x0000000782100000, 0x0000000782200000|  0%| F|  |TAMS 0x0000000782100000, 0x0000000782100000| Untracked 
|  34|0x0000000782200000, 0x0000000782200000, 0x0000000782300000|  0%| F|  |TAMS 0x0000000782200000, 0x0000000782200000| Untracked 
|  35|0x0000000782300000, 0x0000000782300000, 0x0000000782400000|  0%| F|  |TAMS 0x0000000782300000, 0x0000000782300000| Untracked 
|  36|0x0000000782400000, 0x0000000782400000, 0x0000000782500000|  0%| F|  |TAMS 0x0000000782400000, 0x0000000782400000| Untracked 
|  37|0x0000000782500000, 0x0000000782500000, 0x0000000782600000|  0%| F|  |TAMS 0x0000000782500000, 0x0000000782500000| Untracked 
|  38|0x0000000782600000, 0x0000000782600000, 0x0000000782700000|  0%| F|  |TAMS 0x0000000782600000, 0x0000000782600000| Untracked 
|  39|0x0000000782700000, 0x0000000782700000, 0x0000000782800000|  0%| F|  |TAMS 0x0000000782700000, 0x0000000782700000| Untracked 
|  40|0x0000000782800000, 0x0000000782800000, 0x0000000782900000|  0%| F|  |TAMS 0x0000000782800000, 0x0000000782800000| Untracked 
|  41|0x0000000782900000, 0x0000000782900000, 0x0000000782a00000|  0%| F|  |TAMS 0x0000000782900000, 0x0000000782900000| Untracked 
|  42|0x0000000782a00000, 0x0000000782a00000, 0x0000000782b00000|  0%| F|  |TAMS 0x0000000782a00000, 0x0000000782a00000| Untracked 
|  43|0x0000000782b00000, 0x0000000782b00000, 0x0000000782c00000|  0%| F|  |TAMS 0x0000000782b00000, 0x0000000782b00000| Untracked 
|  44|0x0000000782c00000, 0x0000000782c00000, 0x0000000782d00000|  0%| F|  |TAMS 0x0000000782c00000, 0x0000000782c00000| Untracked 
|  45|0x0000000782d00000, 0x0000000782d00000, 0x0000000782e00000|  0%| F|  |TAMS 0x0000000782d00000, 0x0000000782d00000| Untracked 
|  46|0x0000000782e00000, 0x0000000782e00000, 0x0000000782f00000|  0%| F|  |TAMS 0x0000000782e00000, 0x0000000782e00000| Untracked 
|  47|0x0000000782f00000, 0x0000000782f00000, 0x0000000783000000|  0%| F|  |TAMS 0x0000000782f00000, 0x0000000782f00000| Untracked 
|  48|0x0000000783000000, 0x0000000783000000, 0x0000000783100000|  0%| F|  |TAMS 0x0000000783000000, 0x0000000783000000| Untracked 
|  49|0x0000000783100000, 0x0000000783100000, 0x0000000783200000|  0%| F|  |TAMS 0x0000000783100000, 0x0000000783100000| Untracked 
|  50|0x0000000783200000, 0x0000000783200000, 0x0000000783300000|  0%| F|  |TAMS 0x0000000783200000, 0x0000000783200000| Untracked 
|  51|0x0000000783300000, 0x0000000783300000, 0x0000000783400000|  0%| F|  |TAMS 0x0000000783300000, 0x0000000783300000| Untracked 
|  52|0x0000000783400000, 0x0000000783400000, 0x0000000783500000|  0%| F|  |TAMS 0x0000000783400000, 0x0000000783400000| Untracked 
|  53|0x0000000783500000, 0x0000000783500000, 0x0000000783600000|  0%| F|  |TAMS 0x0000000783500000, 0x0000000783500000| Untracked 
|  54|0x0000000783600000, 0x0000000783600000, 0x0000000783700000|  0%| F|  |TAMS 0x0000000783600000, 0x0000000783600000| Untracked 
|  55|0x0000000783700000, 0x0000000783700000, 0x0000000783800000|  0%| F|  |TAMS 0x0000000783700000, 0x0000000783700000| Untracked 
|  56|0x0000000783800000, 0x0000000783800000, 0x0000000783900000|  0%| F|  |TAMS 0x0000000783800000, 0x0000000783800000| Untracked 
|  57|0x0000000783900000, 0x0000000783900000, 0x0000000783a00000|  0%| F|  |TAMS 0x0000000783900000, 0x0000000783900000| Untracked 
|  58|0x0000000783a00000, 0x0000000783a00000, 0x0000000783b00000|  0%| F|  |TAMS 0x0000000783a00000, 0x0000000783a00000| Untracked 
|  59|0x0000000783b00000, 0x0000000783b00000, 0x0000000783c00000|  0%| F|  |TAMS 0x0000000783b00000, 0x0000000783b00000| Untracked 
|  60|0x0000000783c00000, 0x0000000783c00000, 0x0000000783d00000|  0%| F|  |TAMS 0x0000000783c00000, 0x0000000783c00000| Untracked 
|  61|0x0000000783d00000, 0x0000000783d00000, 0x0000000783e00000|  0%| F|  |TAMS 0x0000000783d00000, 0x0000000783d00000| Untracked 
|  62|0x0000000783e00000, 0x0000000783eb92a0, 0x0000000783f00000| 72%| S|CS|TAMS 0x0000000783e00000, 0x0000000783e00000| Complete 
|  63|0x0000000783f00000, 0x0000000784000000, 0x0000000784000000|100%| S|CS|TAMS 0x0000000783f00000, 0x0000000783f00000| Complete 
|  64|0x0000000784000000, 0x0000000784100000, 0x0000000784100000|100%| S|CS|TAMS 0x0000000784000000, 0x0000000784000000| Complete 
|  65|0x0000000784100000, 0x0000000784100000, 0x0000000784200000|  0%| F|  |TAMS 0x0000000784100000, 0x0000000784100000| Untracked 
|  66|0x0000000784200000, 0x0000000784200000, 0x0000000784300000|  0%| F|  |TAMS 0x0000000784200000, 0x0000000784200000| Untracked 
|  67|0x0000000784300000, 0x0000000784300000, 0x0000000784400000|  0%| F|  |TAMS 0x0000000784300000, 0x0000000784300000| Untracked 
|  68|0x0000000784400000, 0x0000000784400000, 0x0000000784500000|  0%| F|  |TAMS 0x0000000784400000, 0x0000000784400000| Untracked 
|  69|0x0000000784500000, 0x0000000784500000, 0x0000000784600000|  0%| F|  |TAMS 0x0000000784500000, 0x0000000784500000| Untracked 
|  70|0x0000000784600000, 0x0000000784600000, 0x0000000784700000|  0%| F|  |TAMS 0x0000000784600000, 0x0000000784600000| Untracked 
|  71|0x0000000784700000, 0x0000000784700000, 0x0000000784800000|  0%| F|  |TAMS 0x0000000784700000, 0x0000000784700000| Untracked 
|  72|0x0000000784800000, 0x0000000784800000, 0x0000000784900000|  0%| F|  |TAMS 0x0000000784800000, 0x0000000784800000| Untracked 
|  73|0x0000000784900000, 0x0000000784900000, 0x0000000784a00000|  0%| F|  |TAMS 0x0000000784900000, 0x0000000784900000| Untracked 
|  74|0x0000000784a00000, 0x0000000784a00000, 0x0000000784b00000|  0%| F|  |TAMS 0x0000000784a00000, 0x0000000784a00000| Untracked 
|  75|0x0000000784b00000, 0x0000000784c00000, 0x0000000784c00000|100%| E|  |TAMS 0x0000000784b00000, 0x0000000784b00000| Complete 
|  76|0x0000000784c00000, 0x0000000784d00000, 0x0000000784d00000|100%| E|CS|TAMS 0x0000000784c00000, 0x0000000784c00000| Complete 
|  77|0x0000000784d00000, 0x0000000784e00000, 0x0000000784e00000|100%| E|CS|TAMS 0x0000000784d00000, 0x0000000784d00000| Complete 
|  78|0x0000000784e00000, 0x0000000784f00000, 0x0000000784f00000|100%| E|CS|TAMS 0x0000000784e00000, 0x0000000784e00000| Complete 
|  79|0x0000000784f00000, 0x0000000785000000, 0x0000000785000000|100%| E|CS|TAMS 0x0000000784f00000, 0x0000000784f00000| Complete 
|  80|0x0000000785000000, 0x0000000785100000, 0x0000000785100000|100%| E|CS|TAMS 0x0000000785000000, 0x0000000785000000| Complete 
|  81|0x0000000785100000, 0x0000000785200000, 0x0000000785200000|100%| E|CS|TAMS 0x0000000785100000, 0x0000000785100000| Complete 
|  82|0x0000000785200000, 0x0000000785300000, 0x0000000785300000|100%| E|CS|TAMS 0x0000000785200000, 0x0000000785200000| Complete 
|  83|0x0000000785300000, 0x0000000785400000, 0x0000000785400000|100%| E|CS|TAMS 0x0000000785300000, 0x0000000785300000| Complete 
|  84|0x0000000785400000, 0x0000000785500000, 0x0000000785500000|100%| E|CS|TAMS 0x0000000785400000, 0x0000000785400000| Complete 
|  85|0x0000000785500000, 0x0000000785600000, 0x0000000785600000|100%| E|CS|TAMS 0x0000000785500000, 0x0000000785500000| Complete 
|  86|0x0000000785600000, 0x0000000785700000, 0x0000000785700000|100%| E|CS|TAMS 0x0000000785600000, 0x0000000785600000| Complete 
|  87|0x0000000785700000, 0x0000000785800000, 0x0000000785800000|100%| E|  |TAMS 0x0000000785700000, 0x0000000785700000| Complete 
|  88|0x0000000785800000, 0x0000000785900000, 0x0000000785900000|100%| E|CS|TAMS 0x0000000785800000, 0x0000000785800000| Complete 
|  89|0x0000000785900000, 0x0000000785a00000, 0x0000000785a00000|100%| E|CS|TAMS 0x0000000785900000, 0x0000000785900000| Complete 
|  90|0x0000000785a00000, 0x0000000785b00000, 0x0000000785b00000|100%| E|CS|TAMS 0x0000000785a00000, 0x0000000785a00000| Complete 
|  91|0x0000000785b00000, 0x0000000785c00000, 0x0000000785c00000|100%| E|CS|TAMS 0x0000000785b00000, 0x0000000785b00000| Complete 
|  92|0x0000000785c00000, 0x0000000785d00000, 0x0000000785d00000|100%| E|CS|TAMS 0x0000000785c00000, 0x0000000785c00000| Complete 
|  93|0x0000000785d00000, 0x0000000785e00000, 0x0000000785e00000|100%| E|CS|TAMS 0x0000000785d00000, 0x0000000785d00000| Complete 
|  94|0x0000000785e00000, 0x0000000785f00000, 0x0000000785f00000|100%| E|CS|TAMS 0x0000000785e00000, 0x0000000785e00000| Complete 
|  95|0x0000000785f00000, 0x0000000786000000, 0x0000000786000000|100%| E|CS|TAMS 0x0000000785f00000, 0x0000000785f00000| Complete 
|  96|0x0000000786000000, 0x0000000786100000, 0x0000000786100000|100%| E|CS|TAMS 0x0000000786000000, 0x0000000786000000| Complete 
|  97|0x0000000786100000, 0x0000000786200000, 0x0000000786200000|100%| E|CS|TAMS 0x0000000786100000, 0x0000000786100000| Complete 
|  98|0x0000000786200000, 0x0000000786300000, 0x0000000786300000|100%| E|CS|TAMS 0x0000000786200000, 0x0000000786200000| Complete 
|  99|0x0000000786300000, 0x0000000786400000, 0x0000000786400000|100%| E|CS|TAMS 0x0000000786300000, 0x0000000786300000| Complete 
| 100|0x0000000786400000, 0x0000000786500000, 0x0000000786500000|100%| E|CS|TAMS 0x0000000786400000, 0x0000000786400000| Complete 
| 101|0x0000000786500000, 0x0000000786600000, 0x0000000786600000|100%| E|CS|TAMS 0x0000000786500000, 0x0000000786500000| Complete 
| 102|0x0000000786600000, 0x0000000786700000, 0x0000000786700000|100%| E|CS|TAMS 0x0000000786600000, 0x0000000786600000| Complete 
| 103|0x0000000786700000, 0x0000000786800000, 0x0000000786800000|100%| E|CS|TAMS 0x0000000786700000, 0x0000000786700000| Complete 
| 104|0x0000000786800000, 0x0000000786900000, 0x0000000786900000|100%| E|CS|TAMS 0x0000000786800000, 0x0000000786800000| Complete 
| 105|0x0000000786900000, 0x0000000786a00000, 0x0000000786a00000|100%| E|CS|TAMS 0x0000000786900000, 0x0000000786900000| Complete 
| 106|0x0000000786a00000, 0x0000000786b00000, 0x0000000786b00000|100%| E|CS|TAMS 0x0000000786a00000, 0x0000000786a00000| Complete 
| 107|0x0000000786b00000, 0x0000000786c00000, 0x0000000786c00000|100%| E|CS|TAMS 0x0000000786b00000, 0x0000000786b00000| Complete 
| 108|0x0000000786c00000, 0x0000000786d00000, 0x0000000786d00000|100%| E|CS|TAMS 0x0000000786c00000, 0x0000000786c00000| Complete 
| 109|0x0000000786d00000, 0x0000000786e00000, 0x0000000786e00000|100%| E|CS|TAMS 0x0000000786d00000, 0x0000000786d00000| Complete 
| 110|0x0000000786e00000, 0x0000000786f00000, 0x0000000786f00000|100%| E|CS|TAMS 0x0000000786e00000, 0x0000000786e00000| Complete 
| 111|0x0000000786f00000, 0x0000000787000000, 0x0000000787000000|100%| E|CS|TAMS 0x0000000786f00000, 0x0000000786f00000| Complete 
| 112|0x0000000787000000, 0x0000000787100000, 0x0000000787100000|100%| E|CS|TAMS 0x0000000787000000, 0x0000000787000000| Complete 
| 113|0x0000000787100000, 0x0000000787200000, 0x0000000787200000|100%| E|CS|TAMS 0x0000000787100000, 0x0000000787100000| Complete 
| 114|0x0000000787200000, 0x0000000787300000, 0x0000000787300000|100%| E|CS|TAMS 0x0000000787200000, 0x0000000787200000| Complete 
| 115|0x0000000787300000, 0x0000000787400000, 0x0000000787400000|100%| E|CS|TAMS 0x0000000787300000, 0x0000000787300000| Complete 
| 116|0x0000000787400000, 0x0000000787500000, 0x0000000787500000|100%| E|CS|TAMS 0x0000000787400000, 0x0000000787400000| Complete 
| 117|0x0000000787500000, 0x0000000787600000, 0x0000000787600000|100%| E|CS|TAMS 0x0000000787500000, 0x0000000787500000| Complete 
| 118|0x0000000787600000, 0x0000000787700000, 0x0000000787700000|100%| E|CS|TAMS 0x0000000787600000, 0x0000000787600000| Complete 
| 119|0x0000000787700000, 0x0000000787800000, 0x0000000787800000|100%| E|CS|TAMS 0x0000000787700000, 0x0000000787700000| Complete 
| 120|0x0000000787800000, 0x0000000787900000, 0x0000000787900000|100%| E|CS|TAMS 0x0000000787800000, 0x0000000787800000| Complete 
| 121|0x0000000787900000, 0x0000000787a00000, 0x0000000787a00000|100%| E|CS|TAMS 0x0000000787900000, 0x0000000787900000| Complete 
| 122|0x0000000787a00000, 0x0000000787b00000, 0x0000000787b00000|100%| E|CS|TAMS 0x0000000787a00000, 0x0000000787a00000| Complete 
| 123|0x0000000787b00000, 0x0000000787c00000, 0x0000000787c00000|100%| E|CS|TAMS 0x0000000787b00000, 0x0000000787b00000| Complete 
| 124|0x0000000787c00000, 0x0000000787d00000, 0x0000000787d00000|100%| E|CS|TAMS 0x0000000787c00000, 0x0000000787c00000| Complete 
| 125|0x0000000787d00000, 0x0000000787e00000, 0x0000000787e00000|100%| E|CS|TAMS 0x0000000787d00000, 0x0000000787d00000| Complete 
| 126|0x0000000787e00000, 0x0000000787f00000, 0x0000000787f00000|100%| E|CS|TAMS 0x0000000787e00000, 0x0000000787e00000| Complete 
| 127|0x0000000787f00000, 0x0000000788000000, 0x0000000788000000|100%| E|CS|TAMS 0x0000000787f00000, 0x0000000787f00000| Complete 

Card table byte_map: [0x0000000120d3c000,0x000000012113c000] _byte_map_base: 0x000000011d13c000

Marking Bits (Prev, Next): (CMBitMap*) 0x00007ff3a902ba18, (CMBitMap*) 0x00007ff3a902ba50
 Prev Bits: [0x000000012153c000, 0x000000012353c000)
 Next Bits: [0x000000012353c000, 0x000000012553c000)

Polling page: 0x000000010bf47000

Metaspace:

Usage:
  Non-class:     41.05 MB capacity,    40.32 MB ( 98%) used,   622.70 KB (  1%) free+waste,   123.00 KB ( <1%) overhead. 
      Class:      6.32 MB capacity,     5.91 MB ( 93%) used,   362.23 KB (  6%) free+waste,    58.38 KB ( <1%) overhead. 
       Both:     47.37 MB capacity,    46.23 MB ( 98%) used,   984.93 KB (  2%) free+waste,   181.38 KB ( <1%) overhead. 

Virtual space:
  Non-class space:       42.00 MB reserved,      41.25 MB ( 98%) committed 
      Class space:        1.00 GB reserved,       6.38 MB ( <1%) committed 
             Both:        1.04 GB reserved,      47.62 MB (  4%) committed 

Chunk freelists:
   Non-Class:  3.00 KB
       Class:  0 bytes
        Both:  3.00 KB

MaxMetaspaceSize: unlimited
CompressedClassSpaceSize: 1.00 GB

CodeHeap 'non-profiled nmethods': size=120032Kb used=1403Kb max_used=1403Kb free=118628Kb
 bounds [0x0000000119404000, 0x0000000119674000, 0x000000012093c000]
CodeHeap 'profiled nmethods': size=120032Kb used=7956Kb max_used=7956Kb free=112075Kb
 bounds [0x0000000111ecc000, 0x000000011269c000, 0x0000000119404000]
CodeHeap 'non-nmethods': size=5696Kb used=2202Kb max_used=2240Kb free=3493Kb
 bounds [0x000000011193c000, 0x0000000111bac000, 0x0000000111ecc000]
 total_blobs=5452 nmethods=4675 adapters=689
 compilation: enabled
              stopped_count=0, restarted_count=0
 full_count=0

Compilation events (20 events):
Event: 12.233 Thread 0x00007ff3aa023800 4774       2       org.gradle.internal.time.MonotonicClock::getCurrentTime (70 bytes)
Event: 12.233 Thread 0x00007ff3aa023800 nmethod 4774 0x0000000112687c90 code [0x0000000112687e80, 0x0000000112688250]
Event: 12.233 Thread 0x00007ff3aa023800 4775       2       org.gradle.internal.time.MonotonicClock::syncIsDue (28 bytes)
Event: 12.234 Thread 0x00007ff3aa023800 nmethod 4775 0x0000000112688510 code [0x00000001126886c0, 0x0000000112688830]
Event: 12.234 Thread 0x00007ff3aa023800 4772       1       org.gradle.api.internal.collections.SortedSetElementSource::getMutationGuard (5 bytes)
Event: 12.234 Thread 0x00007ff3aa023800 nmethod 4772 0x0000000119562a90 code [0x0000000119562c40, 0x0000000119562cf0]
Event: 12.234 Thread 0x00007ff3aa023800 4778       2       org.gradle.internal.logging.events.ProgressCompleteEvent::getLogLevel (4 bytes)
Event: 12.234 Thread 0x00007ff3aa023800 nmethod 4778 0x0000000112688910 code [0x0000000112688ac0, 0x0000000112688bb0]
Event: 12.234 Thread 0x00007ff3aa023800 4777   !   2       com.google.common.cache.LocalCache$Segment::get (210 bytes)
Event: 12.236 Thread 0x00007ff3aa023800 nmethod 4777 0x0000000112688c90 code [0x0000000112689000, 0x0000000112689d10]
Event: 12.236 Thread 0x00007ff3aa023800 4779       2       java.util.LinkedHashMap::get (33 bytes)
Event: 12.236 Thread 0x00007ff3aa023800 nmethod 4779 0x000000011268a990 code [0x000000011268ab60, 0x000000011268ad40]
Event: 12.236 Thread 0x00007ff3aa023800 4780       2       sun.nio.fs.UnixPath::isAbsolute (25 bytes)
Event: 12.236 Thread 0x00007ff3aa023800 nmethod 4780 0x000000011268ae90 code [0x000000011268b040, 0x000000011268b190]
Event: 12.240 Thread 0x00007ff3aa023800 4781       2       java.util.stream.Collectors::toList (26 bytes)
Event: 12.241 Thread 0x00007ff3aa023800 nmethod 4781 0x000000011268b290 code [0x000000011268b460, 0x000000011268b600]
Event: 12.241 Thread 0x00007ff3aa023800 4782       2       java.util.stream.Collectors$$Lambda$62/0x0000000800139c40::get (8 bytes)
Event: 12.241 Thread 0x00007ff3aa023800 nmethod 4782 0x000000011268b710 code [0x000000011268b8c0, 0x000000011268ba70]
Event: 12.241 Thread 0x00007ff3aa023800 4783       2       sun.nio.fs.UnixPath::subpath (136 bytes)
Event: 12.241 Thread 0x00007ff3aa023800 nmethod 4783 0x000000011268bb10 code [0x000000011268bd40, 0x000000011268c490]

GC Heap History (16 events):
Event: 0.854 GC heap before
{Heap before GC invocations=0 (full 0):
 garbage-first heap   total 131072K, used 19456K [0x0000000780000000, 0x0000000800000000)
  region size 1024K, 14 young (14336K), 0 survivors (0K)
 Metaspace       used 6630K, capacity 6873K, committed 7168K, reserved 1056768K
  class space    used 571K, capacity 650K, committed 768K, reserved 1048576K
}
Event: 0.858 GC heap after
{Heap after GC invocations=1 (full 0):
 garbage-first heap   total 131072K, used 8377K [0x0000000780000000, 0x0000000800000000)
  region size 1024K, 2 young (2048K), 2 survivors (2048K)
 Metaspace       used 6630K, capacity 6873K, committed 7168K, reserved 1056768K
  class space    used 571K, capacity 650K, committed 768K, reserved 1048576K
}
Event: 1.566 GC heap before
{Heap before GC invocations=1 (full 0):
 garbage-first heap   total 131072K, used 20665K [0x0000000780000000, 0x0000000800000000)
  region size 1024K, 14 young (14336K), 2 survivors (2048K)
 Metaspace       used 10096K, capacity 10379K, committed 10624K, reserved 1058816K
  class space    used 1051K, capacity 1141K, committed 1152K, reserved 1048576K
}
Event: 1.569 GC heap after
{Heap after GC invocations=2 (full 0):
 garbage-first heap   total 131072K, used 9669K [0x0000000780000000, 0x0000000800000000)
  region size 1024K, 2 young (2048K), 2 survivors (2048K)
 Metaspace       used 10096K, capacity 10379K, committed 10624K, reserved 1058816K
  class space    used 1051K, capacity 1141K, committed 1152K, reserved 1048576K
}
Event: 2.501 GC heap before
{Heap before GC invocations=2 (full 0):
 garbage-first heap   total 131072K, used 44485K [0x0000000780000000, 0x0000000800000000)
  region size 1024K, 36 young (36864K), 2 survivors (2048K)
 Metaspace       used 11279K, capacity 11548K, committed 11904K, reserved 1060864K
  class space    used 1216K, capacity 1317K, committed 1408K, reserved 1048576K
}
Event: 2.505 GC heap after
{Heap after GC invocations=3 (full 0):
 garbage-first heap   total 131072K, used 14323K [0x0000000780000000, 0x0000000800000000)
  region size 1024K, 5 young (5120K), 5 survivors (5120K)
 Metaspace       used 11279K, capacity 11548K, committed 11904K, reserved 1060864K
  class space    used 1216K, capacity 1317K, committed 1408K, reserved 1048576K
}
Event: 5.033 GC heap before
{Heap before GC invocations=3 (full 0):
 garbage-first heap   total 131072K, used 66547K [0x0000000780000000, 0x0000000800000000)
  region size 1024K, 57 young (58368K), 5 survivors (5120K)
 Metaspace       used 20557K, capacity 21053K, committed 21248K, reserved 1067008K
  class space    used 2521K, capacity 2692K, committed 2816K, reserved 1048576K
}
Event: 5.041 GC heap after
{Heap after GC invocations=4 (full 0):
 garbage-first heap   total 131072K, used 17171K [0x0000000780000000, 0x0000000800000000)
  region size 1024K, 7 young (7168K), 7 survivors (7168K)
 Metaspace       used 20557K, capacity 21053K, committed 21248K, reserved 1067008K
  class space    used 2521K, capacity 2692K, committed 2816K, reserved 1048576K
}
Event: 6.314 GC heap before
{Heap before GC invocations=5 (full 0):
 garbage-first heap   total 131072K, used 77587K [0x0000000780000000, 0x0000000800000000)
  region size 1024K, 66 young (67584K), 7 survivors (7168K)
 Metaspace       used 26195K, capacity 26838K, committed 27008K, reserved 1073152K
  class space    used 3452K, capacity 3712K, committed 3712K, reserved 1048576K
}
Event: 6.324 GC heap after
{Heap after GC invocations=6 (full 0):
 garbage-first heap   total 131072K, used 19235K [0x0000000780000000, 0x0000000800000000)
  region size 1024K, 5 young (5120K), 5 survivors (5120K)
 Metaspace       used 26195K, capacity 26838K, committed 27008K, reserved 1073152K
  class space    used 3452K, capacity 3712K, committed 3712K, reserved 1048576K
}
Event: 7.948 GC heap before
{Heap before GC invocations=6 (full 0):
 garbage-first heap   total 131072K, used 70435K [0x0000000780000000, 0x0000000800000000)
  region size 1024K, 56 young (57344K), 5 survivors (5120K)
 Metaspace       used 34912K, capacity 35664K, committed 35840K, reserved 1081344K
  class space    used 4522K, capacity 4822K, committed 4864K, reserved 1048576K
}
Event: 7.965 GC heap after
{Heap after GC invocations=7 (full 0):
 garbage-first heap   total 131072K, used 22422K [0x0000000780000000, 0x0000000800000000)
  region size 1024K, 8 young (8192K), 8 survivors (8192K)
 Metaspace       used 34912K, capacity 35664K, committed 35840K, reserved 1081344K
  class space    used 4522K, capacity 4822K, committed 4864K, reserved 1048576K
}
Event: 9.096 GC heap before
{Heap before GC invocations=8 (full 0):
 garbage-first heap   total 131072K, used 90006K [0x0000000780000000, 0x0000000800000000)
  region size 1024K, 72 young (73728K), 8 survivors (8192K)
 Metaspace       used 39326K, capacity 40293K, committed 40576K, reserved 1085440K
  class space    used 5033K, capacity 5379K, committed 5504K, reserved 1048576K
}
Event: 9.115 GC heap after
{Heap after GC invocations=9 (full 0):
 garbage-first heap   total 131072K, used 27824K [0x0000000780000000, 0x0000000800000000)
  region size 1024K, 9 young (9216K), 9 survivors (9216K)
 Metaspace       used 39326K, capacity 40293K, committed 40576K, reserved 1085440K
  class space    used 5033K, capacity 5379K, committed 5504K, reserved 1048576K
}
Event: 10.586 GC heap before
{Heap before GC invocations=9 (full 0):
 garbage-first heap   total 131072K, used 93360K [0x0000000780000000, 0x0000000800000000)
  region size 1024K, 72 young (73728K), 9 survivors (9216K)
 Metaspace       used 44888K, capacity 46005K, committed 46208K, reserved 1089536K
  class space    used 5768K, capacity 6149K, committed 6272K, reserved 1048576K
}
Event: 10.600 GC heap after
{Heap after GC invocations=10 (full 0):
 garbage-first heap   total 131072K, used 29412K [0x0000000780000000, 0x0000000800000000)
  region size 1024K, 3 young (3072K), 3 survivors (3072K)
 Metaspace       used 44888K, capacity 46005K, committed 46208K, reserved 1089536K
  class space    used 5768K, capacity 6149K, committed 6272K, reserved 1048576K
}

Deoptimization events (20 events):
Event: 11.888 Thread 0x00007ff3ac08a000 DEOPT PACKING pc=0x0000000111f8234f sp=0x0000700005b92a90
Event: 11.888 Thread 0x00007ff3ac08a000 DEOPT UNPACKING pc=0x00000001119629ba sp=0x0000700005b91f20 mode 0
Event: 11.889 Thread 0x00007ff3ac08a000 DEOPT PACKING pc=0x0000000111f8232e sp=0x0000700005b92a90
Event: 11.889 Thread 0x00007ff3ac08a000 DEOPT UNPACKING pc=0x00000001119629ba sp=0x0000700005b91f20 mode 0
Event: 11.912 Thread 0x00007ff3ac08a000 DEOPT PACKING pc=0x0000000111f78a61 sp=0x0000700005b925d0
Event: 11.912 Thread 0x00007ff3ac08a000 DEOPT UNPACKING pc=0x00000001119629ba sp=0x0000700005b91b00 mode 0
Event: 11.961 Thread 0x00007ff3ac08a000 DEOPT PACKING pc=0x0000000111f8232e sp=0x0000700005b929b0
Event: 11.961 Thread 0x00007ff3ac08a000 DEOPT UNPACKING pc=0x00000001119629ba sp=0x0000700005b91e40 mode 0
Event: 12.002 Thread 0x00007ff3ac08a000 DEOPT PACKING pc=0x0000000111f8232e sp=0x0000700005b929b0
Event: 12.002 Thread 0x00007ff3ac08a000 DEOPT UNPACKING pc=0x00000001119629ba sp=0x0000700005b91e40 mode 0
Event: 12.179 Thread 0x00007ff3a9aa3000 DEOPT PACKING pc=0x00000001121af573 sp=0x0000700005ea5460
Event: 12.179 Thread 0x00007ff3a9aa3000 DEOPT UNPACKING pc=0x00000001119629ba sp=0x0000700005ea4968 mode 0
Event: 12.179 Thread 0x00007ff3a9aa3000 DEOPT PACKING pc=0x00000001121afd50 sp=0x0000700005ea53e0
Event: 12.179 Thread 0x00007ff3a9aa3000 DEOPT UNPACKING pc=0x00000001119629ba sp=0x0000700005ea4900 mode 0
Event: 12.180 Thread 0x00007ff3a9aa3000 DEOPT PACKING pc=0x00000001121b123e sp=0x0000700005ea55c0
Event: 12.180 Thread 0x00007ff3a9aa3000 DEOPT UNPACKING pc=0x00000001119629ba sp=0x0000700005ea4af8 mode 0
Event: 12.228 Thread 0x00007ff3ac08a000 Uncommon trap: trap_request=0xffffff4d fr.pc=0x000000011953867c relative=0x00000000000002bc
Event: 12.228 Thread 0x00007ff3ac08a000 Uncommon trap: reason=unstable_if action=reinterpret pc=0x000000011953867c method=java.util.HashMap.getNode(ILjava/lang/Object;)Ljava/util/HashMap$Node; @ 53 c2
Event: 12.228 Thread 0x00007ff3ac08a000 DEOPT PACKING pc=0x000000011953867c sp=0x0000700005b98d00
Event: 12.228 Thread 0x00007ff3ac08a000 DEOPT UNPACKING pc=0x0000000111962ba5 sp=0x0000700005b98c40 mode 2

Classes redefined (0 events):
No events

Internal exceptions (20 events):
Event: 12.012 Thread 0x00007ff3ac08a000 Exception <a 'java/lang/ClassNotFoundException'{0x0000000785398268}: org/gradle/api/internal/project/DefaultProject_DecoratedCustomizer> (0x0000000785398268) thrown at [src/hotspot/share/classfile/systemDictionary.cpp, line 231]
Event: 12.103 Thread 0x00007ff3ac08a000 Exception <a 'java/lang/ClassNotFoundException'{0x00000007850c9b78}: org/gradle/api/tasks/Delete_DecoratedBeanInfo> (0x00000007850c9b78) thrown at [src/hotspot/share/classfile/systemDictionary.cpp, line 231]
Event: 12.105 Thread 0x00007ff3ac08a000 Exception <a 'java/lang/ClassNotFoundException'{0x00000007850f59f8}: org/gradle/api/tasks/DeleteBeanInfo> (0x00000007850f59f8) thrown at [src/hotspot/share/classfile/systemDictionary.cpp, line 231]
Event: 12.108 Thread 0x00007ff3ac08a000 Exception <a 'java/lang/ClassNotFoundException'{0x0000000784f24ca0}: org/gradle/api/internal/ConventionTaskBeanInfo> (0x0000000784f24ca0) thrown at [src/hotspot/share/classfile/systemDictionary.cpp, line 231]
Event: 12.110 Thread 0x00007ff3ac08a000 Exception <a 'java/lang/ClassNotFoundException'{0x0000000784f4fda0}: org/gradle/api/DefaultTaskBeanInfo> (0x0000000784f4fda0) thrown at [src/hotspot/share/classfile/systemDictionary.cpp, line 231]
Event: 12.111 Thread 0x00007ff3ac08a000 Exception <a 'java/lang/ClassNotFoundException'{0x0000000784f7f698}: org/gradle/api/internal/AbstractTaskBeanInfo> (0x0000000784f7f698) thrown at [src/hotspot/share/classfile/systemDictionary.cpp, line 231]
Event: 12.112 Thread 0x00007ff3ac08a000 Exception <a 'java/lang/ClassNotFoundException'{0x0000000784faf140}: org/gradle/api/internal/AbstractTaskCustomizer> (0x0000000784faf140) thrown at [src/hotspot/share/classfile/systemDictionary.cpp, line 231]
Event: 12.123 Thread 0x00007ff3ac08a000 Exception <a 'java/lang/ClassNotFoundException'{0x0000000784e232f0}: org/gradle/api/DefaultTaskCustomizer> (0x0000000784e232f0) thrown at [src/hotspot/share/classfile/systemDictionary.cpp, line 231]
Event: 12.131 Thread 0x00007ff3ac08a000 Exception <a 'java/lang/ClassNotFoundException'{0x0000000784ea6dc8}: org/gradle/api/internal/ConventionTaskCustomizer> (0x0000000784ea6dc8) thrown at [src/hotspot/share/classfile/systemDictionary.cpp, line 231]
Event: 12.134 Thread 0x00007ff3ac08a000 Exception <a 'java/lang/ClassNotFoundException'{0x0000000784ee1770}: org/gradle/api/tasks/DeleteCustomizer> (0x0000000784ee1770) thrown at [src/hotspot/share/classfile/systemDictionary.cpp, line 231]
Event: 12.136 Thread 0x00007ff3ac08a000 Exception <a 'java/lang/ClassNotFoundException'{0x0000000784d23c88}: org/gradle/api/tasks/Delete_DecoratedCustomizer> (0x0000000784d23c88) thrown at [src/hotspot/share/classfile/systemDictionary.cpp, line 231]
Event: 12.173 Thread 0x00007ff3ac08a000 Exception <a 'java/lang/NoSuchMethodError'{0x0000000784c3bcf8}: 'long java.lang.invoke.DirectMethodHandle$Holder.invokeVirtual(java.lang.Object, java.lang.Object)'> (0x0000000784c3bcf8) thrown at [src/hotspot/share/interpreter/linkResolver.cpp, line 773]
Event: 12.178 Thread 0x00007ff3a9aa3000 Exception <a 'java/lang/NoSuchMethodError'{0x0000000787f09728}: <clinit>> (0x0000000787f09728) thrown at [src/hotspot/share/prims/jni.cpp, line 1362]
Event: 12.181 Thread 0x00007ff3a9aa3000 Exception <a 'java/lang/NoSuchMethodError'{0x0000000784c9cdc8}: <clinit>> (0x0000000784c9cdc8) thrown at [src/hotspot/share/prims/jni.cpp, line 1362]
Event: 12.182 Thread 0x00007ff3a9aa3000 Exception <a 'java/lang/NoSuchMethodError'{0x0000000784c9ded8}: <clinit>> (0x0000000784c9ded8) thrown at [src/hotspot/share/prims/jni.cpp, line 1362]
Event: 12.182 Thread 0x00007ff3a9aa3000 Exception <a 'java/lang/NoSuchMethodError'{0x0000000784c9f1e0}: <clinit>> (0x0000000784c9f1e0) thrown at [src/hotspot/share/prims/jni.cpp, line 1362]
Event: 12.182 Thread 0x00007ff3a9aa3000 Exception <a 'java/lang/NoSuchMethodError'{0x0000000784ca0200}: <clinit>> (0x0000000784ca0200) thrown at [src/hotspot/share/prims/jni.cpp, line 1362]
Event: 12.183 Thread 0x00007ff3a9aa3000 Exception <a 'java/lang/NoSuchMethodError'{0x0000000784caa0a8}: <clinit>> (0x0000000784caa0a8) thrown at [src/hotspot/share/prims/jni.cpp, line 1362]
Event: 12.184 Thread 0x00007ff3a9aa3000 Exception <a 'java/lang/NoSuchMethodError'{0x0000000784cb4528}: <clinit>> (0x0000000784cb4528) thrown at [src/hotspot/share/prims/jni.cpp, line 1362]
Event: 12.185 Thread 0x00007ff3a9aa3000 Exception <a 'java/lang/NoSuchMethodError'{0x0000000784cc7fd8}: <clinit>> (0x0000000784cc7fd8) thrown at [src/hotspot/share/prims/jni.cpp, line 1362]

Events (20 events):
Event: 12.172 loading class org/gradle/configuration/project/ConfigureProjectBuildOperationType
Event: 12.172 loading class org/gradle/configuration/project/ConfigureProjectBuildOperationType done
Event: 12.172 loading class org/gradle/configuration/project/ConfigureProjectBuildOperationType$Result
Event: 12.172 loading class org/gradle/configuration/project/ConfigureProjectBuildOperationType$Result done
Event: 12.172 loading class org/gradle/configuration/project/ConfigureProjectBuildOperationType$1
Event: 12.172 loading class org/gradle/configuration/project/ConfigureProjectBuildOperationType$1 done
Event: 12.173 loading class org/gradle/tooling/internal/provider/runner/ClientForwardingProjectConfigurationOperationListener$PluginApplicationResult
Event: 12.173 loading class org/gradle/tooling/internal/provider/runner/ClientForwardingProjectConfigurationOperationListener$PluginApplicationResult done
Event: 12.173 loading class org/gradle/tooling/internal/protocol/events/InternalProjectConfigurationResult$InternalPluginApplicationResult
Event: 12.173 loading class org/gradle/tooling/internal/protocol/events/InternalProjectConfigurationResult$InternalPluginApplicationResult done
Event: 12.173 loading class org/gradle/tooling/internal/provider/runner/ClientForwardingProjectConfigurationOperationListener$PluginApplicationResult
Event: 12.173 loading class org/gradle/tooling/internal/provider/runner/ClientForwardingProjectConfigurationOperationListener$PluginApplicationResult done
Event: 12.174 loading class org/gradle/internal/build/event/types/DefaultPluginApplicationResult
Event: 12.174 loading class org/gradle/internal/build/event/types/DefaultPluginApplicationResult done
Event: 12.174 loading class org/gradle/internal/build/event/types/DefaultOperationFinishedProgressEvent
Event: 12.174 loading class org/gradle/internal/build/event/types/DefaultOperationFinishedProgressEvent done
Event: 12.185 loading class java/time/Ser
Event: 12.185 loading class java/time/Ser done
Event: 12.198 loading class org/gradle/internal/Factory
Event: 12.198 loading class org/gradle/internal/Factory done


Dynamic libraries:
0x00007fff2eb51000 	/System/Library/Frameworks/Cocoa.framework/Versions/A/Cocoa
0x00007fff3c36c000 	/System/Library/Frameworks/Security.framework/Versions/A/Security
0x00007fff2dab7000 	/System/Library/Frameworks/ApplicationServices.framework/Versions/A/ApplicationServices
0x000000010beb7000 	/Applications/Android Studio.app/Contents/jre/Contents/Home/lib/jli/libjli.dylib
0x00007fff66c56000 	/usr/lib/libSystem.B.dylib
0x00007fff2cca9000 	/System/Library/Frameworks/AppKit.framework/Versions/C/AppKit
0x00007fff2f4d5000 	/System/Library/Frameworks/CoreData.framework/Versions/A/CoreData
0x00007fff320b3000 	/System/Library/Frameworks/Foundation.framework/Versions/C/Foundation
0x00007fff60c43000 	/System/Library/PrivateFrameworks/UIFoundation.framework/Versions/A/UIFoundation
0x00007fff5bcd7000 	/System/Library/PrivateFrameworks/RemoteViewServices.framework/Versions/A/RemoteViewServices
0x00007fff637c6000 	/System/Library/PrivateFrameworks/XCTTargetBootstrap.framework/Versions/A/XCTTargetBootstrap
0x00007fff2f8c0000 	/System/Library/Frameworks/CoreDisplay.framework/Versions/A/CoreDisplay
0x00007fff34f6e000 	/System/Library/Frameworks/Metal.framework/Versions/A/Metal
0x00007fff49b67000 	/System/Library/PrivateFrameworks/DesktopServicesPriv.framework/Versions/A/DesktopServicesPriv
0x00007fff67d93000 	/usr/lib/liblangid.dylib
0x00007fff48dfc000 	/System/Library/PrivateFrameworks/CoreSVG.framework/Versions/A/CoreSVG
0x00007fff5ee33000 	/System/Library/PrivateFrameworks/SkyLight.framework/Versions/A/SkyLight
0x00007fff2fe76000 	/System/Library/Frameworks/CoreGraphics.framework/Versions/A/CoreGraphics
0x00007fff2b67d000 	/System/Library/Frameworks/Accelerate.framework/Versions/A/Accelerate
0x00007fff69085000 	/usr/lib/libxml2.2.dylib
0x00007fff54b09000 	/System/Library/PrivateFrameworks/IconServices.framework/Versions/A/IconServices
0x00007fff32892000 	/System/Library/Frameworks/IOSurface.framework/Versions/A/IOSurface
0x00007fff66780000 	/usr/lib/libDiagnosticMessagesClient.dylib
0x00007fff69194000 	/usr/lib/libz.1.dylib
0x00007fff499c1000 	/System/Library/PrivateFrameworks/DFRFoundation.framework/Versions/A/DFRFoundation
0x00007fff67b22000 	/usr/lib/libicucore.A.dylib
0x00007fff2dde9000 	/System/Library/Frameworks/AudioToolbox.framework/Versions/A/AudioToolbox
0x00007fff2decc000 	/System/Library/Frameworks/AudioUnit.framework/Versions/A/AudioUnit
0x00007fff66e58000 	/usr/lib/libauto.dylib
0x00007fff49a63000 	/System/Library/PrivateFrameworks/DataDetectorsCore.framework/Versions/A/DataDetectorsCore
0x00007fff2e672000 	/System/Library/Frameworks/Carbon.framework/Versions/A/Frameworks/HIToolbox.framework/Versions/A/HIToolbox
0x00007fff3b565000 	/System/Library/Frameworks/QuartzCore.framework/Versions/A/QuartzCore
0x00007fff2e9b1000 	/System/Library/Frameworks/Carbon.framework/Versions/A/Frameworks/SpeechRecognition.framework/Versions/A/SpeechRecognition
0x00007fff494d5000 	/System/Library/PrivateFrameworks/CoreUI.framework/Versions/A/CoreUI
0x00007fff2ef40000 	/System/Library/Frameworks/CoreAudio.framework/Versions/A/CoreAudio
0x00007fff31d72000 	/System/Library/Frameworks/DiskArbitration.framework/Versions/A/DiskArbitration
0x00007fff56cb0000 	/System/Library/PrivateFrameworks/MultitouchSupport.framework/Versions/A/MultitouchSupport
0x00007fff679e7000 	/usr/lib/libenergytrace.dylib
0x00007fff327ec000 	/System/Library/Frameworks/IOKit.framework/Versions/A/IOKit
0x00007fff30ddd000 	/System/Library/Frameworks/CoreServices.framework/Versions/A/CoreServices
0x00007fff58e6a000 	/System/Library/PrivateFrameworks/PerformanceAnalysis.framework/Versions/A/PerformanceAnalysis
0x00007fff3a598000 	/System/Library/Frameworks/OpenGL.framework/Versions/A/OpenGL
0x00007fff68ab8000 	/usr/lib/libobjc.A.dylib
0x00007fff2eb5f000 	/System/Library/Frameworks/ColorSync.framework/Versions/A/ColorSync
0x00007fff2f9f3000 	/System/Library/Frameworks/CoreFoundation.framework/Versions/A/CoreFoundation
0x00007fff304f9000 	/System/Library/Frameworks/CoreImage.framework/Versions/A/CoreImage
0x00007fff31851000 	/System/Library/Frameworks/CoreText.framework/Versions/A/CoreText
0x00007fff32922000 	/System/Library/Frameworks/ImageIO.framework/Versions/A/ImageIO
0x00007fff66f3c000 	/usr/lib/libc++.1.dylib
0x00007fff66fb8000 	/usr/lib/libcompression.dylib
0x00007fff66ac4000 	/usr/lib/libMobileGestalt.dylib
0x00007fff609ad000 	/System/Library/PrivateFrameworks/TextureIO.framework/Versions/A/TextureIO
0x00007fff66dbb000 	/usr/lib/libate.dylib
0x00007fff54d12000 	/System/Library/PrivateFrameworks/InternationalSupport.framework/Versions/A/InternationalSupport
0x00007fff69a55000 	/usr/lib/system/libcache.dylib
0x00007fff69a5b000 	/usr/lib/system/libcommonCrypto.dylib
0x00007fff69a67000 	/usr/lib/system/libcompiler_rt.dylib
0x00007fff69a6f000 	/usr/lib/system/libcopyfile.dylib
0x00007fff69a79000 	/usr/lib/system/libcorecrypto.dylib
0x00007fff69c18000 	/usr/lib/system/libdispatch.dylib
0x00007fff69c59000 	/usr/lib/system/libdyld.dylib
0x00007fff69c90000 	/usr/lib/system/libkeymgr.dylib
0x00007fff69c9e000 	/usr/lib/system/liblaunch.dylib
0x00007fff69c9f000 	/usr/lib/system/libmacho.dylib
0x00007fff69ca5000 	/usr/lib/system/libquarantine.dylib
0x00007fff69ca8000 	/usr/lib/system/libremovefile.dylib
0x00007fff69caa000 	/usr/lib/system/libsystem_asl.dylib
0x00007fff69cc2000 	/usr/lib/system/libsystem_blocks.dylib
0x00007fff69cc3000 	/usr/lib/system/libsystem_c.dylib
0x00007fff69d4b000 	/usr/lib/system/libsystem_configuration.dylib
0x00007fff69d4f000 	/usr/lib/system/libsystem_coreservices.dylib
0x00007fff69d53000 	/usr/lib/system/libsystem_darwin.dylib
0x00007fff69d5c000 	/usr/lib/system/libsystem_dnssd.dylib
0x00007fff69d64000 	/usr/lib/system/libsystem_featureflags.dylib
0x00007fff69d66000 	/usr/lib/system/libsystem_info.dylib
0x00007fff69de1000 	/usr/lib/system/libsystem_m.dylib
0x00007fff69e29000 	/usr/lib/system/libsystem_malloc.dylib
0x00007fff69e51000 	/usr/lib/system/libsystem_networkextension.dylib
0x00007fff69e5f000 	/usr/lib/system/libsystem_notify.dylib
0x00007fff69e7d000 	/usr/lib/system/libsystem_sandbox.dylib
0x00007fff69e82000 	/usr/lib/system/libsystem_secinit.dylib
0x00007fff69db4000 	/usr/lib/system/libsystem_kernel.dylib
0x00007fff69e69000 	/usr/lib/system/libsystem_platform.dylib
0x00007fff69e72000 	/usr/lib/system/libsystem_pthread.dylib
0x00007fff69e85000 	/usr/lib/system/libsystem_symptoms.dylib
0x00007fff69e8d000 	/usr/lib/system/libsystem_trace.dylib
0x00007fff69ea5000 	/usr/lib/system/libunwind.dylib
0x00007fff69eab000 	/usr/lib/system/libxpc.dylib
0x00007fff66f8f000 	/usr/lib/libc++abi.dylib
0x00007fff67d95000 	/usr/lib/liblzma.5.dylib
0x00007fff67a10000 	/usr/lib/libfakelink.dylib
0x00007fff66d48000 	/usr/lib/libarchive.2.dylib
0x00007fff3d41f000 	/System/Library/Frameworks/SystemConfiguration.framework/Versions/A/SystemConfiguration
0x00007fff666b3000 	/usr/lib/libCRFSuite.dylib
0x00007fff2e263000 	/System/Library/Frameworks/CFNetwork.framework/Versions/A/CFNetwork
0x00007fff66f1e000 	/usr/lib/libbsm.0.dylib
0x00007fff69c91000 	/usr/lib/system/libkxld.dylib
0x00007fff4333b000 	/System/Library/PrivateFrameworks/AppleFSCompression.framework/Versions/A/AppleFSCompression
0x00007fff672a9000 	/usr/lib/libcoretls.dylib
0x00007fff672c0000 	/usr/lib/libcoretls_cfhelpers.dylib
0x00007fff68afe000 	/usr/lib/libpam.2.dylib
0x00007fff68c33000 	/usr/lib/libsqlite3.dylib
0x00007fff69072000 	/usr/lib/libxar.1.dylib
0x00007fff66f2f000 	/usr/lib/libbz2.1.0.dylib
0x00007fff67a31000 	/usr/lib/libiconv.2.dylib
0x00007fff66fa5000 	/usr/lib/libcharset.1.dylib
0x00007fff6859b000 	/usr/lib/libnetwork.dylib
0x00007fff68b05000 	/usr/lib/libpcap.A.dylib
0x00007fff66cfd000 	/usr/lib/libapple_nghttp2.dylib
0x00007fff31194000 	/System/Library/Frameworks/CoreServices.framework/Versions/A/Frameworks/FSEvents.framework/Versions/A/FSEvents
0x00007fff30e64000 	/System/Library/Frameworks/CoreServices.framework/Versions/A/Frameworks/CarbonCore.framework/Versions/A/CarbonCore
0x00007fff313d9000 	/System/Library/Frameworks/CoreServices.framework/Versions/A/Frameworks/Metadata.framework/Versions/A/Metadata
0x00007fff31472000 	/System/Library/Frameworks/CoreServices.framework/Versions/A/Frameworks/OSServices.framework/Versions/A/OSServices
0x00007fff314a0000 	/System/Library/Frameworks/CoreServices.framework/Versions/A/Frameworks/SearchKit.framework/Versions/A/SearchKit
0x00007fff30dde000 	/System/Library/Frameworks/CoreServices.framework/Versions/A/Frameworks/AE.framework/Versions/A/AE
0x00007fff3119d000 	/System/Library/Frameworks/CoreServices.framework/Versions/A/Frameworks/LaunchServices.framework/Versions/A/LaunchServices
0x00007fff31146000 	/System/Library/Frameworks/CoreServices.framework/Versions/A/Frameworks/DictionaryServices.framework/Versions/A/DictionaryServices
0x00007fff31508000 	/System/Library/Frameworks/CoreServices.framework/Versions/A/Frameworks/SharedFileList.framework/Versions/A/SharedFileList
0x00007fff363b7000 	/System/Library/Frameworks/NetFS.framework/Versions/A/NetFS
0x00007fff571e0000 	/System/Library/PrivateFrameworks/NetAuth.framework/Versions/A/NetAuth
0x00007fff63b93000 	/System/Library/PrivateFrameworks/login.framework/Versions/A/Frameworks/loginsupport.framework/Versions/A/loginsupport
0x00007fff60478000 	/System/Library/PrivateFrameworks/TCC.framework/Versions/A/TCC
0x00007fff47f6f000 	/System/Library/PrivateFrameworks/CoreNLP.framework/Versions/A/CoreNLP
0x00007fff56586000 	/System/Library/PrivateFrameworks/MetadataUtilities.framework/Versions/A/MetadataUtilities
0x00007fff67e6d000 	/usr/lib/libmecabra.dylib
0x00007fff67dc5000 	/usr/lib/libmecab.dylib
0x00007fff67a21000 	/usr/lib/libgermantok.dylib
0x00007fff66ce4000 	/usr/lib/libThaiTokenizer.dylib
0x00007fff666ea000 	/usr/lib/libChineseTokenizer.dylib
0x00007fff2b695000 	/System/Library/Frameworks/Accelerate.framework/Versions/A/Frameworks/vImage.framework/Versions/A/vImage
0x00007fff2caff000 	/System/Library/Frameworks/Accelerate.framework/Versions/A/Frameworks/vecLib.framework/Versions/A/vecLib
0x00007fff2ca3c000 	/System/Library/Frameworks/Accelerate.framework/Versions/A/Frameworks/vecLib.framework/Versions/A/libvMisc.dylib
0x00007fff2c864000 	/System/Library/Frameworks/Accelerate.framework/Versions/A/Frameworks/vecLib.framework/Versions/A/libvDSP.dylib
0x00007fff2bcec000 	/System/Library/Frameworks/Accelerate.framework/Versions/A/Frameworks/vecLib.framework/Versions/A/libBLAS.dylib
0x00007fff2c428000 	/System/Library/Frameworks/Accelerate.framework/Versions/A/Frameworks/vecLib.framework/Versions/A/libLAPACK.dylib
0x00007fff2c7c4000 	/System/Library/Frameworks/Accelerate.framework/Versions/A/Frameworks/vecLib.framework/Versions/A/libLinearAlgebra.dylib
0x00007fff2c851000 	/System/Library/Frameworks/Accelerate.framework/Versions/A/Frameworks/vecLib.framework/Versions/A/libSparseBLAS.dylib
0x00007fff2c7da000 	/System/Library/Frameworks/Accelerate.framework/Versions/A/Frameworks/vecLib.framework/Versions/A/libQuadrature.dylib
0x00007fff2bf54000 	/System/Library/Frameworks/Accelerate.framework/Versions/A/Frameworks/vecLib.framework/Versions/A/libBNNS.dylib
0x00007fff2c7e0000 	/System/Library/Frameworks/Accelerate.framework/Versions/A/Frameworks/vecLib.framework/Versions/A/libSparse.dylib
0x00007fff550fa000 	/System/Library/PrivateFrameworks/LanguageModeling.framework/Versions/A/LanguageModeling
0x00007fff4791e000 	/System/Library/PrivateFrameworks/CoreEmoji.framework/Versions/A/CoreEmoji
0x00007fff55218000 	/System/Library/PrivateFrameworks/LinguisticData.framework/Versions/A/LinguisticData
0x00007fff551c9000 	/System/Library/PrivateFrameworks/Lexicon.framework/Versions/A/Lexicon
0x00007fff66fa6000 	/usr/lib/libcmph.dylib
0x00007fff38fa6000 	/System/Library/Frameworks/OpenDirectory.framework/Versions/A/Frameworks/CFOpenDirectory.framework/Versions/A/CFOpenDirectory
0x00007fff38fc3000 	/System/Library/Frameworks/OpenDirectory.framework/Versions/A/OpenDirectory
0x00007fff41409000 	/System/Library/PrivateFrameworks/APFS.framework/Versions/A/APFS
0x00007fff3c6b8000 	/System/Library/Frameworks/SecurityFoundation.framework/Versions/A/SecurityFoundation
0x00007fff6906e000 	/usr/lib/libutil.dylib
0x00007fff48e54000 	/System/Library/PrivateFrameworks/CoreServicesStore.framework/Versions/A/CoreServicesStore
0x00007fff3c76f000 	/System/Library/Frameworks/ServiceManagement.framework/Versions/A/ServiceManagement
0x00007fff44b0c000 	/System/Library/PrivateFrameworks/BackgroundTaskManagement.framework/Versions/A/BackgroundTaskManagement
0x00007fff6916b000 	/usr/lib/libxslt.1.dylib
0x00007fff439ae000 	/System/Library/PrivateFrameworks/AppleSystemInfo.framework/Versions/A/AppleSystemInfo
0x00007fff32b3f000 	/System/Library/Frameworks/ImageIO.framework/Versions/A/Resources/libJPEG.dylib
0x00007fff32dfc000 	/System/Library/Frameworks/ImageIO.framework/Versions/A/Resources/libTIFF.dylib
0x00007fff32ddf000 	/System/Library/Frameworks/ImageIO.framework/Versions/A/Resources/libPng.dylib
0x00007fff32a81000 	/System/Library/Frameworks/ImageIO.framework/Versions/A/Resources/libGIF.dylib
0x00007fff32a85000 	/System/Library/Frameworks/ImageIO.framework/Versions/A/Resources/libJP2.dylib
0x00007fff32dfa000 	/System/Library/Frameworks/ImageIO.framework/Versions/A/Resources/libRadiance.dylib
0x00007fff679e8000 	/usr/lib/libexpat.1.dylib
0x00007fff43496000 	/System/Library/PrivateFrameworks/AppleJPEG.framework/Versions/A/AppleJPEG
0x00007fff4c16a000 	/System/Library/PrivateFrameworks/FontServices.framework/libFontParser.dylib
0x00007fff62b95000 	/System/Library/PrivateFrameworks/WatchdogClient.framework/Versions/A/WatchdogClient
0x00007fff54755000 	/System/Library/PrivateFrameworks/IOAccelerator.framework/Versions/A/IOAccelerator
0x00007fff35309000 	/System/Library/Frameworks/MetalPerformanceShaders.framework/Versions/A/MetalPerformanceShaders
0x00007fff50ee5000 	/System/Library/PrivateFrameworks/GPUWrangler.framework/Versions/A/GPUWrangler
0x00007fff5476a000 	/System/Library/PrivateFrameworks/IOPresentment.framework/Versions/A/IOPresentment
0x00007fff499d4000 	/System/Library/PrivateFrameworks/DSExternalDisplay.framework/Versions/A/DSExternalDisplay
0x00007fff39937000 	/System/Library/Frameworks/OpenGL.framework/Versions/A/Libraries/libCoreFSCache.dylib
0x00007fff35055000 	/System/Library/Frameworks/MetalPerformanceShaders.framework/Frameworks/MPSCore.framework/Versions/A/MPSCore
0x00007fff35093000 	/System/Library/Frameworks/MetalPerformanceShaders.framework/Frameworks/MPSImage.framework/Versions/A/MPSImage
0x00007fff3515a000 	/System/Library/Frameworks/MetalPerformanceShaders.framework/Frameworks/MPSNeuralNetwork.framework/Versions/A/MPSNeuralNetwork
0x00007fff3511e000 	/System/Library/Frameworks/MetalPerformanceShaders.framework/Frameworks/MPSMatrix.framework/Versions/A/MPSMatrix
0x00007fff352b9000 	/System/Library/Frameworks/MetalPerformanceShaders.framework/Frameworks/MPSRayIntersector.framework/Versions/A/MPSRayIntersector
0x00007fff35144000 	/System/Library/Frameworks/MetalPerformanceShaders.framework/Frameworks/MPSNDArray.framework/Versions/A/MPSNDArray
0x00007fff565d3000 	/System/Library/PrivateFrameworks/MetalTools.framework/Versions/A/MetalTools
0x00007fff425e3000 	/System/Library/PrivateFrameworks/AggregateDictionary.framework/Versions/A/AggregateDictionary
0x00007fff47366000 	/System/Library/PrivateFrameworks/CoreAnalytics.framework/Versions/A/CoreAnalytics
0x00007fff438cd000 	/System/Library/PrivateFrameworks/AppleSauce.framework/Versions/A/AppleSauce
0x00007fff669a6000 	/usr/lib/libIOReport.dylib
0x00007fff31a09000 	/System/Library/Frameworks/CoreVideo.framework/Versions/A/CoreVideo
0x00007fff5235e000 	/System/Library/PrivateFrameworks/GraphVisualizer.framework/Versions/A/GraphVisualizer
0x00007fff4b6b0000 	/System/Library/PrivateFrameworks/FaceCore.framework/Versions/A/FaceCore
0x00007fff38f4d000 	/System/Library/Frameworks/OpenCL.framework/Versions/A/OpenCL
0x00007fff667c8000 	/usr/lib/libFosl_dynamic.dylib
0x00007fff57c01000 	/System/Library/PrivateFrameworks/OTSVG.framework/Versions/A/OTSVG
0x00007fff2dbbc000 	/System/Library/Frameworks/ApplicationServices.framework/Versions/A/Frameworks/ATS.framework/Versions/A/Resources/libFontRegistry.dylib
0x00007fff4c339000 	/System/Library/PrivateFrameworks/FontServices.framework/libhvf.dylib
0x00007fff39942000 	/System/Library/Frameworks/OpenGL.framework/Versions/A/Libraries/libGFXShared.dylib
0x00007fff39b20000 	/System/Library/Frameworks/OpenGL.framework/Versions/A/Libraries/libGLU.dylib
0x00007fff3994b000 	/System/Library/Frameworks/OpenGL.framework/Versions/A/Libraries/libGL.dylib
0x00007fff39956000 	/System/Library/Frameworks/OpenGL.framework/Versions/A/Libraries/libGLImage.dylib
0x00007fff39934000 	/System/Library/Frameworks/OpenGL.framework/Versions/A/Libraries/libCVMSPluginSupport.dylib
0x00007fff3993d000 	/System/Library/Frameworks/OpenGL.framework/Versions/A/Libraries/libCoreVMClient.dylib
0x00007fff6843c000 	/usr/lib/libncurses.5.4.dylib
0x00007fff2dab8000 	/System/Library/Frameworks/ApplicationServices.framework/Versions/A/Frameworks/ATS.framework/Versions/A/ATS
0x00007fff2dc85000 	/System/Library/Frameworks/ApplicationServices.framework/Versions/A/Frameworks/ColorSyncLegacy.framework/Versions/A/ColorSyncLegacy
0x00007fff2dd23000 	/System/Library/Frameworks/ApplicationServices.framework/Versions/A/Frameworks/HIServices.framework/Versions/A/HIServices
0x00007fff2dd7b000 	/System/Library/Frameworks/ApplicationServices.framework/Versions/A/Frameworks/LangAnalysis.framework/Versions/A/LangAnalysis
0x00007fff2dd8a000 	/System/Library/Frameworks/ApplicationServices.framework/Versions/A/Frameworks/PrintCore.framework/Versions/A/PrintCore
0x00007fff2ddd0000 	/System/Library/Frameworks/ApplicationServices.framework/Versions/A/Frameworks/QD.framework/Versions/A/QD
0x00007fff2dddb000 	/System/Library/Frameworks/ApplicationServices.framework/Versions/A/Frameworks/SpeechSynthesis.framework/Versions/A/SpeechSynthesis
0x00007fff2dc55000 	/System/Library/Frameworks/ApplicationServices.framework/Versions/A/Frameworks/ATSUI.framework/Versions/A/ATSUI
0x00007fff6787e000 	/usr/lib/libcups.2.dylib
0x00007fff343a4000 	/System/Library/Frameworks/Kerberos.framework/Versions/A/Kerberos
0x00007fff324e5000 	/System/Library/Frameworks/GSS.framework/Versions/A/GSS
0x00007fff68bbf000 	/usr/lib/libresolv.9.dylib
0x00007fff5250b000 	/System/Library/PrivateFrameworks/Heimdal.framework/Versions/A/Heimdal
0x00007fff343b7000 	/System/Library/Frameworks/Kerberos.framework/Versions/A/Libraries/libHeimdalProxy.dylib
0x00007fff67a27000 	/usr/lib/libheimdal-asn1.dylib
0x00007fff467fe000 	/System/Library/PrivateFrameworks/CommonAuth.framework/Versions/A/CommonAuth
0x00007fff43a4b000 	/System/Library/PrivateFrameworks/AssertionServices.framework/Versions/A/AssertionServices
0x00007fff445ee000 	/System/Library/PrivateFrameworks/AudioToolboxCore.framework/Versions/A/AudioToolboxCore
0x00007fff63843000 	/System/Library/PrivateFrameworks/caulk.framework/Versions/A/caulk
0x00007fff44bb8000 	/System/Library/PrivateFrameworks/BaseBoard.framework/Versions/A/BaseBoard
0x00007fff5be65000 	/System/Library/PrivateFrameworks/RunningBoardServices.framework/Versions/A/RunningBoardServices
0x00007fff58e76000 	/System/Library/PrivateFrameworks/PersistentConnection.framework/Versions/A/PersistentConnection
0x00007fff5b85e000 	/System/Library/PrivateFrameworks/ProtocolBuffer.framework/Versions/A/ProtocolBuffer
0x00007fff46822000 	/System/Library/PrivateFrameworks/CommonUtilities.framework/Versions/A/CommonUtilities
0x00007fff44d46000 	/System/Library/PrivateFrameworks/Bom.framework/Versions/A/Bom
0x00007fff66679000 	/usr/lib/libAudioToolboxUtility.dylib
0x00007fff44b16000 	/System/Library/PrivateFrameworks/Backup.framework/Versions/A/Backup
0x00007fff498f5000 	/System/Library/PrivateFrameworks/CrashReporterSupport.framework/Versions/A/CrashReporterSupport
0x00007fff5d8f7000 	/System/Library/PrivateFrameworks/Sharing.framework/Versions/A/Sharing
0x00007fff43059000 	/System/Library/PrivateFrameworks/Apple80211.framework/Versions/A/Apple80211
0x00007fff44833000 	/System/Library/PrivateFrameworks/AuthKit.framework/Versions/A/AuthKit
0x00007fff49602000 	/System/Library/PrivateFrameworks/CoreUtils.framework/Versions/A/CoreUtils
0x00007fff31a4e000 	/System/Library/Frameworks/CoreWLAN.framework/Versions/A/CoreWLAN
0x00007fff32672000 	/System/Library/Frameworks/IOBluetooth.framework/Versions/A/IOBluetooth
0x00007fff56a2f000 	/System/Library/PrivateFrameworks/MobileKeyBag.framework/Versions/A/MobileKeyBag
0x00007fff48407000 	/System/Library/PrivateFrameworks/CorePhoneNumbers.framework/Versions/A/CorePhoneNumbers
0x00007fff43449000 	/System/Library/PrivateFrameworks/AppleIDAuthSupport.framework/Versions/A/AppleIDAuthSupport
0x00007fff363c4000 	/System/Library/Frameworks/Network.framework/Versions/A/Network
0x00007fff54fa6000 	/System/Library/PrivateFrameworks/KeychainCircle.framework/Versions/A/KeychainCircle
0x00007fff2f49c000 	/System/Library/Frameworks/CoreBluetooth.framework/Versions/A/CoreBluetooth
0x00007fff5f976000 	/System/Library/PrivateFrameworks/SpeechRecognitionCore.framework/Versions/A/SpeechRecognitionCore
0x000000010cd91000 	/Applications/Android Studio.app/Contents/jre/Contents/Home/lib/server/libjvm.dylib
0x000000010bee8000 	/Applications/Android Studio.app/Contents/jre/Contents/Home/lib/libverify.dylib
0x000000010befb000 	/Applications/Android Studio.app/Contents/jre/Contents/Home/lib/libjava.dylib
0x000000010bf35000 	/Applications/Android Studio.app/Contents/jre/Contents/Home/lib/libjimage.dylib
0x000000010bf91000 	/Applications/Android Studio.app/Contents/jre/Contents/Home/lib/libzip.dylib
0x000000010bfd1000 	/Applications/Android Studio.app/Contents/jre/Contents/Home/lib/libnio.dylib
0x000000010ca1b000 	/Applications/Android Studio.app/Contents/jre/Contents/Home/lib/libnet.dylib
0x000000010bfec000 	/Users/student/.gradle/native/8bec1ad78214c89d9ad589b4d07fe93259594b29d510b10fafb7a158f7737e5d/osx-amd64/libnative-platform.dylib
0x000000010ca3e000 	/Users/student/.gradle/native/53dbd7edfb1c66fb8903c78663c9afc45aea4f116125fa6feffd364cf09443e8/osx-amd64/libnative-platform-file-events.dylib
0x000000010caab000 	/Applications/Android Studio.app/Contents/jre/Contents/Home/lib/libmanagement.dylib
0x000000010cabc000 	/Applications/Android Studio.app/Contents/jre/Contents/Home/lib/libmanagement_ext.dylib
0x000000010cacc000 	/Applications/Android Studio.app/Contents/jre/Contents/Home/lib/libextnet.dylib


VM Arguments:
jvm_args: --add-opens=java.base/java.util=ALL-UNNAMED --add-opens=java.base/java.lang=ALL-UNNAMED --add-opens=java.base/java.lang.invoke=ALL-UNNAMED --add-opens=java.base/java.util=ALL-UNNAMED --add-opens=java.prefs/java.util.prefs=ALL-UNNAMED --add-opens=java.prefs/java.util.prefs=ALL-UNNAMED --add-opens=java.base/java.nio.charset=ALL-UNNAMED --add-opens=java.base/java.net=ALL-UNNAMED --add-opens=java.base/java.util.concurrent.atomic=ALL-UNNAMED -Xmx2048m -Dfile.encoding=UTF-8 -Duser.country=GB -Duser.language=en -Duser.variant 
java_command: org.gradle.launcher.daemon.bootstrap.GradleDaemon 7.0.2
java_class_path (initial): /Users/student/.gradle/wrapper/dists/gradle-7.0.2-bin/857tjihv64xamwrf0h14cai3r/gradle-7.0.2/lib/gradle-launcher-7.0.2.jar
Launcher Type: SUN_STANDARD

[Global flags]
     intx CICompilerCount                          = 3                                         {product} {ergonomic}
     uint ConcGCThreads                            = 1                                         {product} {ergonomic}
     uint G1ConcRefinementThreads                  = 4                                         {product} {ergonomic}
   size_t G1HeapRegionSize                         = 1048576                                   {product} {ergonomic}
    uintx GCDrainStackTargetSize                   = 64                                        {product} {ergonomic}
   size_t InitialHeapSize                          = 134217728                                 {product} {ergonomic}
   size_t MarkStackSize                            = 4194304                                   {product} {ergonomic}
   size_t MaxHeapSize                              = 2147483648                                {product} {command line}
   size_t MaxNewSize                               = 1287651328                                {product} {ergonomic}
   size_t MinHeapDeltaBytes                        = 1048576                                   {product} {ergonomic}
    uintx NonNMethodCodeHeapSize                   = 5830732                                {pd product} {ergonomic}
    uintx NonProfiledCodeHeapSize                  = 122913754                              {pd product} {ergonomic}
    uintx ProfiledCodeHeapSize                     = 122913754                              {pd product} {ergonomic}
    uintx ReservedCodeCacheSize                    = 251658240                              {pd product} {ergonomic}
     bool SegmentedCodeCache                       = true                                      {product} {ergonomic}
     bool UseCompressedClassPointers               = true                                 {lp64_product} {ergonomic}
     bool UseCompressedOops                        = true                                 {lp64_product} {ergonomic}
     bool UseG1GC                                  = true                                      {product} {ergonomic}

Logging:
Log output configuration:
 #0: stdout all=warning uptime,level,tags
 #1: stderr all=off uptime,level,tags

Environment Variables:
PATH=/Library/Frameworks/Python.framework/Versions/3.10/bin:/Users/student/jdk/Contents/Home/bin:/Library/Frameworks/Python.framework/Versions/3.9/bin:/usr/local/bin:/usr/bin:/bin:/usr/sbin:/sbin:/Library/Frameworks/Mono.framework/Versions/Current/Commands
SHELL=/bin/bash
LC_CTYPE=en_GB.UTF-8

Signal Handlers:
SIGSEGV: [libjvm.dylib+0x78fc66], sa_mask[0]=11111111011111110111111111111111, sa_flags=SA_ONSTACK|SA_RESTART|SA_SIGINFO
SIGBUS: [libjvm.dylib+0x78fc66], sa_mask[0]=11111111011111110111111111111111, sa_flags=SA_RESTART|SA_SIGINFO
SIGFPE: [libjvm.dylib+0x78fc66], sa_mask[0]=11111111011111110111111111111111, sa_flags=SA_RESTART|SA_SIGINFO
SIGPIPE: [libjvm.dylib+0x5feb77], sa_mask[0]=11111111011111110111111111111111, sa_flags=SA_RESTART|SA_SIGINFO
SIGXFSZ: [libjvm.dylib+0x5feb77], sa_mask[0]=11111111011111110111111111111111, sa_flags=SA_RESTART|SA_SIGINFO
SIGILL: [libjvm.dylib+0x78fc66], sa_mask[0]=11111111011111110111111111111111, sa_flags=SA_RESTART|SA_SIGINFO
SIGUSR2: [libjvm.dylib+0x5ff156], sa_mask[0]=00100000000000000000000000000000, sa_flags=SA_RESTART|SA_SIGINFO
SIGHUP: [libjvm.dylib+0x5fdc3f], sa_mask[0]=11111111011111110111111111111111, sa_flags=SA_RESTART|SA_SIGINFO
SIGINT: [libjvm.dylib+0x5fdc3f], sa_mask[0]=11111111011111110111111111111111, sa_flags=SA_RESTART|SA_SIGINFO
SIGTERM: [libjvm.dylib+0x5fdc3f], sa_mask[0]=11111111011111110111111111111111, sa_flags=SA_RESTART|SA_SIGINFO
SIGQUIT: [libjvm.dylib+0x5fdc3f], sa_mask[0]=11111111011111110111111111111111, sa_flags=SA_RESTART|SA_SIGINFO


---------------  S Y S T E M  ---------------

OS:uname:Darwin 19.6.0 Darwin Kernel Version 19.6.0: Thu Sep 16 20:58:47 PDT 2021; root:xnu-6153.141.40.1~1/RELEASE_X86_64 x86_64
OS uptime: 0 days 23:38 hours
rlimit (soft/hard): STACK 8192k/65532k , CORE 0k/infinity , NPROC 1392/2088 , NOFILE 10240/infinity , AS infinity/infinity , CPU infinity/infinity , DATA infinity/infinity , FSIZE infinity/infinity , MEMLOCK infinity/infinity , RSS infinity/infinity
load average:10.37 8.66 7.34

CPU:total 4 (initial active 4) (2 cores per cpu, 2 threads per core) family 6 model 142 stepping 9 microcode 0xea, cmov, cx8, fxsr, mmx, sse, sse2, sse3, ssse3, sse4.1, sse4.2, popcnt, avx, avx2, aes, clmul, erms, 3dnowpref, lzcnt, ht, tsc, tscinvbit, bmi1, bmi2, adx, fma

Memory: 4k page, physical 8388608k(48320k free), swap 4194304k(1430784k free)

vm_info: OpenJDK 64-Bit Server VM (11.0.10+0-b96-7281165) for bsd-amd64 JRE (11.0.10+0-b96-7281165), built on Apr 14 2021 15:20:36 by "builder" with gcc Android (6875598, based on r399163b) Clang 11.0.5 (https://android.googlesource.com/toolchain/llvm-project 87f1315dfbea7c137aa2e6d362dbb457e388158d)

END.
