#
# A fatal error has been detected by the Java Runtime Environment:
#
#  SIGSEGV (0xb) at pc=0x0000000103afe237, pid=11239, tid=42755
#
# JRE version: OpenJDK Runtime Environment (11.0.11) (build 11.0.11+0-b60-7590822)
# Java VM: OpenJDK 64-Bit Server VM (11.0.11+0-b60-7590822, mixed mode, tiered, compressed oops, g1 gc, bsd-amd64)
# Problematic frame:
# V  [libjvm.dylib+0x1d7237]  _ZN8IndexSet6insertEj+0x19
#
# No core dump will be written. Core dumps have been disabled. To enable core dumping, try "ulimit -c unlimited" before starting Java again
#
# If you would like to submit a bug report, please visit:
#   https://bugreport.java.com/bugreport/crash.jsp
#

---------------  S U M M A R Y ------------

Command Line: --add-opens=java.base/java.util=ALL-UNNAMED --add-opens=java.base/java.lang=ALL-UNNAMED --add-opens=java.base/java.lang.invoke=ALL-UNNAMED --add-opens=java.base/java.util=ALL-UNNAMED --add-opens=java.prefs/java.util.prefs=ALL-UNNAMED --add-opens=java.prefs/java.util.prefs=ALL-UNNAMED --add-opens=java.base/java.nio.charset=ALL-UNNAMED --add-opens=java.base/java.net=ALL-UNNAMED --add-opens=java.base/java.util.concurrent.atomic=ALL-UNNAMED -Xmx2048m -Dfile.encoding=UTF-8 -Duser.country=GB -Duser.language=en -Duser.variant org.gradle.launcher.daemon.bootstrap.GradleDaemon 7.0.2

Host: MacBookPro14,2 x86_64 3100 MHz, 4 cores, 8G, Darwin 21.3.0
Time: Sun Feb 13 10:11:43 2022 HKT elapsed time: 18.052645 seconds (0d 0h 0m 18s)

---------------  T H R E A D  ---------------

Current thread (0x00007fb1d7883000):  JavaThread "C2 CompilerThread0" daemon [_thread_in_native, id=42755, stack(0x0000700006aa6000,0x0000700006ba6000)]


Current CompileTask:
C2:  18052 4826 %     4       org.objectweb.asm.ClassReader::readCode @ 2035 (5109 bytes)

Stack: [0x0000700006aa6000,0x0000700006ba6000],  sp=0x0000700006ba2790,  free space=1009k
Native frames: (J=compiled Java code, A=aot compiled Java code, j=interpreted, Vv=VM code, C=native code)
V  [libjvm.dylib+0x1d7237]  _ZN8IndexSet6insertEj+0x19
V  [libjvm.dylib+0x399279]  _ZN8PhaseIFG8SquareUpEv+0x51
V  [libjvm.dylib+0x1d49f8]  _ZN12PhaseChaitin17Register_AllocateEv+0x6d2
V  [libjvm.dylib+0x23c597]  _ZN7Compile8Code_GenEv+0x1f7
V  [libjvm.dylib+0x23aa24]  _ZN7CompileC2EP5ciEnvP10C2CompilerP8ciMethodibbbP12DirectiveSet+0x89e
V  [libjvm.dylib+0x1c0a7c]  _ZN10C2Compiler14compile_methodEP5ciEnvP8ciMethodiP12DirectiveSet+0xb6
V  [libjvm.dylib+0x24716a]  _ZN13CompileBroker25invoke_compiler_on_methodEP11CompileTask+0x598
V  [libjvm.dylib+0x246a9b]  _ZN13CompileBroker20compiler_thread_loopEv+0x1fb
V  [libjvm.dylib+0x77b1ad]  _ZN10JavaThread17thread_main_innerEv+0x89
V  [libjvm.dylib+0x77aff6]  _ZN10JavaThread3runEv+0x180
V  [libjvm.dylib+0x778f4e]  _ZN6Thread8call_runEv+0x68
V  [libjvm.dylib+0x6246d7]  _ZL19thread_native_entryP6Thread+0x12d
C  [libsystem_pthread.dylib+0x64f4]  _pthread_start+0x7d
C  [libsystem_pthread.dylib+0x200f]  thread_start+0xf


siginfo: si_signo: 11 (SIGSEGV), si_code: 0 (unknown), si_addr: 0x0000000000000000

Register to memory mapping:

RAX=0x40b225c9770a1f36 is an unknown value
RBX=0x0000000000003c27 is an unknown value
RCX=0x000000000000003c is an unknown value
RDX=0x0000000000004580 is an unknown value
RSP=0x0000700006ba2790 is pointing into the stack for thread: 0x00007fb1d7883000
RBP=0x0000700006ba27a0 is pointing into the stack for thread: 0x00007fb1d7883000
RSI=0x0000000000003c27 is an unknown value
RDI=0x00007fb1dd6740b0 points into unknown readable memory: 0x426d1a94a218ae3e | 3e ae 18 a2 94 1a 6d 42
R8 =0x00000001042e94a0: _ZN8IndexSet12_empty_blockE+0 in /Applications/Android Studio.app/Contents/jre/Contents/Home/lib/server/libjvm.dylib at 0x0000000103927000
R9 =0x0000000000000046 is an unknown value
R10=0x00000001042c5620: _ZL8tc_mutex+0x18 in /Applications/Android Studio.app/Contents/jre/Contents/Home/lib/server/libjvm.dylib at 0x0000000103927000
R11=0x0000700006ba27b0 is pointing into the stack for thread: 0x00007fb1d7883000
R12=0x0000700006ba4148 is pointing into the stack for thread: 0x00007fb1d7883000
R13=0x0000700006ba2870 is pointing into the stack for thread: 0x00007fb1d7883000
R14=0x00007fb1dd6740b0 points into unknown readable memory: 0x426d1a94a218ae3e | 3e ae 18 a2 94 1a 6d 42
R15=0x0000700006ba27b0 is pointing into the stack for thread: 0x00007fb1d7883000


Registers:
RAX=0x40b225c9770a1f36, RBX=0x0000000000003c27, RCX=0x000000000000003c, RDX=0x0000000000004580
RSP=0x0000700006ba2790, RBP=0x0000700006ba27a0, RSI=0x0000000000003c27, RDI=0x00007fb1dd6740b0
R8 =0x00000001042e94a0, R9 =0x0000000000000046, R10=0x00000001042c5620, R11=0x0000700006ba27b0
R12=0x0000700006ba4148, R13=0x0000700006ba2870, R14=0x00007fb1dd6740b0, R15=0x0000700006ba27b0
RIP=0x0000000103afe237, EFLAGS=0x0000000000010206, ERR=0x0000000000000000
  TRAPNO=0x000000000000000d

Top of Stack: (sp=0x0000700006ba2790)
0x0000700006ba2790:   0000000000003c27 0000700006ba29c8
0x0000700006ba27a0:   0000700006ba2800 0000000103cc0279
0x0000700006ba27b0:   0000458200193da9 0000000e00000005
0x0000700006ba27c0:   00000001043e94a0 00007fb100000046
0x0000700006ba27d0:   00007fb1dc9e9380 0000700000000046
0x0000700006ba27e0:   00007fb1dd616870 0000700006ba4230
0x0000700006ba27f0:   0000700006ba2a08 0000700006ba2930
0x0000700006ba2800:   0000700006ba2aa0 0000000103afb9f8
0x0000700006ba2810:   0000700006ba2850 0000000104270000
0x0000700006ba2820:   0000000000000000 0000700006ba5040
0x0000700006ba2830:   0000700006ba4100 0000700000003314
0x0000700006ba2840:   00000001041245f6 0000000000000000
0x0000700006ba2850:   0000700006ba5040 0000000000000000
0x0000700006ba2860:   00000001041245f6 000000000000cc00
0x0000700006ba2870:   0000000104270000 0000000000000000
0x0000700006ba2880:   0000700006ba5040 0000700006ba4100
0x0000700006ba2890:   0000700000000001 0000000104124537
0x0000700006ba28a0:   0000000000000000 0000700006ba5040
0x0000700006ba28b0:   0000000000000000 0000000104124537
0x0000700006ba28c0:   0000700006ba2800 00000001040a7c73
0x0000700006ba28d0:   0000700006ba28e0 00000001040a7ce1
0x0000700006ba28e0:   0000700006ba2940 0000000103a2a56d
0x0000700006ba28f0:   0000700006ba4258 0000000000000000
0x0000700006ba2900:   0000700006ba298c 0000000000003314
0x0000700006ba2910:   0000700006ba2950 0000000103e54059
0x0000700006ba2920:   00007fb100000045 000000000025df00
0x0000700006ba2930:   000000000000000a 0000700006ba5040
0x0000700006ba2940:   00007fb1dd042010 0000000000000000
0x0000700006ba2950:   00007fb1dd297010 00007fb1dc9c9610
0x0000700006ba2960:   00007fb1dc9cd1e0 00007fb1d928e4c0
0x0000700006ba2970:   0000700006ba4328 0000700006ba4258
0x0000700006ba2980:   00007fb10000456d 0000700006ba2a08 

Instructions: (pc=0x0000000103afe237)
0x0000000103afe137:   87 ce 00 00 00 45 8b 47 18 45 39 e0 76 0d 49 8b
0x0000000103afe147:   47 20 44 89 e1 4c 8b 2c c8 eb 03 45 31 ed 41 8b
0x0000000103afe157:   45 2c 83 e0 0f 83 f8 0c 75 56 48 8b 45 c8 44 8b
0x0000000103afe167:   48 18 ba 01 00 00 00 49 83 f9 02 72 32 49 8b 4d
0x0000000103afe177:   08 48 8b 45 c8 48 8b 78 08 ba 01 00 00 00 48 8b
0x0000000103afe187:   04 d1 48 8b 1c d7 48 39 d8 74 0c f6 40 30 10 74
0x0000000103afe197:   0e f6 43 30 10 74 08 48 ff c2 4c 39 ca 72 df 44
0x0000000103afe1a7:   39 ca 74 5f 41 ff c4 4c 8b 6d c8 e9 50 ff ff ff
0x0000000103afe1b7:   49 8d 7f 10 44 89 e6 4c 8b 6d c8 4c 89 ea e8 88
0x0000000103afe1c7:   44 43 00 41 ff 47 28 48 8b 45 d0 4c 8b 70 48 41
0x0000000103afe1d7:   8b 5d 28 41 39 5e 68 77 0b 49 8d 7e 68 89 de e8
0x0000000103afe1e7:   df 5e f7 ff 49 8b 46 78 4c 89 3c d8 48 8b 4d c0
0x0000000103afe1f7:   8b 11 8d 42 01 89 01 48 8b 7d d0 4c 89 ee e8 cc
0x0000000103afe207:   ce ff ff 48 8b 45 a8 8b 40 28 48 8b 4d b0 4c 89
0x0000000103afe217:   2c c1 e9 3c fc ff ff 55 48 89 e5 41 56 53 85 f6
0x0000000103afe227:   74 3d 89 f3 49 89 fe 48 8b 47 08 89 f1 c1 e9 08
0x0000000103afe237:   48 8b 04 c8 48 3b 05 fe 0e 6d 00 75 0a 4c 89 f7
0x0000000103afe247:   89 de e8 a0 83 1c 00 89 d9 c1 e9 05 83 e1 07 8b
0x0000000103afe257:   14 88 89 d6 0f ab de 89 34 88 0f a3 da 73 04 31
0x0000000103afe267:   c0 eb 05 41 ff 06 b0 01 5b 41 5e 5d c3 55 48 89
0x0000000103afe277:   e5 41 57 41 56 53 50 c7 07 00 00 00 00 8b 87 90
0x0000000103afe287:   00 00 00 85 c0 74 31 49 89 fe 31 db 4c 8d 3d 06
0x0000000103afe297:   b2 7e 00 49 8b 4e 08 4c 39 3c d9 74 11 4c 89 f7
0x0000000103afe2a7:   89 de e8 ae 83 1c 00 41 8b 86 90 00 00 00 48 ff
0x0000000103afe2b7:   c3 89 c1 48 39 cb 72 db 48 83 c4 08 5b 41 5e 41
0x0000000103afe2c7:   5f 5d c3 55 48 89 e5 48 83 ec 10 8b 76 28 48 63
0x0000000103afe2d7:   42 28 48 8b 8f 28 01 00 00 48 81 c7 10 01 00 00
0x0000000103afe2e7:   8b 04 81 48 8d 55 f8 89 02 48 8d 4d fc c7 01 00
0x0000000103afe2f7:   00 00 00 e8 7f 02 00 00 48 83 c4 10 5d c3 90 90
0x0000000103afe307:   90 55 48 89 e5 41 57 41 56 41 54 53 48 83 ec 10
0x0000000103afe317:   41 89 d7 49 89 f6 48 89 fb 45 31 e4 44 89 27 48
0x0000000103afe327:   83 c7 08 4c 8d 45 d8 45 89 20 89 d1 e8 2a 00 00 


Stack slot to memory mapping:
stack at sp + 0 slots: 0x0000000000003c27 is an unknown value
stack at sp + 1 slots: 0x0000700006ba29c8 is pointing into the stack for thread: 0x00007fb1d7883000
stack at sp + 2 slots: 0x0000700006ba2800 is pointing into the stack for thread: 0x00007fb1d7883000
stack at sp + 3 slots: 0x0000000103cc0279: _ZN8PhaseIFG8SquareUpEv+0x51 in /Applications/Android Studio.app/Contents/jre/Contents/Home/lib/server/libjvm.dylib at 0x0000000103927000
stack at sp + 4 slots: 0x0000458200193da9 is an unknown value
stack at sp + 5 slots: 0x0000000e00000005 is an unknown value
stack at sp + 6 slots: 0x00000001043e94a0: _ZZ21WB_ReadReservedMemoryE1p+0xc2a58 in /Applications/Android Studio.app/Contents/jre/Contents/Home/lib/server/libjvm.dylib at 0x0000000103927000
stack at sp + 7 slots: 0x00007fb100000046 is an unknown value


---------------  P R O C E S S  ---------------

Threads class SMR info:
_java_thread_list=0x00007fb1dab05250, length=34, elements={
0x00007fb1d7816000, 0x00007fb1d7896800, 0x00007fb1d982a800, 0x00007fb1d789f800,
0x00007fb1d7882800, 0x00007fb1d7883000, 0x00007fb1d78a4800, 0x00007fb1d9830000,
0x00007fb1d9015800, 0x00007fb1d9a8f800, 0x00007fb1d9a83000, 0x00007fb1d9366000,
0x00007fb1d7c00000, 0x00007fb1d8b14800, 0x00007fb1d9535000, 0x00007fb1d8841800,
0x00007fb1d7fc5800, 0x00007fb1db014000, 0x00007fb1d9e6c000, 0x00007fb1d8fef000,
0x00007fb1db2a5000, 0x00007fb1d8d04800, 0x00007fb1db2ec000, 0x00007fb1dc8e6000,
0x00007fb1db315800, 0x00007fb1d972e000, 0x00007fb1dc8e3800, 0x00007fb1dc2ab800,
0x00007fb1dbe19800, 0x00007fb1db1e6800, 0x00007fb1db32d000, 0x00007fb1d7cb7000,
0x00007fb1d8f78000, 0x00007fb1d9f42000
}

Java Threads: ( => current thread )
  0x00007fb1d7816000 JavaThread "main" [_thread_blocked, id=6147, stack(0x0000700005e7f000,0x0000700005f7f000)]
  0x00007fb1d7896800 JavaThread "Reference Handler" daemon [_thread_blocked, id=18691, stack(0x0000700006594000,0x0000700006694000)]
  0x00007fb1d982a800 JavaThread "Finalizer" daemon [_thread_blocked, id=18179, stack(0x0000700006697000,0x0000700006797000)]
  0x00007fb1d789f800 JavaThread "Signal Dispatcher" daemon [_thread_blocked, id=15363, stack(0x00007000068a0000,0x00007000069a0000)]
  0x00007fb1d7882800 JavaThread "Service Thread" daemon [_thread_blocked, id=22019, stack(0x00007000069a3000,0x0000700006aa3000)]
=>0x00007fb1d7883000 JavaThread "C2 CompilerThread0" daemon [_thread_in_native, id=42755, stack(0x0000700006aa6000,0x0000700006ba6000)]
  0x00007fb1d78a4800 JavaThread "C1 CompilerThread0" daemon [_thread_blocked, id=22275, stack(0x0000700006ba9000,0x0000700006ca9000)]
  0x00007fb1d9830000 JavaThread "Sweeper thread" daemon [_thread_blocked, id=41987, stack(0x0000700006cac000,0x0000700006dac000)]
  0x00007fb1d9015800 JavaThread "Common-Cleaner" daemon [_thread_blocked, id=23299, stack(0x0000700006daf000,0x0000700006eaf000)]
  0x00007fb1d9a8f800 JavaThread "Daemon health stats" [_thread_blocked, id=24323, stack(0x00007000071bb000,0x00007000072bb000)]
  0x00007fb1d9a83000 JavaThread "Incoming local TCP Connector on port 53714" [_thread_in_native, id=24835, stack(0x00007000072be000,0x00007000073be000)]
  0x00007fb1d9366000 JavaThread "Daemon periodic checks" [_thread_blocked, id=39939, stack(0x00007000073c1000,0x00007000074c1000)]
  0x00007fb1d7c00000 JavaThread "Daemon" [_thread_blocked, id=39683, stack(0x00007000074c4000,0x00007000075c4000)]
  0x00007fb1d8b14800 JavaThread "Handler for socket connection from /127.0.0.1:53714 to /127.0.0.1:53715" [_thread_in_native, id=39171, stack(0x00007000075c7000,0x00007000076c7000)]
  0x00007fb1d9535000 JavaThread "Cancel handler" [_thread_blocked, id=38403, stack(0x00007000076ca000,0x00007000077ca000)]
  0x00007fb1d8841800 JavaThread "Daemon worker" [_thread_blocked, id=26883, stack(0x00007000077cd000,0x00007000078cd000)]
  0x00007fb1d7fc5800 JavaThread "Asynchronous log dispatcher for DefaultDaemonConnection: socket connection from /127.0.0.1:53714 to /127.0.0.1:53715" [_thread_blocked, id=27395, stack(0x00007000078d0000,0x00007000079d0000)]
  0x00007fb1db014000 JavaThread "Stdin handler" [_thread_blocked, id=27651, stack(0x00007000079d3000,0x0000700007ad3000)]
  0x00007fb1d9e6c000 JavaThread "Daemon client event forwarder" [_thread_blocked, id=37123, stack(0x0000700007ad6000,0x0000700007bd6000)]
  0x00007fb1d8fef000 JavaThread "Cache worker for file hash cache (/Users/yilanliu/.gradle/caches/7.0.2/fileHashes)" [_thread_blocked, id=28163, stack(0x0000700007bd9000,0x0000700007cd9000)]
  0x00007fb1db2a5000 JavaThread "File lock request listener" [_thread_in_native, id=28675, stack(0x0000700007cdc000,0x0000700007ddc000)]
  0x00007fb1d8d04800 JavaThread "Cache worker for journal cache (/Users/yilanliu/.gradle/caches/journal-1)" [_thread_blocked, id=35587, stack(0x0000700007ee2000,0x0000700007fe2000)]
  0x00007fb1db2ec000 JavaThread "Cache worker for file hash cache (/Users/yilanliu/Desktop/Pset_3_CarpoolBuddy/.gradle/7.0.2/fileHashes)" [_thread_blocked, id=35075, stack(0x0000700007fe5000,0x00007000080e5000)]
  0x00007fb1dc8e6000 JavaThread "File watcher server" daemon [_thread_in_native, id=29699, stack(0x00007000080e8000,0x00007000081e8000)]
  0x00007fb1db315800 JavaThread "File watcher consumer" daemon [_thread_blocked, id=33283, stack(0x00007000081eb000,0x00007000082eb000)]
  0x00007fb1d972e000 JavaThread "jar transforms" [_thread_blocked, id=32771, stack(0x00007000082ee000,0x00007000083ee000)]
  0x00007fb1dc8e3800 JavaThread "jar transforms Thread 2" [_thread_in_Java, id=30979, stack(0x00007000083f1000,0x00007000084f1000)]
  0x00007fb1dc2ab800 JavaThread "jar transforms Thread 3" [_thread_blocked, id=31235, stack(0x00007000084f4000,0x00007000085f4000)]
  0x00007fb1dbe19800 JavaThread "jar transforms Thread 4" [_thread_blocked, id=43523, stack(0x00007000085f7000,0x00007000086f7000)]
  0x00007fb1db1e6800 JavaThread "Cache worker for checksums cache (/Users/yilanliu/Desktop/Pset_3_CarpoolBuddy/.gradle/checksums)" [_thread_blocked, id=86787, stack(0x00007000086fa000,0x00007000087fa000)]
  0x00007fb1db32d000 JavaThread "Cache worker for cache directory md-supplier (/Users/yilanliu/.gradle/caches/7.0.2/md-supplier)" [_thread_blocked, id=43779, stack(0x00007000087fd000,0x00007000088fd000)]
  0x00007fb1d7cb7000 JavaThread "Cache worker for cache directory md-rule (/Users/yilanliu/.gradle/caches/7.0.2/md-rule)" [_thread_blocked, id=85763, stack(0x0000700008900000,0x0000700008a00000)]
  0x00007fb1d8f78000 JavaThread "Cache worker for execution history cache (/Users/yilanliu/.gradle/caches/7.0.2/executionHistory)" [_thread_blocked, id=44547, stack(0x0000700008a03000,0x0000700008b03000)]
  0x00007fb1d9f42000 JavaThread "Cache worker for file content cache (/Users/yilanliu/.gradle/caches/7.0.2/fileContent)" [_thread_blocked, id=45059, stack(0x0000700008b06000,0x0000700008c06000)]

Other Threads:
  0x00007fb1d9808800 VMThread "VM Thread" [stack: 0x0000700006491000,0x0000700006591000] [id=19203]
  0x00007fb1d9022000 WatcherThread [stack: 0x0000700006eb2000,0x0000700006fb2000] [id=23555]
  0x00007fb1d780a800 GCTaskThread "GC Thread#0" [stack: 0x0000700005f82000,0x0000700006082000] [id=20995]
  0x00007fb1d78a8000 GCTaskThread "GC Thread#1" [stack: 0x0000700006fb5000,0x00007000070b5000] [id=40963]
  0x00007fb1d78de800 GCTaskThread "GC Thread#2" [stack: 0x00007000070b8000,0x00007000071b8000] [id=23811]
  0x00007fb1d8f98000 GCTaskThread "GC Thread#3" [stack: 0x0000700007ddf000,0x0000700007edf000] [id=36099]
  0x00007fb1d7834000 ConcurrentGCThread "G1 Main Marker" [stack: 0x0000700006085000,0x0000700006185000] [id=11779]
  0x00007fb1d7834800 ConcurrentGCThread "G1 Conc#0" [stack: 0x0000700006188000,0x0000700006288000] [id=12291]
  0x00007fb1d7875800 ConcurrentGCThread "G1 Refine#0" [stack: 0x000070000628b000,0x000070000638b000] [id=19971]
  0x00007fb1d7876000 ConcurrentGCThread "G1 Young RemSet Sampling" [stack: 0x000070000638e000,0x000070000648e000] [id=12803]

Threads with active compile tasks:
C2 CompilerThread0  18140 4826 %     4       org.objectweb.asm.ClassReader::readCode @ 2035 (5109 bytes)

VM state:not at safepoint (normal execution)

VM Mutex/Monitor currently owned by a thread: None

Heap address: 0x0000000780000000, size: 2048 MB, Compressed Oops mode: Zero based, Oop shift amount: 3
Narrow klass base: 0x0000000800000000, Narrow klass shift: 0
Compressed class space size: 1073741824 Address: 0x0000000800000000

Heap:
 garbage-first heap   total 189440K, used 153645K [0x0000000780000000, 0x0000000800000000)
  region size 1024K, 101 young (103424K), 4 survivors (4096K)
 Metaspace       used 47332K, capacity 48483K, committed 48640K, reserved 1091584K
  class space    used 6086K, capacity 6542K, committed 6656K, reserved 1048576K
Heap Regions: E=young(eden), S=young(survivor), O=old, HS=humongous(starts), HC=humongous(continues), CS=collection set, F=free, A=archive, TAMS=top-at-mark-start (previous, next)
|   0|0x0000000780000000, 0x0000000780100000, 0x0000000780100000|100%| O|  |TAMS 0x0000000780100000, 0x0000000780000000| Untracked 
|   1|0x0000000780100000, 0x0000000780200000, 0x0000000780200000|100%| O|  |TAMS 0x0000000780200000, 0x0000000780100000| Untracked 
|   2|0x0000000780200000, 0x0000000780300000, 0x0000000780300000|100%| O|  |TAMS 0x0000000780300000, 0x0000000780200000| Untracked 
|   3|0x0000000780300000, 0x0000000780400000, 0x0000000780400000|100%|HS|  |TAMS 0x0000000780400000, 0x0000000780300000| Complete 
|   4|0x0000000780400000, 0x0000000780500000, 0x0000000780500000|100%|HC|  |TAMS 0x0000000780500000, 0x0000000780400000| Complete 
|   5|0x0000000780500000, 0x0000000780600000, 0x0000000780600000|100%|HC|  |TAMS 0x0000000780600000, 0x0000000780500000| Complete 
|   6|0x0000000780600000, 0x0000000780700000, 0x0000000780700000|100%| O|  |TAMS 0x0000000780700000, 0x0000000780600000| Untracked 
|   7|0x0000000780700000, 0x0000000780800000, 0x0000000780800000|100%| O|  |TAMS 0x0000000780800000, 0x0000000780700000| Untracked 
|   8|0x0000000780800000, 0x0000000780900000, 0x0000000780900000|100%| O|  |TAMS 0x0000000780900000, 0x0000000780800000| Untracked 
|   9|0x0000000780900000, 0x0000000780a00000, 0x0000000780a00000|100%| O|  |TAMS 0x0000000780a00000, 0x0000000780900000| Untracked 
|  10|0x0000000780a00000, 0x0000000780b00000, 0x0000000780b00000|100%| O|  |TAMS 0x0000000780b00000, 0x0000000780a00000| Untracked 
|  11|0x0000000780b00000, 0x0000000780c00000, 0x0000000780c00000|100%| O|  |TAMS 0x0000000780c00000, 0x0000000780b00000| Untracked 
|  12|0x0000000780c00000, 0x0000000780d00000, 0x0000000780d00000|100%| O|  |TAMS 0x0000000780d00000, 0x0000000780c00000| Untracked 
|  13|0x0000000780d00000, 0x0000000780e00000, 0x0000000780e00000|100%| O|  |TAMS 0x0000000780e00000, 0x0000000780d00000| Untracked 
|  14|0x0000000780e00000, 0x0000000780f00000, 0x0000000780f00000|100%| O|  |TAMS 0x0000000780f00000, 0x0000000780e00000| Untracked 
|  15|0x0000000780f00000, 0x0000000781000000, 0x0000000781000000|100%| O|  |TAMS 0x0000000781000000, 0x0000000780f00000| Untracked 
|  16|0x0000000781000000, 0x0000000781100000, 0x0000000781100000|100%|HS|  |TAMS 0x0000000781100000, 0x0000000781000000| Complete 
|  17|0x0000000781100000, 0x0000000781200000, 0x0000000781200000|100%|HC|  |TAMS 0x0000000781200000, 0x0000000781100000| Complete 
|  18|0x0000000781200000, 0x0000000781300000, 0x0000000781300000|100%|HS|  |TAMS 0x0000000781300000, 0x0000000781200000| Complete 
|  19|0x0000000781300000, 0x0000000781400000, 0x0000000781400000|100%|HC|  |TAMS 0x0000000781400000, 0x0000000781300000| Complete 
|  20|0x0000000781400000, 0x0000000781500000, 0x0000000781500000|100%|HC|  |TAMS 0x0000000781500000, 0x0000000781400000| Complete 
|  21|0x0000000781500000, 0x0000000781600000, 0x0000000781600000|100%|HS|  |TAMS 0x0000000781600000, 0x0000000781500000| Complete 
|  22|0x0000000781600000, 0x0000000781700000, 0x0000000781700000|100%|HC|  |TAMS 0x0000000781700000, 0x0000000781600000| Complete 
|  23|0x0000000781700000, 0x0000000781800000, 0x0000000781800000|100%|HC|  |TAMS 0x0000000781800000, 0x0000000781700000| Complete 
|  24|0x0000000781800000, 0x0000000781900000, 0x0000000781900000|100%|HC|  |TAMS 0x0000000781900000, 0x0000000781800000| Complete 
|  25|0x0000000781900000, 0x0000000781a00000, 0x0000000781a00000|100%| O|  |TAMS 0x0000000781900000, 0x0000000781900000| Untracked 
|  26|0x0000000781a00000, 0x0000000781b00000, 0x0000000781b00000|100%| O|  |TAMS 0x0000000781a00000, 0x0000000781a00000| Untracked 
|  27|0x0000000781b00000, 0x0000000781c00000, 0x0000000781c00000|100%| O|  |TAMS 0x0000000781b00000, 0x0000000781b00000| Untracked 
|  28|0x0000000781c00000, 0x0000000781d00000, 0x0000000781d00000|100%| O|  |TAMS 0x0000000781d00000, 0x0000000781c00000| Untracked 
|  29|0x0000000781d00000, 0x0000000781e00000, 0x0000000781e00000|100%| O|  |TAMS 0x0000000781e00000, 0x0000000781d00000| Untracked 
|  30|0x0000000781e00000, 0x0000000781f00000, 0x0000000781f00000|100%| O|  |TAMS 0x0000000781f00000, 0x0000000781e00000| Untracked 
|  31|0x0000000781f00000, 0x0000000782000000, 0x0000000782000000|100%| O|  |TAMS 0x0000000781fdc000, 0x0000000781f00000| Untracked 
|  32|0x0000000782000000, 0x0000000782100000, 0x0000000782100000|100%| O|  |TAMS 0x0000000782000000, 0x0000000782000000| Untracked 
|  33|0x0000000782100000, 0x0000000782200000, 0x0000000782200000|100%| O|  |TAMS 0x0000000782100000, 0x0000000782100000| Untracked 
|  34|0x0000000782200000, 0x0000000782300000, 0x0000000782300000|100%| O|  |TAMS 0x0000000782200000, 0x0000000782200000| Untracked 
|  35|0x0000000782300000, 0x0000000782400000, 0x0000000782400000|100%| O|  |TAMS 0x0000000782300000, 0x0000000782300000| Untracked 
|  36|0x0000000782400000, 0x0000000782500000, 0x0000000782500000|100%|HS|  |TAMS 0x0000000782400000, 0x0000000782400000| Complete 
|  37|0x0000000782500000, 0x0000000782600000, 0x0000000782600000|100%|HC|  |TAMS 0x0000000782500000, 0x0000000782500000| Complete 
|  38|0x0000000782600000, 0x0000000782700000, 0x0000000782700000|100%|HC|  |TAMS 0x0000000782600000, 0x0000000782600000| Complete 
|  39|0x0000000782700000, 0x0000000782800000, 0x0000000782800000|100%|HC|  |TAMS 0x0000000782700000, 0x0000000782700000| Complete 
|  40|0x0000000782800000, 0x0000000782900000, 0x0000000782900000|100%| O|  |TAMS 0x0000000782800000, 0x0000000782800000| Untracked 
|  41|0x0000000782900000, 0x0000000782a00000, 0x0000000782a00000|100%| O|  |TAMS 0x0000000782900000, 0x0000000782900000| Untracked 
|  42|0x0000000782a00000, 0x0000000782b00000, 0x0000000782b00000|100%| O|  |TAMS 0x0000000782a00000, 0x0000000782a00000| Untracked 
|  43|0x0000000782b00000, 0x0000000782c00000, 0x0000000782c00000|100%| O|  |TAMS 0x0000000782b00000, 0x0000000782b00000| Untracked 
|  44|0x0000000782c00000, 0x0000000782d00000, 0x0000000782d00000|100%| O|  |TAMS 0x0000000782c00000, 0x0000000782c00000| Untracked 
|  45|0x0000000782d00000, 0x0000000782e00000, 0x0000000782e00000|100%| O|  |TAMS 0x0000000782d00000, 0x0000000782d00000| Untracked 
|  46|0x0000000782e00000, 0x0000000782f00000, 0x0000000782f00000|100%| O|  |TAMS 0x0000000782e00000, 0x0000000782e00000| Untracked 
|  47|0x0000000782f00000, 0x0000000783000000, 0x0000000783000000|100%| O|  |TAMS 0x0000000782f00000, 0x0000000782f00000| Untracked 
|  48|0x0000000783000000, 0x0000000783100000, 0x0000000783100000|100%| O|  |TAMS 0x0000000783000000, 0x0000000783000000| Untracked 
|  49|0x0000000783100000, 0x0000000783200000, 0x0000000783200000|100%| O|  |TAMS 0x0000000783100000, 0x0000000783100000| Untracked 
|  50|0x0000000783200000, 0x00000007832b4c00, 0x0000000783300000| 70%| O|  |TAMS 0x0000000783200000, 0x0000000783200000| Untracked 
|  51|0x0000000783300000, 0x0000000783300000, 0x0000000783400000|  0%| F|  |TAMS 0x0000000783300000, 0x0000000783300000| Untracked 
|  52|0x0000000783400000, 0x0000000783400000, 0x0000000783500000|  0%| F|  |TAMS 0x0000000783400000, 0x0000000783400000| Untracked 
|  53|0x0000000783500000, 0x0000000783500000, 0x0000000783600000|  0%| F|  |TAMS 0x0000000783500000, 0x0000000783500000| Untracked 
|  54|0x0000000783600000, 0x0000000783600000, 0x0000000783700000|  0%| F|  |TAMS 0x0000000783600000, 0x0000000783600000| Untracked 
|  55|0x0000000783700000, 0x0000000783700000, 0x0000000783800000|  0%| F|  |TAMS 0x0000000783700000, 0x0000000783700000| Untracked 
|  56|0x0000000783800000, 0x0000000783800000, 0x0000000783900000|  0%| F|  |TAMS 0x0000000783800000, 0x0000000783800000| Untracked 
|  57|0x0000000783900000, 0x0000000783900000, 0x0000000783a00000|  0%| F|  |TAMS 0x0000000783900000, 0x0000000783900000| Untracked 
|  58|0x0000000783a00000, 0x0000000783a00000, 0x0000000783b00000|  0%| F|  |TAMS 0x0000000783a00000, 0x0000000783a00000| Untracked 
|  59|0x0000000783b00000, 0x0000000783b00000, 0x0000000783c00000|  0%| F|  |TAMS 0x0000000783b00000, 0x0000000783b00000| Untracked 
|  60|0x0000000783c00000, 0x0000000783c00000, 0x0000000783d00000|  0%| F|  |TAMS 0x0000000783c00000, 0x0000000783c00000| Untracked 
|  61|0x0000000783d00000, 0x0000000783d00000, 0x0000000783e00000|  0%| F|  |TAMS 0x0000000783d00000, 0x0000000783d00000| Untracked 
|  62|0x0000000783e00000, 0x0000000783e00000, 0x0000000783f00000|  0%| F|  |TAMS 0x0000000783e00000, 0x0000000783e00000| Untracked 
|  63|0x0000000783f00000, 0x0000000783f00000, 0x0000000784000000|  0%| F|  |TAMS 0x0000000783f00000, 0x0000000783f00000| Untracked 
|  64|0x0000000784000000, 0x0000000784000000, 0x0000000784100000|  0%| F|  |TAMS 0x0000000784000000, 0x0000000784000000| Untracked 
|  65|0x0000000784100000, 0x0000000784100000, 0x0000000784200000|  0%| F|  |TAMS 0x0000000784100000, 0x0000000784100000| Untracked 
|  66|0x0000000784200000, 0x0000000784200000, 0x0000000784300000|  0%| F|  |TAMS 0x0000000784200000, 0x0000000784200000| Untracked 
|  67|0x0000000784300000, 0x0000000784300000, 0x0000000784400000|  0%| F|  |TAMS 0x0000000784300000, 0x0000000784300000| Untracked 
|  68|0x0000000784400000, 0x0000000784400000, 0x0000000784500000|  0%| F|  |TAMS 0x0000000784400000, 0x0000000784400000| Untracked 
|  69|0x0000000784500000, 0x0000000784500000, 0x0000000784600000|  0%| F|  |TAMS 0x0000000784500000, 0x0000000784500000| Untracked 
|  70|0x0000000784600000, 0x0000000784600000, 0x0000000784700000|  0%| F|  |TAMS 0x0000000784600000, 0x0000000784600000| Untracked 
|  71|0x0000000784700000, 0x0000000784700000, 0x0000000784800000|  0%| F|  |TAMS 0x0000000784700000, 0x0000000784700000| Untracked 
|  72|0x0000000784800000, 0x0000000784800000, 0x0000000784900000|  0%| F|  |TAMS 0x0000000784800000, 0x0000000784800000| Untracked 
|  73|0x0000000784900000, 0x0000000784900000, 0x0000000784a00000|  0%| F|  |TAMS 0x0000000784900000, 0x0000000784900000| Untracked 
|  74|0x0000000784a00000, 0x0000000784a00000, 0x0000000784b00000|  0%| F|  |TAMS 0x0000000784a00000, 0x0000000784a00000| Untracked 
|  75|0x0000000784b00000, 0x0000000784b00000, 0x0000000784c00000|  0%| F|  |TAMS 0x0000000784b00000, 0x0000000784b00000| Untracked 
|  76|0x0000000784c00000, 0x0000000784c00000, 0x0000000784d00000|  0%| F|  |TAMS 0x0000000784c00000, 0x0000000784c00000| Untracked 
|  77|0x0000000784d00000, 0x0000000784d00000, 0x0000000784e00000|  0%| F|  |TAMS 0x0000000784d00000, 0x0000000784d00000| Untracked 
|  78|0x0000000784e00000, 0x0000000784e00000, 0x0000000784f00000|  0%| F|  |TAMS 0x0000000784e00000, 0x0000000784e00000| Untracked 
|  79|0x0000000784f00000, 0x0000000784f00000, 0x0000000785000000|  0%| F|  |TAMS 0x0000000784f00000, 0x0000000784f00000| Untracked 
|  80|0x0000000785000000, 0x0000000785000000, 0x0000000785100000|  0%| F|  |TAMS 0x0000000785000000, 0x0000000785000000| Untracked 
|  81|0x0000000785100000, 0x0000000785156bd0, 0x0000000785200000| 33%| S|CS|TAMS 0x0000000785100000, 0x0000000785100000| Complete 
|  82|0x0000000785200000, 0x0000000785300000, 0x0000000785300000|100%| S|CS|TAMS 0x0000000785200000, 0x0000000785200000| Complete 
|  83|0x0000000785300000, 0x0000000785400000, 0x0000000785400000|100%| S|CS|TAMS 0x0000000785300000, 0x0000000785300000| Complete 
|  84|0x0000000785400000, 0x0000000785500000, 0x0000000785500000|100%| S|CS|TAMS 0x0000000785400000, 0x0000000785400000| Complete 
|  85|0x0000000785500000, 0x0000000785500000, 0x0000000785600000|  0%| F|  |TAMS 0x0000000785500000, 0x0000000785500000| Untracked 
|  86|0x0000000785600000, 0x0000000785600000, 0x0000000785700000|  0%| F|  |TAMS 0x0000000785600000, 0x0000000785600000| Untracked 
|  87|0x0000000785700000, 0x0000000785780ed0, 0x0000000785800000| 50%| E|  |TAMS 0x0000000785700000, 0x0000000785700000| Complete 
|  88|0x0000000785800000, 0x0000000785900000, 0x0000000785900000|100%| E|CS|TAMS 0x0000000785800000, 0x0000000785800000| Complete 
|  89|0x0000000785900000, 0x0000000785a00000, 0x0000000785a00000|100%| E|CS|TAMS 0x0000000785900000, 0x0000000785900000| Complete 
|  90|0x0000000785a00000, 0x0000000785b00000, 0x0000000785b00000|100%| E|CS|TAMS 0x0000000785a00000, 0x0000000785a00000| Complete 
|  91|0x0000000785b00000, 0x0000000785c00000, 0x0000000785c00000|100%| E|CS|TAMS 0x0000000785b00000, 0x0000000785b00000| Complete 
|  92|0x0000000785c00000, 0x0000000785d00000, 0x0000000785d00000|100%| E|CS|TAMS 0x0000000785c00000, 0x0000000785c00000| Complete 
|  93|0x0000000785d00000, 0x0000000785e00000, 0x0000000785e00000|100%| E|CS|TAMS 0x0000000785d00000, 0x0000000785d00000| Complete 
|  94|0x0000000785e00000, 0x0000000785f00000, 0x0000000785f00000|100%| E|CS|TAMS 0x0000000785e00000, 0x0000000785e00000| Complete 
|  95|0x0000000785f00000, 0x0000000786000000, 0x0000000786000000|100%| E|CS|TAMS 0x0000000785f00000, 0x0000000785f00000| Complete 
|  96|0x0000000786000000, 0x0000000786100000, 0x0000000786100000|100%| E|CS|TAMS 0x0000000786000000, 0x0000000786000000| Complete 
|  97|0x0000000786100000, 0x0000000786200000, 0x0000000786200000|100%| E|CS|TAMS 0x0000000786100000, 0x0000000786100000| Complete 
|  98|0x0000000786200000, 0x0000000786300000, 0x0000000786300000|100%| E|CS|TAMS 0x0000000786200000, 0x0000000786200000| Complete 
|  99|0x0000000786300000, 0x0000000786400000, 0x0000000786400000|100%| E|CS|TAMS 0x0000000786300000, 0x0000000786300000| Complete 
| 100|0x0000000786400000, 0x0000000786500000, 0x0000000786500000|100%| E|CS|TAMS 0x0000000786400000, 0x0000000786400000| Complete 
| 101|0x0000000786500000, 0x0000000786600000, 0x0000000786600000|100%| E|CS|TAMS 0x0000000786500000, 0x0000000786500000| Complete 
| 102|0x0000000786600000, 0x0000000786700000, 0x0000000786700000|100%| E|CS|TAMS 0x0000000786600000, 0x0000000786600000| Complete 
| 103|0x0000000786700000, 0x0000000786800000, 0x0000000786800000|100%| E|CS|TAMS 0x0000000786700000, 0x0000000786700000| Complete 
| 104|0x0000000786800000, 0x0000000786900000, 0x0000000786900000|100%| E|CS|TAMS 0x0000000786800000, 0x0000000786800000| Complete 
| 105|0x0000000786900000, 0x0000000786a00000, 0x0000000786a00000|100%| E|CS|TAMS 0x0000000786900000, 0x0000000786900000| Complete 
| 106|0x0000000786a00000, 0x0000000786b00000, 0x0000000786b00000|100%| E|CS|TAMS 0x0000000786a00000, 0x0000000786a00000| Complete 
| 107|0x0000000786b00000, 0x0000000786c00000, 0x0000000786c00000|100%| E|CS|TAMS 0x0000000786b00000, 0x0000000786b00000| Complete 
| 108|0x0000000786c00000, 0x0000000786d00000, 0x0000000786d00000|100%| E|CS|TAMS 0x0000000786c00000, 0x0000000786c00000| Complete 
| 109|0x0000000786d00000, 0x0000000786e00000, 0x0000000786e00000|100%| E|CS|TAMS 0x0000000786d00000, 0x0000000786d00000| Complete 
| 110|0x0000000786e00000, 0x0000000786f00000, 0x0000000786f00000|100%| E|CS|TAMS 0x0000000786e00000, 0x0000000786e00000| Complete 
| 111|0x0000000786f00000, 0x0000000787000000, 0x0000000787000000|100%| E|CS|TAMS 0x0000000786f00000, 0x0000000786f00000| Complete 
| 112|0x0000000787000000, 0x0000000787100000, 0x0000000787100000|100%| E|CS|TAMS 0x0000000787000000, 0x0000000787000000| Complete 
| 113|0x0000000787100000, 0x0000000787200000, 0x0000000787200000|100%| E|CS|TAMS 0x0000000787100000, 0x0000000787100000| Complete 
| 114|0x0000000787200000, 0x0000000787300000, 0x0000000787300000|100%| E|CS|TAMS 0x0000000787200000, 0x0000000787200000| Complete 
| 115|0x0000000787300000, 0x0000000787400000, 0x0000000787400000|100%| E|CS|TAMS 0x0000000787300000, 0x0000000787300000| Complete 
| 116|0x0000000787400000, 0x0000000787500000, 0x0000000787500000|100%| E|CS|TAMS 0x0000000787400000, 0x0000000787400000| Complete 
| 117|0x0000000787500000, 0x0000000787600000, 0x0000000787600000|100%| E|CS|TAMS 0x0000000787500000, 0x0000000787500000| Complete 
| 118|0x0000000787600000, 0x0000000787700000, 0x0000000787700000|100%| E|CS|TAMS 0x0000000787600000, 0x0000000787600000| Complete 
| 119|0x0000000787700000, 0x0000000787800000, 0x0000000787800000|100%| E|CS|TAMS 0x0000000787700000, 0x0000000787700000| Complete 
| 120|0x0000000787800000, 0x0000000787900000, 0x0000000787900000|100%| E|CS|TAMS 0x0000000787800000, 0x0000000787800000| Complete 
| 121|0x0000000787900000, 0x0000000787a00000, 0x0000000787a00000|100%| E|CS|TAMS 0x0000000787900000, 0x0000000787900000| Complete 
| 122|0x0000000787a00000, 0x0000000787b00000, 0x0000000787b00000|100%| E|CS|TAMS 0x0000000787a00000, 0x0000000787a00000| Complete 
| 123|0x0000000787b00000, 0x0000000787c00000, 0x0000000787c00000|100%| E|CS|TAMS 0x0000000787b00000, 0x0000000787b00000| Complete 
| 124|0x0000000787c00000, 0x0000000787d00000, 0x0000000787d00000|100%| E|CS|TAMS 0x0000000787c00000, 0x0000000787c00000| Complete 
| 125|0x0000000787d00000, 0x0000000787e00000, 0x0000000787e00000|100%| E|CS|TAMS 0x0000000787d00000, 0x0000000787d00000| Complete 
| 126|0x0000000787e00000, 0x0000000787f00000, 0x0000000787f00000|100%| E|CS|TAMS 0x0000000787e00000, 0x0000000787e00000| Complete 
| 127|0x0000000787f00000, 0x0000000788000000, 0x0000000788000000|100%| E|CS|TAMS 0x0000000787f00000, 0x0000000787f00000| Complete 
| 128|0x0000000788000000, 0x0000000788100000, 0x0000000788100000|100%| E|CS|TAMS 0x0000000788000000, 0x0000000788000000| Complete 
| 129|0x0000000788100000, 0x0000000788200000, 0x0000000788200000|100%| E|CS|TAMS 0x0000000788100000, 0x0000000788100000| Complete 
| 130|0x0000000788200000, 0x0000000788300000, 0x0000000788300000|100%| E|CS|TAMS 0x0000000788200000, 0x0000000788200000| Complete 
| 131|0x0000000788300000, 0x0000000788400000, 0x0000000788400000|100%| E|CS|TAMS 0x0000000788300000, 0x0000000788300000| Complete 
| 132|0x0000000788400000, 0x0000000788500000, 0x0000000788500000|100%| E|CS|TAMS 0x0000000788400000, 0x0000000788400000| Complete 
| 133|0x0000000788500000, 0x0000000788600000, 0x0000000788600000|100%| E|CS|TAMS 0x0000000788500000, 0x0000000788500000| Complete 
| 134|0x0000000788600000, 0x0000000788700000, 0x0000000788700000|100%| E|CS|TAMS 0x0000000788600000, 0x0000000788600000| Complete 
| 135|0x0000000788700000, 0x0000000788800000, 0x0000000788800000|100%| E|CS|TAMS 0x0000000788700000, 0x0000000788700000| Complete 
| 136|0x0000000788800000, 0x0000000788900000, 0x0000000788900000|100%| E|CS|TAMS 0x0000000788800000, 0x0000000788800000| Complete 
| 137|0x0000000788900000, 0x0000000788a00000, 0x0000000788a00000|100%| E|CS|TAMS 0x0000000788900000, 0x0000000788900000| Complete 
| 138|0x0000000788a00000, 0x0000000788b00000, 0x0000000788b00000|100%| E|CS|TAMS 0x0000000788a00000, 0x0000000788a00000| Complete 
| 139|0x0000000788b00000, 0x0000000788c00000, 0x0000000788c00000|100%| E|CS|TAMS 0x0000000788b00000, 0x0000000788b00000| Complete 
| 140|0x0000000788c00000, 0x0000000788d00000, 0x0000000788d00000|100%| E|CS|TAMS 0x0000000788c00000, 0x0000000788c00000| Complete 
| 141|0x0000000788d00000, 0x0000000788e00000, 0x0000000788e00000|100%| E|CS|TAMS 0x0000000788d00000, 0x0000000788d00000| Complete 
| 142|0x0000000788e00000, 0x0000000788f00000, 0x0000000788f00000|100%| E|CS|TAMS 0x0000000788e00000, 0x0000000788e00000| Complete 
| 143|0x0000000788f00000, 0x0000000789000000, 0x0000000789000000|100%| E|CS|TAMS 0x0000000788f00000, 0x0000000788f00000| Complete 
| 144|0x0000000789000000, 0x0000000789100000, 0x0000000789100000|100%| E|CS|TAMS 0x0000000789000000, 0x0000000789000000| Complete 
| 145|0x0000000789100000, 0x0000000789200000, 0x0000000789200000|100%| E|CS|TAMS 0x0000000789100000, 0x0000000789100000| Complete 
| 146|0x0000000789200000, 0x0000000789300000, 0x0000000789300000|100%| E|CS|TAMS 0x0000000789200000, 0x0000000789200000| Complete 
| 147|0x0000000789300000, 0x0000000789400000, 0x0000000789400000|100%| E|CS|TAMS 0x0000000789300000, 0x0000000789300000| Complete 
| 148|0x0000000789400000, 0x0000000789500000, 0x0000000789500000|100%| E|CS|TAMS 0x0000000789400000, 0x0000000789400000| Complete 
| 149|0x0000000789500000, 0x0000000789600000, 0x0000000789600000|100%| E|CS|TAMS 0x0000000789500000, 0x0000000789500000| Complete 
| 150|0x0000000789600000, 0x0000000789700000, 0x0000000789700000|100%| E|CS|TAMS 0x0000000789600000, 0x0000000789600000| Complete 
| 151|0x0000000789700000, 0x0000000789800000, 0x0000000789800000|100%| E|CS|TAMS 0x0000000789700000, 0x0000000789700000| Complete 
| 152|0x0000000789800000, 0x0000000789900000, 0x0000000789900000|100%| E|CS|TAMS 0x0000000789800000, 0x0000000789800000| Complete 
| 153|0x0000000789900000, 0x0000000789a00000, 0x0000000789a00000|100%| E|CS|TAMS 0x0000000789900000, 0x0000000789900000| Complete 
| 154|0x0000000789a00000, 0x0000000789b00000, 0x0000000789b00000|100%| E|CS|TAMS 0x0000000789a00000, 0x0000000789a00000| Complete 
| 155|0x0000000789b00000, 0x0000000789c00000, 0x0000000789c00000|100%| E|CS|TAMS 0x0000000789b00000, 0x0000000789b00000| Complete 
| 156|0x0000000789c00000, 0x0000000789d00000, 0x0000000789d00000|100%| E|CS|TAMS 0x0000000789c00000, 0x0000000789c00000| Complete 
| 157|0x0000000789d00000, 0x0000000789e00000, 0x0000000789e00000|100%| E|CS|TAMS 0x0000000789d00000, 0x0000000789d00000| Complete 
| 158|0x0000000789e00000, 0x0000000789f00000, 0x0000000789f00000|100%| E|CS|TAMS 0x0000000789e00000, 0x0000000789e00000| Complete 
| 159|0x0000000789f00000, 0x000000078a000000, 0x000000078a000000|100%| E|CS|TAMS 0x0000000789f00000, 0x0000000789f00000| Complete 
| 160|0x000000078a000000, 0x000000078a100000, 0x000000078a100000|100%| E|CS|TAMS 0x000000078a000000, 0x000000078a000000| Complete 
| 161|0x000000078a100000, 0x000000078a200000, 0x000000078a200000|100%| E|CS|TAMS 0x000000078a100000, 0x000000078a100000| Complete 
| 162|0x000000078a200000, 0x000000078a300000, 0x000000078a300000|100%| E|CS|TAMS 0x000000078a200000, 0x000000078a200000| Complete 
| 163|0x000000078a300000, 0x000000078a400000, 0x000000078a400000|100%| E|CS|TAMS 0x000000078a300000, 0x000000078a300000| Complete 
| 164|0x000000078a400000, 0x000000078a500000, 0x000000078a500000|100%| E|CS|TAMS 0x000000078a400000, 0x000000078a400000| Complete 
| 165|0x000000078a500000, 0x000000078a600000, 0x000000078a600000|100%| E|CS|TAMS 0x000000078a500000, 0x000000078a500000| Complete 
| 166|0x000000078a600000, 0x000000078a700000, 0x000000078a700000|100%| E|CS|TAMS 0x000000078a600000, 0x000000078a600000| Complete 
| 167|0x000000078a700000, 0x000000078a800000, 0x000000078a800000|100%| E|CS|TAMS 0x000000078a700000, 0x000000078a700000| Complete 
| 168|0x000000078a800000, 0x000000078a900000, 0x000000078a900000|100%| E|CS|TAMS 0x000000078a800000, 0x000000078a800000| Complete 
| 169|0x000000078a900000, 0x000000078aa00000, 0x000000078aa00000|100%| E|CS|TAMS 0x000000078a900000, 0x000000078a900000| Complete 
| 170|0x000000078aa00000, 0x000000078ab00000, 0x000000078ab00000|100%| E|CS|TAMS 0x000000078aa00000, 0x000000078aa00000| Complete 
| 171|0x000000078ab00000, 0x000000078ac00000, 0x000000078ac00000|100%| E|CS|TAMS 0x000000078ab00000, 0x000000078ab00000| Complete 
| 172|0x000000078ac00000, 0x000000078ad00000, 0x000000078ad00000|100%| E|CS|TAMS 0x000000078ac00000, 0x000000078ac00000| Complete 
| 173|0x000000078ad00000, 0x000000078ae00000, 0x000000078ae00000|100%| E|CS|TAMS 0x000000078ad00000, 0x000000078ad00000| Complete 
| 174|0x000000078ae00000, 0x000000078af00000, 0x000000078af00000|100%| E|CS|TAMS 0x000000078ae00000, 0x000000078ae00000| Complete 
| 175|0x000000078af00000, 0x000000078b000000, 0x000000078b000000|100%| E|CS|TAMS 0x000000078af00000, 0x000000078af00000| Complete 
| 176|0x000000078b000000, 0x000000078b100000, 0x000000078b100000|100%| E|CS|TAMS 0x000000078b000000, 0x000000078b000000| Complete 
| 177|0x000000078b100000, 0x000000078b200000, 0x000000078b200000|100%| E|CS|TAMS 0x000000078b100000, 0x000000078b100000| Complete 
| 178|0x000000078b200000, 0x000000078b300000, 0x000000078b300000|100%| E|CS|TAMS 0x000000078b200000, 0x000000078b200000| Complete 
| 179|0x000000078b300000, 0x000000078b400000, 0x000000078b400000|100%| E|CS|TAMS 0x000000078b300000, 0x000000078b300000| Complete 
| 180|0x000000078b400000, 0x000000078b500000, 0x000000078b500000|100%| E|CS|TAMS 0x000000078b400000, 0x000000078b400000| Complete 
| 181|0x000000078b500000, 0x000000078b600000, 0x000000078b600000|100%| E|CS|TAMS 0x000000078b500000, 0x000000078b500000| Complete 
| 182|0x000000078b600000, 0x000000078b700000, 0x000000078b700000|100%| E|CS|TAMS 0x000000078b600000, 0x000000078b600000| Complete 
| 183|0x000000078b700000, 0x000000078b800000, 0x000000078b800000|100%| E|CS|TAMS 0x000000078b700000, 0x000000078b700000| Complete 
| 184|0x000000078b800000, 0x000000078b900000, 0x000000078b900000|100%| E|CS|TAMS 0x000000078b800000, 0x000000078b800000| Complete 

Card table byte_map: [0x0000000102c00000,0x0000000103000000] _byte_map_base: 0x00000000ff000000

Marking Bits (Prev, Next): (CMBitMap*) 0x00007fb1d782b450, (CMBitMap*) 0x00007fb1d782b418
 Prev Bits: [0x000000010a52b000, 0x000000010c52b000)
 Next Bits: [0x000000010852b000, 0x000000010a52b000)

Polling page: 0x00000001004ab000

Metaspace:

Usage:
  Non-class:     40.96 MB capacity,    40.28 MB ( 98%) used,   576.81 KB (  1%) free+waste,   118.75 KB ( <1%) overhead. 
      Class:      6.39 MB capacity,     5.94 MB ( 93%) used,   398.25 KB (  6%) free+waste,    56.94 KB ( <1%) overhead. 
       Both:     47.35 MB capacity,    46.22 MB ( 98%) used,   975.06 KB (  2%) free+waste,   175.69 KB ( <1%) overhead. 

Virtual space:
  Non-class space:       42.00 MB reserved,      41.00 MB ( 98%) committed 
      Class space:        1.00 GB reserved,       6.50 MB ( <1%) committed 
             Both:        1.04 GB reserved,      47.50 MB (  4%) committed 

Chunk freelists:
   Non-Class:  39.00 KB
       Class:  18.00 KB
        Both:  57.00 KB

MaxMetaspaceSize: unlimited
CompressedClassSpaceSize: 1.00 GB

CodeHeap 'non-profiled nmethods': size=120032Kb used=1897Kb max_used=1897Kb free=118134Kb
 bounds [0x0000000114544000, 0x00000001147b4000, 0x000000011ba7c000]
CodeHeap 'profiled nmethods': size=120032Kb used=10165Kb max_used=10165Kb free=109866Kb
 bounds [0x000000010d00c000, 0x000000010d9fc000, 0x0000000114544000]
CodeHeap 'non-nmethods': size=5696Kb used=2205Kb max_used=2276Kb free=3490Kb
 bounds [0x000000010ca7c000, 0x000000010ccec000, 0x000000010d00c000]
 total_blobs=5467 nmethods=4683 adapters=696
 compilation: enabled
              stopped_count=0, restarted_count=0
 full_count=0

Compilation events (20 events):
Event: 17.173 Thread 0x00007fb1d7883000 nmethod 4821 0x000000011471d310 code [0x000000011471d4e0, 0x000000011471db48]
Event: 17.173 Thread 0x00007fb1d7883000 4826 %     4       org.objectweb.asm.ClassReader::readCode @ 2035 (5109 bytes)
Event: 17.236 Thread 0x00007fb1d78a4800 4829       3       org.apache.tools.zip.ZipOutputStream::writeDeflated (129 bytes)
Event: 17.237 Thread 0x00007fb1d78a4800 nmethod 4829 0x000000010d9f4110 code [0x000000010d9f43c0, 0x000000010d9f4f00]
Event: 17.392 Thread 0x00007fb1d78a4800 4830 %     3       java.lang.StringUTF16::hashCode @ 9 (33 bytes)
Event: 17.393 Thread 0x00007fb1d78a4800 nmethod 4830% 0x000000010d9f5390 code [0x000000010d9f5540, 0x000000010d9f5730]
Event: 17.393 Thread 0x00007fb1d78a4800 4831       3       java.lang.StringUTF16::hashCode (33 bytes)
Event: 17.393 Thread 0x00007fb1d78a4800 nmethod 4831 0x000000010d9f5810 code [0x000000010d9f59c0, 0x000000010d9f5b70]
Event: 17.650 Thread 0x00007fb1d78a4800 4833       1       java.util.stream.FindOps$FindSink::cancellationRequested (5 bytes)
Event: 17.650 Thread 0x00007fb1d78a4800 nmethod 4833 0x000000011471e090 code [0x000000011471e240, 0x000000011471e2f0]
Event: 17.650 Thread 0x00007fb1d78a4800 4834       1       javax.management.ObjectName::getCanonicalName (5 bytes)
Event: 17.650 Thread 0x00007fb1d78a4800 nmethod 4834 0x000000011471e390 code [0x000000011471e540, 0x000000011471e5f0]
Event: 17.650 Thread 0x00007fb1d78a4800 4835       2       java.util.Spliterators$EmptySpliterator::forEachRemaining (6 bytes)
Event: 17.650 Thread 0x00007fb1d78a4800 nmethod 4835 0x000000010d9f5c90 code [0x000000010d9f5e40, 0x000000010d9f5fe0]
Event: 17.650 Thread 0x00007fb1d78a4800 4836       2       java.util.Spliterators::emptySpliterator (4 bytes)
Event: 17.650 Thread 0x00007fb1d78a4800 nmethod 4836 0x000000010d9f6110 code [0x000000010d9f62c0, 0x000000010d9f6390]
Event: 17.650 Thread 0x00007fb1d78a4800 4837       2       java.util.Spliterators$EmptySpliterator$OfRef::forEachRemaining (6 bytes)
Event: 17.651 Thread 0x00007fb1d78a4800 nmethod 4837 0x000000010d9f6410 code [0x000000010d9f65c0, 0x000000010d9f6760]
Event: 17.882 Thread 0x00007fb1d78a4800 4839       2       org.objectweb.asm.MethodVisitor::visitLookupSwitchInsn (18 bytes)
Event: 17.883 Thread 0x00007fb1d78a4800 nmethod 4839 0x000000010d9f6890 code [0x000000010d9f6a40, 0x000000010d9f6b60]

GC Heap History (20 events):
Event: 8.703 GC heap before
{Heap before GC invocations=7 (full 0):
 garbage-first heap   total 157696K, used 94359K [0x0000000780000000, 0x0000000800000000)
  region size 1024K, 69 young (70656K), 5 survivors (5120K)
 Metaspace       used 34892K, capacity 35724K, committed 35840K, reserved 1079296K
  class space    used 4659K, capacity 5016K, committed 5120K, reserved 1048576K
}
Event: 8.731 GC heap after
{Heap after GC invocations=8 (full 0):
 garbage-first heap   total 157696K, used 33342K [0x0000000780000000, 0x0000000800000000)
  region size 1024K, 8 young (8192K), 8 survivors (8192K)
 Metaspace       used 34892K, capacity 35724K, committed 35840K, reserved 1079296K
  class space    used 4659K, capacity 5016K, committed 5120K, reserved 1048576K
}
Event: 11.300 GC heap before
{Heap before GC invocations=9 (full 0):
 garbage-first heap   total 157696K, used 121406K [0x0000000780000000, 0x0000000800000000)
  region size 1024K, 92 young (94208K), 8 survivors (8192K)
 Metaspace       used 45855K, capacity 47074K, committed 47360K, reserved 1089536K
  class space    used 5916K, capacity 6347K, committed 6400K, reserved 1048576K
}
Event: 11.317 GC heap after
{Heap after GC invocations=10 (full 0):
 garbage-first heap   total 157696K, used 39440K [0x0000000780000000, 0x0000000800000000)
  region size 1024K, 10 young (10240K), 10 survivors (10240K)
 Metaspace       used 45855K, capacity 47074K, committed 47360K, reserved 1089536K
  class space    used 5916K, capacity 6347K, committed 6400K, reserved 1048576K
}
Event: 12.491 GC heap before
{Heap before GC invocations=11 (full 0):
 garbage-first heap   total 157696K, used 130576K [0x0000000780000000, 0x0000000800000000)
  region size 1024K, 89 young (91136K), 10 survivors (10240K)
 Metaspace       used 47186K, capacity 48291K, committed 48640K, reserved 1091584K
  class space    used 6079K, capacity 6542K, committed 6656K, reserved 1048576K
}
Event: 12.523 GC heap after
{Heap after GC invocations=12 (full 0):
 garbage-first heap   total 157696K, used 45223K [0x0000000780000000, 0x0000000800000000)
  region size 1024K, 2 young (2048K), 2 survivors (2048K)
 Metaspace       used 47186K, capacity 48291K, committed 48640K, reserved 1091584K
  class space    used 6079K, capacity 6542K, committed 6656K, reserved 1048576K
}
Event: 13.200 GC heap before
{Heap before GC invocations=12 (full 0):
 garbage-first heap   total 157696K, used 124071K [0x0000000780000000, 0x0000000800000000)
  region size 1024K, 79 young (80896K), 2 survivors (2048K)
 Metaspace       used 47303K, capacity 48483K, committed 48640K, reserved 1091584K
  class space    used 6086K, capacity 6542K, committed 6656K, reserved 1048576K
}
Event: 13.203 GC heap after
{Heap after GC invocations=13 (full 0):
 garbage-first heap   total 189440K, used 45002K [0x0000000780000000, 0x0000000800000000)
  region size 1024K, 2 young (2048K), 2 survivors (2048K)
 Metaspace       used 47303K, capacity 48483K, committed 48640K, reserved 1091584K
  class space    used 6086K, capacity 6542K, committed 6656K, reserved 1048576K
}
Event: 14.082 GC heap before
{Heap before GC invocations=13 (full 0):
 garbage-first heap   total 189440K, used 141258K [0x0000000780000000, 0x0000000800000000)
  region size 1024K, 96 young (98304K), 2 survivors (2048K)
 Metaspace       used 47306K, capacity 48483K, committed 48640K, reserved 1091584K
  class space    used 6086K, capacity 6542K, committed 6656K, reserved 1048576K
}
Event: 14.084 GC heap after
{Heap after GC invocations=14 (full 0):
 garbage-first heap   total 189440K, used 45585K [0x0000000780000000, 0x0000000800000000)
  region size 1024K, 3 young (3072K), 3 survivors (3072K)
 Metaspace       used 47306K, capacity 48483K, committed 48640K, reserved 1091584K
  class space    used 6086K, capacity 6542K, committed 6656K, reserved 1048576K
}
Event: 14.649 GC heap before
{Heap before GC invocations=14 (full 0):
 garbage-first heap   total 189440K, used 144913K [0x0000000780000000, 0x0000000800000000)
  region size 1024K, 100 young (102400K), 3 survivors (3072K)
 Metaspace       used 47306K, capacity 48483K, committed 48640K, reserved 1091584K
  class space    used 6086K, capacity 6542K, committed 6656K, reserved 1048576K
}
Event: 14.652 GC heap after
{Heap after GC invocations=15 (full 0):
 garbage-first heap   total 189440K, used 46414K [0x0000000780000000, 0x0000000800000000)
  region size 1024K, 4 young (4096K), 4 survivors (4096K)
 Metaspace       used 47306K, capacity 48483K, committed 48640K, reserved 1091584K
  class space    used 6086K, capacity 6542K, committed 6656K, reserved 1048576K
}
Event: 15.409 GC heap before
{Heap before GC invocations=15 (full 0):
 garbage-first heap   total 189440K, used 150862K [0x0000000780000000, 0x0000000800000000)
  region size 1024K, 105 young (107520K), 4 survivors (4096K)
 Metaspace       used 47330K, capacity 48483K, committed 48640K, reserved 1091584K
  class space    used 6086K, capacity 6542K, committed 6656K, reserved 1048576K
}
Event: 15.416 GC heap after
{Heap after GC invocations=16 (full 0):
 garbage-first heap   total 189440K, used 52063K [0x0000000780000000, 0x0000000800000000)
  region size 1024K, 9 young (9216K), 9 survivors (9216K)
 Metaspace       used 47330K, capacity 48483K, committed 48640K, reserved 1091584K
  class space    used 6086K, capacity 6542K, committed 6656K, reserved 1048576K
}
Event: 16.309 GC heap before
{Heap before GC invocations=16 (full 0):
 garbage-first heap   total 189440K, used 152415K [0x0000000780000000, 0x0000000800000000)
  region size 1024K, 107 young (109568K), 9 survivors (9216K)
 Metaspace       used 47330K, capacity 48483K, committed 48640K, reserved 1091584K
  class space    used 6086K, capacity 6542K, committed 6656K, reserved 1048576K
}
Event: 16.412 GC heap after
{Heap after GC invocations=17 (full 0):
 garbage-first heap   total 189440K, used 52848K [0x0000000780000000, 0x0000000800000000)
  region size 1024K, 8 young (8192K), 8 survivors (8192K)
 Metaspace       used 47330K, capacity 48483K, committed 48640K, reserved 1091584K
  class space    used 6086K, capacity 6542K, committed 6656K, reserved 1048576K
}
Event: 17.177 GC heap before
{Heap before GC invocations=17 (full 0):
 garbage-first heap   total 189440K, used 154224K [0x0000000780000000, 0x0000000800000000)
  region size 1024K, 107 young (109568K), 8 survivors (8192K)
 Metaspace       used 47330K, capacity 48483K, committed 48640K, reserved 1091584K
  class space    used 6086K, capacity 6542K, committed 6656K, reserved 1048576K
}
Event: 17.187 GC heap after
{Heap after GC invocations=18 (full 0):
 garbage-first heap   total 189440K, used 54190K [0x0000000780000000, 0x0000000800000000)
  region size 1024K, 8 young (8192K), 8 survivors (8192K)
 Metaspace       used 47330K, capacity 48483K, committed 48640K, reserved 1091584K
  class space    used 6086K, capacity 6542K, committed 6656K, reserved 1048576K
}
Event: 17.712 GC heap before
{Heap before GC invocations=18 (full 0):
 garbage-first heap   total 189440K, used 156590K [0x0000000780000000, 0x0000000800000000)
  region size 1024K, 108 young (110592K), 8 survivors (8192K)
 Metaspace       used 47331K, capacity 48483K, committed 48640K, reserved 1091584K
  class space    used 6086K, capacity 6542K, committed 6656K, reserved 1048576K
}
Event: 17.733 GC heap after
{Heap after GC invocations=19 (full 0):
 garbage-first heap   total 189440K, used 55341K [0x0000000780000000, 0x0000000800000000)
  region size 1024K, 4 young (4096K), 4 survivors (4096K)
 Metaspace       used 47331K, capacity 48483K, committed 48640K, reserved 1091584K
  class space    used 6086K, capacity 6542K, committed 6656K, reserved 1048576K
}

Deoptimization events (20 events):
Event: 17.350 Thread 0x00007fb1dc8e3800 DEOPT PACKING pc=0x000000010d9c0c69 sp=0x00007000084ef9c0
Event: 17.350 Thread 0x00007fb1dc8e3800 DEOPT UNPACKING pc=0x000000010caa20ca sp=0x00007000084ef060 mode 0
Event: 17.364 Thread 0x00007fb1dc8e3800 DEOPT PACKING pc=0x000000010d9c0c69 sp=0x00007000084ef9c0
Event: 17.364 Thread 0x00007fb1dc8e3800 DEOPT UNPACKING pc=0x000000010caa20ca sp=0x00007000084ef060 mode 0
Event: 17.430 Thread 0x00007fb1dc8e3800 DEOPT PACKING pc=0x000000010d9c0c69 sp=0x00007000084ef9c0
Event: 17.430 Thread 0x00007fb1dc8e3800 DEOPT UNPACKING pc=0x000000010caa20ca sp=0x00007000084ef060 mode 0
Event: 17.539 Thread 0x00007fb1dc8e3800 DEOPT PACKING pc=0x000000010d9c0c69 sp=0x00007000084ef9c0
Event: 17.539 Thread 0x00007fb1dc8e3800 DEOPT UNPACKING pc=0x000000010caa20ca sp=0x00007000084ef060 mode 0
Event: 17.601 Thread 0x00007fb1dc8e3800 DEOPT PACKING pc=0x000000010d9c0c69 sp=0x00007000084ef9c0
Event: 17.601 Thread 0x00007fb1dc8e3800 DEOPT UNPACKING pc=0x000000010caa20ca sp=0x00007000084ef060 mode 0
Event: 17.736 Thread 0x00007fb1dc8e3800 DEOPT PACKING pc=0x000000010d9c0c69 sp=0x00007000084ef9c0
Event: 17.736 Thread 0x00007fb1dc8e3800 DEOPT UNPACKING pc=0x000000010caa20ca sp=0x00007000084ef060 mode 0
Event: 17.794 Thread 0x00007fb1dc8e3800 DEOPT PACKING pc=0x000000010d9c0c69 sp=0x00007000084ef9c0
Event: 17.794 Thread 0x00007fb1dc8e3800 DEOPT UNPACKING pc=0x000000010caa20ca sp=0x00007000084ef060 mode 0
Event: 17.809 Thread 0x00007fb1dc8e3800 DEOPT PACKING pc=0x000000010d9c0c69 sp=0x00007000084ef9c0
Event: 17.809 Thread 0x00007fb1dc8e3800 DEOPT UNPACKING pc=0x000000010caa20ca sp=0x00007000084ef060 mode 0
Event: 17.836 Thread 0x00007fb1dc8e3800 DEOPT PACKING pc=0x000000010d9c0c69 sp=0x00007000084ef9c0
Event: 17.836 Thread 0x00007fb1dc8e3800 DEOPT UNPACKING pc=0x000000010caa20ca sp=0x00007000084ef060 mode 0
Event: 17.936 Thread 0x00007fb1dc8e3800 DEOPT PACKING pc=0x000000010d9c0c69 sp=0x00007000084ef9c0
Event: 17.936 Thread 0x00007fb1dc8e3800 DEOPT UNPACKING pc=0x000000010caa20ca sp=0x00007000084ef060 mode 0

Classes redefined (0 events):
No events

Internal exceptions (20 events):
Event: 10.969 Thread 0x00007fb1d8841800 Exception <a 'java/lang/ClassNotFoundException'{0x00000007850da7e8}: sync_studio_tooling1_2hcu8yu1s4xvsb029vh1z4zizBeanInfo> (0x00000007850da7e8) thrown at [src/hotspot/share/classfile/systemDictionary.cpp, line 231]
Event: 10.970 Thread 0x00007fb1d8841800 Exception <a 'java/lang/ClassNotFoundException'{0x00000007850e73a0}: sync_studio_tooling1_2hcu8yu1s4xvsb029vh1z4zizCustomizer> (0x00000007850e73a0) thrown at [src/hotspot/share/classfile/systemDictionary.cpp, line 231]
Event: 10.983 Thread 0x00007fb1d8841800 Exception <a 'java/lang/ClassNotFoundException'{0x0000000784f611f0}: org/gradle/internal/metaobject/ConfigureDelegateBeanInfo> (0x0000000784f611f0) thrown at [src/hotspot/share/classfile/systemDictionary.cpp, line 231]
Event: 10.984 Thread 0x00007fb1d8841800 Exception <a 'java/lang/ClassNotFoundException'{0x0000000784f88250}: org/gradle/internal/metaobject/ConfigureDelegateCustomizer> (0x0000000784f88250) thrown at [src/hotspot/share/classfile/systemDictionary.cpp, line 231]
Event: 10.995 Thread 0x00007fb1d8841800 Exception <a 'java/lang/ClassNotFoundException'{0x0000000784e01500}: org/gradle/api/internal/initialization/DefaultScriptHandlerBeanInfo> (0x0000000784e01500) thrown at [src/hotspot/share/classfile/systemDictionary.cpp, line 231]
Event: 10.996 Thread 0x00007fb1d8841800 Exception <a 'java/lang/ClassNotFoundException'{0x0000000784e2c6a8}: org/gradle/api/internal/initialization/DefaultScriptHandlerCustomizer> (0x0000000784e2c6a8) thrown at [src/hotspot/share/classfile/systemDictionary.cpp, line 231]
Event: 11.154 Thread 0x00007fb1d8841800 Exception <a 'java/lang/ClassNotFoundException'{0x0000000784502b50}: org/gradle/api/internal/artifacts/dsl/dependencies/DefaultDependencyHandler_DecoratedBeanInfo> (0x0000000784502b50) thrown at [src/hotspot/share/classfile/systemDictionary.cpp, line 231]
Event: 11.155 Thread 0x00007fb1d8841800 Exception <a 'java/lang/ClassNotFoundException'{0x0000000784544338}: org/gradle/api/internal/artifacts/dsl/dependencies/DefaultDependencyHandlerBeanInfo> (0x0000000784544338) thrown at [src/hotspot/share/classfile/systemDictionary.cpp, line 231]
Event: 11.156 Thread 0x00007fb1d8841800 Exception <a 'java/lang/ClassNotFoundException'{0x0000000784585f38}: org/gradle/api/internal/artifacts/dsl/dependencies/DefaultDependencyHandlerCustomizer> (0x0000000784585f38) thrown at [src/hotspot/share/classfile/systemDictionary.cpp, line 231]
Event: 11.160 Thread 0x00007fb1d8841800 Exception <a 'java/lang/ClassNotFoundException'{0x00000007845f1960}: org/gradle/api/internal/artifacts/dsl/dependencies/DefaultDependencyHandler_DecoratedCustomizer> (0x00000007845f1960) thrown at [src/hotspot/share/classfile/systemDictionary.cpp, line 231]
Event: 11.180 Thread 0x00007fb1d8841800 Exception <a 'java/lang/NoSuchMethodError'{0x000000078430a430}: 'java.lang.Object java.lang.invoke.DirectMethodHandle$Holder.invokeStatic(java.lang.Object, java.lang.Object, int, java.lang.Object)'> (0x000000078430a430) thrown at [src/hotspot/share/interpreter/linkResolver.cpp, line 773]
Event: 11.181 Thread 0x00007fb1d8841800 Exception <a 'java/lang/NoSuchMethodError'{0x0000000784311420}: 'java.lang.Object java.lang.invoke.Invokers$Holder.linkToTargetMethod(java.lang.Object, int, java.lang.Object, java.lang.Object)'> (0x0000000784311420) thrown at [src/hotspot/share/interpreter/linkResolver.cpp, line 773]
Event: 11.466 Thread 0x00007fb1d8841800 Exception <a 'java/lang/IncompatibleClassChangeError'{0x0000000789115660}: Found class java.lang.Object, but interface was expected> (0x0000000789115660) thrown at [src/hotspot/share/interpreter/linkResolver.cpp, line 839]
Event: 11.490 Thread 0x00007fb1d8841800 Exception <a 'java/lang/NoSuchMethodError'{0x00000007890f9468}: 'java.lang.Object java.lang.invoke.Invokers$Holder.linkToTargetMethod(java.lang.Object, int, java.lang.Object)'> (0x00000007890f9468) thrown at [src/hotspot/share/interpreter/linkResolver.cpp, line 773]
Event: 11.532 Thread 0x00007fb1d8841800 Exception <a 'java/lang/NoSuchMethodError'{0x0000000788b8e1b8}: 'int java.lang.invoke.DirectMethodHandle$Holder.invokeStaticInit(java.lang.Object)'> (0x0000000788b8e1b8) thrown at [src/hotspot/share/interpreter/linkResolver.cpp, line 773]
Event: 11.552 Thread 0x00007fb1dc2ab800 Exception <a 'sun/nio/fs/UnixException'{0x000000078890c950}> (0x000000078890c950) thrown at [src/hotspot/share/prims/jni.cpp, line 615]
Event: 11.583 Thread 0x00007fb1dc8e3800 Exception <a 'sun/nio/fs/UnixException'{0x00000007880949f8}> (0x00000007880949f8) thrown at [src/hotspot/share/prims/jni.cpp, line 615]
Event: 12.812 Thread 0x00007fb1dc2ab800 Exception <a 'sun/nio/fs/UnixException'{0x0000000786fad748}> (0x0000000786fad748) thrown at [src/hotspot/share/prims/jni.cpp, line 615]
Event: 12.813 Thread 0x00007fb1dc2ab800 Exception <a 'sun/nio/fs/UnixException'{0x0000000786fad7f8}> (0x0000000786fad7f8) thrown at [src/hotspot/share/prims/jni.cpp, line 615]
Event: 15.033 Thread 0x00007fb1dc8e3800 Implicit null exception at 0x00000001146f364f to 0x00000001146f3b07

Events (20 events):
Event: 12.964 loading class com/google/common/collect/Lists$TransformingSequentialList$1
Event: 12.964 loading class com/google/common/collect/Lists$TransformingSequentialList$1 done
Event: 12.964 loading class com/google/common/collect/TransformedListIterator
Event: 12.964 loading class com/google/common/collect/TransformedListIterator done
Event: 12.965 loading class com/google/common/collect/TransformedIterator
Event: 12.965 loading class com/google/common/collect/TransformedIterator done
Event: 13.200 Executing VM operation: G1CollectForAllocation
Event: 13.203 Executing VM operation: G1CollectForAllocation done
Event: 14.082 Executing VM operation: G1CollectForAllocation
Event: 14.084 Executing VM operation: G1CollectForAllocation done
Event: 14.648 Executing VM operation: G1CollectForAllocation
Event: 14.652 Executing VM operation: G1CollectForAllocation done
Event: 15.408 Executing VM operation: G1CollectForAllocation
Event: 15.416 Executing VM operation: G1CollectForAllocation done
Event: 16.307 Executing VM operation: G1CollectForAllocation
Event: 16.412 Executing VM operation: G1CollectForAllocation done
Event: 17.176 Executing VM operation: G1CollectForAllocation
Event: 17.187 Executing VM operation: G1CollectForAllocation done
Event: 17.712 Executing VM operation: G1CollectForAllocation
Event: 17.733 Executing VM operation: G1CollectForAllocation done


Dynamic libraries:
0x00000001004b9000 	/Applications/Android Studio.app/Contents/jre/Contents/Home/lib/jli/libjli.dylib
0x00007ff828c69000 	/System/Library/Frameworks/Cocoa.framework/Versions/A/Cocoa
0x00007ff814ada000 	/System/Library/Frameworks/AppKit.framework/Versions/C/AppKit
0x00007ff817fd6000 	/System/Library/Frameworks/CoreData.framework/Versions/A/CoreData
0x00007ff812ef1000 	/System/Library/Frameworks/Foundation.framework/Versions/C/Foundation
0x00007ff81cd9e000 	/usr/lib/libSystem.B.dylib
0x00007ff81596c000 	/System/Library/PrivateFrameworks/UIFoundation.framework/Versions/A/UIFoundation
0x00007ff822c15000 	/System/Library/PrivateFrameworks/RemoteViewServices.framework/Versions/A/RemoteViewServices
0x00007ff81b000000 	/System/Library/PrivateFrameworks/XCTTargetBootstrap.framework/Versions/A/XCTTargetBootstrap
0x00007ff81ebae000 	/System/Library/PrivateFrameworks/InternationalSupport.framework/Versions/A/InternationalSupport
0x00007ff81ec38000 	/System/Library/PrivateFrameworks/UserActivity.framework/Versions/A/UserActivity
0x00007ff81df8e000 	/usr/lib/libspindump.dylib
0x00007ff815bfa000 	/System/Library/Frameworks/UniformTypeIdentifiers.framework/Versions/A/UniformTypeIdentifiers
0x00007ff819739000 	/usr/lib/libapp_launch_measurement.dylib
0x00007ff8189a2000 	/System/Library/PrivateFrameworks/CoreAnalytics.framework/Versions/A/CoreAnalytics
0x00007ff81973c000 	/System/Library/PrivateFrameworks/CoreAutoLayout.framework/Versions/A/CoreAutoLayout
0x00007ff81a95c000 	/System/Library/Frameworks/Metal.framework/Versions/A/Metal
0x00007ff81b676000 	/usr/lib/liblangid.dylib
0x00007ff81b004000 	/System/Library/PrivateFrameworks/CoreSVG.framework/Versions/A/CoreSVG
0x00007ff816fc1000 	/System/Library/PrivateFrameworks/SkyLight.framework/Versions/A/SkyLight
0x00007ff817357000 	/System/Library/Frameworks/CoreGraphics.framework/Versions/A/CoreGraphics
0x00007ff823284000 	/System/Library/Frameworks/Accelerate.framework/Versions/A/Accelerate
0x00007ff81da09000 	/System/Library/PrivateFrameworks/IconServices.framework/Versions/A/IconServices
0x00007ff81a941000 	/System/Library/Frameworks/IOSurface.framework/Versions/A/IOSurface
0x00007ff8189d0000 	/usr/lib/libDiagnosticMessagesClient.dylib
0x00007ff81ccbe000 	/usr/lib/libz.1.dylib
0x00007ff8268f5000 	/System/Library/Frameworks/ApplicationServices.framework/Versions/A/ApplicationServices
0x00007ff81afec000 	/System/Library/PrivateFrameworks/DFRFoundation.framework/Versions/A/DFRFoundation
0x00007ff8143cb000 	/usr/lib/libicucore.A.dylib
0x00007ff81f8d3000 	/System/Library/Frameworks/AudioToolbox.framework/Versions/A/AudioToolbox
0x00007ff81ebba000 	/System/Library/PrivateFrameworks/DataDetectorsCore.framework/Versions/A/DataDetectorsCore
0x00007ff91a512000 	/System/Library/PrivateFrameworks/TextInput.framework/Versions/A/TextInput
0x00007ff816f45000 	/usr/lib/libMobileGestalt.dylib
0x00007ff81acf4000 	/System/Library/Frameworks/Carbon.framework/Versions/A/Frameworks/HIToolbox.framework/Versions/A/HIToolbox
0x00007ff819166000 	/System/Library/Frameworks/QuartzCore.framework/Versions/A/QuartzCore
0x00007ff81406b000 	/System/Library/Frameworks/Security.framework/Versions/A/Security
0x00007ff822c4d000 	/System/Library/Frameworks/Carbon.framework/Versions/A/Frameworks/SpeechRecognition.framework/Versions/A/SpeechRecognition
0x00007ff819499000 	/System/Library/PrivateFrameworks/CoreUI.framework/Versions/A/CoreUI
0x00007ff813943000 	/System/Library/Frameworks/CoreAudio.framework/Versions/A/CoreAudio
0x00007ff818abe000 	/System/Library/Frameworks/DiskArbitration.framework/Versions/A/DiskArbitration
0x00007ff81e375000 	/System/Library/PrivateFrameworks/MultitouchSupport.framework/Versions/A/MultitouchSupport
0x00007ff816f44000 	/usr/lib/libenergytrace.dylib
0x00007ff8149c6000 	/System/Library/Frameworks/IOKit.framework/Versions/A/IOKit
0x00007ff823039000 	/System/Library/Frameworks/CoreServices.framework/Versions/A/CoreServices
0x00007ff8196d3000 	/System/Library/PrivateFrameworks/PerformanceAnalysis.framework/Versions/A/PerformanceAnalysis
0x00007ffa29ce2000 	/System/Library/Frameworks/OpenGL.framework/Versions/A/OpenGL
0x00007ff81c2eb000 	/System/Library/PrivateFrameworks/MobileKeyBag.framework/Versions/A/MobileKeyBag
0x00007ff811eb2000 	/usr/lib/libobjc.A.dylib
0x00007ff817a23000 	/System/Library/Frameworks/ColorSync.framework/Versions/A/ColorSync
0x00007ff81206b000 	/System/Library/Frameworks/CoreFoundation.framework/Versions/A/CoreFoundation
0x00007ff81b27d000 	/System/Library/Frameworks/CoreImage.framework/Versions/A/CoreImage
0x00007ff813759000 	/System/Library/Frameworks/CoreText.framework/Versions/A/CoreText
0x00007ff81b033000 	/System/Library/Frameworks/ImageIO.framework/Versions/A/ImageIO
0x00007ff81cda4000 	/System/Library/PrivateFrameworks/SoftLinking.framework/Versions/A/SoftLinking
0x00007ff819784000 	/usr/lib/libxml2.2.dylib
0x00007ff811f78000 	/usr/lib/libc++.1.dylib
0x00007ff81d028000 	/usr/lib/libcompression.dylib
0x00007ff81eae4000 	/System/Library/PrivateFrameworks/TextureIO.framework/Versions/A/TextureIO
0x00007ff81d71b000 	/usr/lib/libate.dylib
0x00007ff81cd99000 	/usr/lib/system/libcache.dylib
0x00007ff81cd55000 	/usr/lib/system/libcommonCrypto.dylib
0x00007ff81cd7e000 	/usr/lib/system/libcompiler_rt.dylib
0x00007ff81cd74000 	/usr/lib/system/libcopyfile.dylib
0x00007ff811dac000 	/usr/lib/system/libcorecrypto.dylib
0x00007ff811e6b000 	/usr/lib/system/libdispatch.dylib
0x00007ff81202a000 	/usr/lib/system/libdyld.dylib
0x00007ff81cd90000 	/usr/lib/system/libkeymgr.dylib
0x00007ff81cd33000 	/usr/lib/system/libmacho.dylib
0x00007ff81c3bf000 	/usr/lib/system/libquarantine.dylib
0x00007ff81cd8e000 	/usr/lib/system/libremovefile.dylib
0x00007ff816f91000 	/usr/lib/system/libsystem_asl.dylib
0x00007ff811d5a000 	/usr/lib/system/libsystem_blocks.dylib
0x00007ff811eef000 	/usr/lib/system/libsystem_c.dylib
0x00007ff81cd86000 	/usr/lib/system/libsystem_collections.dylib
0x00007ff81b667000 	/usr/lib/system/libsystem_configuration.dylib
0x00007ff81a924000 	/usr/lib/system/libsystem_containermanager.dylib
0x00007ff81ca70000 	/usr/lib/system/libsystem_coreservices.dylib
0x00007ff814654000 	/usr/lib/system/libsystem_darwin.dylib
0x00007ff81cd91000 	/usr/lib/system/libsystem_dnssd.dylib
0x00007ff811eec000 	/usr/lib/system/libsystem_featureflags.dylib
0x00007ff812040000 	/usr/lib/system/libsystem_info.dylib
0x00007ff81ccd1000 	/usr/lib/system/libsystem_m.dylib
0x00007ff811e3f000 	/usr/lib/system/libsystem_malloc.dylib
0x00007ff816f2e000 	/usr/lib/system/libsystem_networkextension.dylib
0x00007ff814a7c000 	/usr/lib/system/libsystem_notify.dylib
0x00007ff822f0e000 	/usr/lib/system/libsystem_product_info_filter.dylib
0x00007ff81b66b000 	/usr/lib/system/libsystem_sandbox.dylib
0x00007ff81cd8b000 	/usr/lib/system/libsystem_secinit.dylib
0x00007ff811fe7000 	/usr/lib/system/libsystem_kernel.dylib
0x00007ff812036000 	/usr/lib/system/libsystem_platform.dylib
0x00007ff81201e000 	/usr/lib/system/libsystem_pthread.dylib
0x00007ff8187e9000 	/usr/lib/system/libsystem_symptoms.dylib
0x00007ff811d93000 	/usr/lib/system/libsystem_trace.dylib
0x00007ff81cd61000 	/usr/lib/system/libunwind.dylib
0x00007ff811d5c000 	/usr/lib/system/libxpc.dylib
0x00007ff811fd1000 	/usr/lib/libc++abi.dylib
0x00007ff81cd6c000 	/usr/lib/liboah.dylib
0x00007ff81d4f9000 	/usr/lib/liblzma.5.dylib
0x00007ff812c02000 	/System/Library/Frameworks/SystemConfiguration.framework/Versions/A/SystemConfiguration
0x00007ff81cda0000 	/usr/lib/libfakelink.dylib
0x00007ff816a97000 	/System/Library/Frameworks/CFNetwork.framework/Versions/A/CFNetwork
0x00007ff81cedf000 	/usr/lib/libarchive.2.dylib
0x00007ff81b672000 	/System/Library/PrivateFrameworks/AppleSystemInfo.framework/Versions/A/AppleSystemInfo
0x00007ff81c3e6000 	/usr/lib/libbsm.0.dylib
0x00007ff8160cd000 	/usr/lib/libnetwork.dylib
0x00007ff81cd39000 	/usr/lib/system/libkxld.dylib
0x00007ff81c014000 	/System/Library/PrivateFrameworks/IOMobileFramebuffer.framework/Versions/A/IOMobileFramebuffer
0x00007ffb27b07000 	/usr/lib/libCoreEntitlements.dylib
0x00007ff81ca52000 	/System/Library/PrivateFrameworks/AppleFSCompression.framework/Versions/A/AppleFSCompression
0x00007ff81c3ce000 	/usr/lib/libcoretls.dylib
0x00007ff81d513000 	/usr/lib/libcoretls_cfhelpers.dylib
0x00007ff81d023000 	/usr/lib/libpam.2.dylib
0x00007ff81840b000 	/usr/lib/libsqlite3.dylib
0x00007ff81d582000 	/usr/lib/libxar.1.dylib
0x00007ff81ca62000 	/usr/lib/libbz2.1.0.dylib
0x00007ff81cda5000 	/usr/lib/libpcap.A.dylib
0x00007ff8187e0000 	/usr/lib/libdns_services.dylib
0x00007ff81cff2000 	/usr/lib/libapple_nghttp2.dylib
0x00007ff81cddc000 	/usr/lib/libiconv.2.dylib
0x00007ff81cd32000 	/usr/lib/libcharset.1.dylib
0x00007ff819707000 	/System/Library/Frameworks/CoreServices.framework/Versions/A/Frameworks/FSEvents.framework/Versions/A/FSEvents
0x00007ff81465e000 	/System/Library/Frameworks/CoreServices.framework/Versions/A/Frameworks/CarbonCore.framework/Versions/A/CarbonCore
0x00007ff818a23000 	/System/Library/Frameworks/CoreServices.framework/Versions/A/Frameworks/Metadata.framework/Versions/A/Metadata
0x00007ff81ca75000 	/System/Library/Frameworks/CoreServices.framework/Versions/A/Frameworks/OSServices.framework/Versions/A/OSServices
0x00007ff81cf66000 	/System/Library/Frameworks/CoreServices.framework/Versions/A/Frameworks/SearchKit.framework/Versions/A/SearchKit
0x00007ff818772000 	/System/Library/Frameworks/CoreServices.framework/Versions/A/Frameworks/AE.framework/Versions/A/AE
0x00007ff81256e000 	/System/Library/Frameworks/CoreServices.framework/Versions/A/Frameworks/LaunchServices.framework/Versions/A/LaunchServices
0x00007ff81d4aa000 	/System/Library/Frameworks/CoreServices.framework/Versions/A/Frameworks/DictionaryServices.framework/Versions/A/DictionaryServices
0x00007ff819714000 	/System/Library/Frameworks/CoreServices.framework/Versions/A/Frameworks/SharedFileList.framework/Versions/A/SharedFileList
0x00007ff81c3c2000 	/usr/lib/libCheckFix.dylib
0x00007ff816fa8000 	/System/Library/PrivateFrameworks/TCC.framework/Versions/A/TCC
0x00007ff81b678000 	/System/Library/PrivateFrameworks/CoreNLP.framework/Versions/A/CoreNLP
0x00007ff8189d3000 	/System/Library/PrivateFrameworks/MetadataUtilities.framework/Versions/A/MetadataUtilities
0x00007ff812cb2000 	/usr/lib/libmecabra.dylib
0x00007ff81c3f6000 	/usr/lib/libmecab.dylib
0x00007ff812c7d000 	/usr/lib/libCRFSuite.dylib
0x00007ff81c453000 	/usr/lib/libgermantok.dylib
0x00007ff81cfcd000 	/usr/lib/libThaiTokenizer.dylib
0x00007ff818ac5000 	/System/Library/Frameworks/Accelerate.framework/Versions/A/Frameworks/vImage.framework/Versions/A/vImage
0x00007ff823010000 	/System/Library/Frameworks/Accelerate.framework/Versions/A/Frameworks/vecLib.framework/Versions/A/vecLib
0x00007ff81d5c3000 	/System/Library/Frameworks/Accelerate.framework/Versions/A/Frameworks/vecLib.framework/Versions/A/libvMisc.dylib
0x00007ff81be32000 	/System/Library/Frameworks/Accelerate.framework/Versions/A/Frameworks/vecLib.framework/Versions/A/libvDSP.dylib
0x00007ff8128e6000 	/System/Library/Frameworks/Accelerate.framework/Versions/A/Frameworks/vecLib.framework/Versions/A/libBLAS.dylib
0x00007ff81d104000 	/System/Library/Frameworks/Accelerate.framework/Versions/A/Frameworks/vecLib.framework/Versions/A/libLAPACK.dylib
0x00007ff81c456000 	/System/Library/Frameworks/Accelerate.framework/Versions/A/Frameworks/vecLib.framework/Versions/A/libLinearAlgebra.dylib
0x00007ff81d00b000 	/System/Library/Frameworks/Accelerate.framework/Versions/A/Frameworks/vecLib.framework/Versions/A/libSparseBLAS.dylib
0x00007ff81d0fe000 	/System/Library/Frameworks/Accelerate.framework/Versions/A/Frameworks/vecLib.framework/Versions/A/libQuadrature.dylib
0x00007ff81b762000 	/System/Library/Frameworks/Accelerate.framework/Versions/A/Frameworks/vecLib.framework/Versions/A/libBNNS.dylib
0x00007ff812b93000 	/System/Library/Frameworks/Accelerate.framework/Versions/A/Frameworks/vecLib.framework/Versions/A/libSparse.dylib
0x00007ff81b75b000 	/System/Library/PrivateFrameworks/LinguisticData.framework/Versions/A/LinguisticData
0x00007ff812b48000 	/System/Library/PrivateFrameworks/Lexicon.framework/Versions/A/Lexicon
0x00007ff81d5bc000 	/usr/lib/libChineseTokenizer.dylib
0x00007ff8132ac000 	/System/Library/PrivateFrameworks/LanguageModeling.framework/Versions/A/LanguageModeling
0x00007ff81cfcf000 	/System/Library/PrivateFrameworks/AppleSauce.framework/Versions/A/AppleSauce
0x00007ff81c002000 	/System/Library/PrivateFrameworks/CoreEmoji.framework/Versions/A/CoreEmoji
0x00007ff81cece000 	/usr/lib/libcmph.dylib
0x00007ff8196eb000 	/System/Library/Frameworks/OpenDirectory.framework/Versions/A/Frameworks/CFOpenDirectory.framework/Versions/A/CFOpenDirectory
0x00007ff8196df000 	/System/Library/Frameworks/OpenDirectory.framework/Versions/A/OpenDirectory
0x00007ff81d515000 	/System/Library/PrivateFrameworks/APFS.framework/Versions/A/APFS
0x00007ff81c323000 	/System/Library/Frameworks/SecurityFoundation.framework/Versions/A/SecurityFoundation
0x00007ff81d590000 	/usr/lib/libutil.dylib
0x00007ff814989000 	/System/Library/PrivateFrameworks/CoreServicesStore.framework/Versions/A/CoreServicesStore
0x00007ff81d594000 	/usr/lib/libxslt.1.dylib
0x00007ff81c3b0000 	/System/Library/PrivateFrameworks/BackgroundTaskManagement.framework/Versions/A/BackgroundTaskManagement
0x00007ff81ea04000 	/System/Library/Frameworks/ImageIO.framework/Versions/A/Resources/libRadiance.dylib
0x00007ff81ea0d000 	/System/Library/Frameworks/ImageIO.framework/Versions/A/Resources/libJPEG.dylib
0x00007ff81e95d000 	/System/Library/Frameworks/ImageIO.framework/Versions/A/Resources/libPng.dylib
0x00007ff81e97e000 	/System/Library/Frameworks/ImageIO.framework/Versions/A/Resources/libTIFF.dylib
0x00007ff81ea6d000 	/System/Library/Frameworks/ImageIO.framework/Versions/A/Resources/libGIF.dylib
0x00007ff81e28e000 	/System/Library/Frameworks/ImageIO.framework/Versions/A/Resources/libJP2.dylib
0x00007ff81d9d0000 	/usr/lib/libexpat.1.dylib
0x00007ff81e243000 	/System/Library/PrivateFrameworks/AppleJPEG.framework/Versions/A/AppleJPEG
0x00007ff81abb7000 	/System/Library/PrivateFrameworks/FontServices.framework/libFontParser.dylib
0x00007ff81871c000 	/System/Library/PrivateFrameworks/RunningBoardServices.framework/Versions/A/RunningBoardServices
0x00007ff8291e5000 	/System/Library/PrivateFrameworks/IOSurfaceAccelerator.framework/Versions/A/IOSurfaceAccelerator
0x00007ff81e371000 	/System/Library/PrivateFrameworks/WatchdogClient.framework/Versions/A/WatchdogClient
0x00007ff81339b000 	/System/Library/Frameworks/CoreDisplay.framework/Versions/A/CoreDisplay
0x00007ff81aab6000 	/System/Library/Frameworks/CoreMedia.framework/Versions/A/CoreMedia
0x00007ff81a953000 	/System/Library/PrivateFrameworks/IOAccelerator.framework/Versions/A/IOAccelerator
0x00007ff819867000 	/System/Library/Frameworks/CoreVideo.framework/Versions/A/CoreVideo
0x00007ff81d021000 	/System/Library/Frameworks/MetalPerformanceShaders.framework/Versions/A/MetalPerformanceShaders
0x00007ff81e3ac000 	/System/Library/Frameworks/VideoToolbox.framework/Versions/A/VideoToolbox
0x00007ff818664000 	/System/Library/PrivateFrameworks/BaseBoard.framework/Versions/A/BaseBoard
0x00007ff8183f1000 	/System/Library/PrivateFrameworks/ProtocolBuffer.framework/Versions/A/ProtocolBuffer
0x00007ff81e9fd000 	/System/Library/PrivateFrameworks/GPUWrangler.framework/Versions/A/GPUWrangler
0x00007ff81e9e0000 	/System/Library/PrivateFrameworks/IOPresentment.framework/Versions/A/IOPresentment
0x00007ff81ea07000 	/System/Library/PrivateFrameworks/DSExternalDisplay.framework/Versions/A/DSExternalDisplay
0x00007ffa29cd6000 	/System/Library/Frameworks/OpenGL.framework/Versions/A/Libraries/libCoreFSCache.dylib
0x00007ffb15d77000 	/System/Library/PrivateFrameworks/GPUCompiler.framework/Versions/31001/Libraries/libGPUCompilerUtils.dylib
0x00007ff81ea72000 	/System/Library/PrivateFrameworks/CMCaptureCore.framework/Versions/A/CMCaptureCore
0x00007ff81df7c000 	/System/Library/PrivateFrameworks/AppServerSupport.framework/Versions/A/AppServerSupport
0x00007ff820159000 	/System/Library/PrivateFrameworks/perfdata.framework/Versions/A/perfdata
0x00007ff8134c7000 	/System/Library/PrivateFrameworks/AudioToolboxCore.framework/Versions/A/AudioToolboxCore
0x00007ff81aa93000 	/System/Library/PrivateFrameworks/caulk.framework/Versions/A/caulk
0x00007ff81fa7d000 	/usr/lib/libAudioStatistics.dylib
0x00007ff916da0000 	/System/Library/PrivateFrameworks/SystemPolicy.framework/Versions/A/SystemPolicy
0x00007ff81fcd2000 	/usr/lib/libSMC.dylib
0x00007ff828b1c000 	/System/Library/Frameworks/CoreMIDI.framework/Versions/A/CoreMIDI
0x00007ff81e92d000 	/usr/lib/libAudioToolboxUtility.dylib
0x00007ff9131b2000 	/System/Library/PrivateFrameworks/OSAServicesClient.framework/Versions/A/OSAServicesClient
0x00007ff820166000 	/usr/lib/libperfcheck.dylib
0x00007ff917832000 	/usr/lib/libmis.dylib
0x00007ffa29d32000 	/System/Library/Frameworks/OpenGL.framework/Versions/A/Libraries/libGLU.dylib
0x00007ffa29cf5000 	/System/Library/Frameworks/OpenGL.framework/Versions/A/Libraries/libGFXShared.dylib
0x00007ffa29f03000 	/System/Library/Frameworks/OpenGL.framework/Versions/A/Libraries/libGL.dylib
0x00007ffa29cfe000 	/System/Library/Frameworks/OpenGL.framework/Versions/A/Libraries/libGLImage.dylib
0x00007ffa29cf2000 	/System/Library/Frameworks/OpenGL.framework/Versions/A/Libraries/libCVMSPluginSupport.dylib
0x00007ffa29cdd000 	/System/Library/Frameworks/OpenGL.framework/Versions/A/Libraries/libCoreVMClient.dylib
0x00007ff81b5f6000 	/System/Library/Frameworks/MetalPerformanceShaders.framework/Versions/A/Frameworks/MPSCore.framework/Versions/A/MPSCore
0x00007ff81c9bd000 	/System/Library/Frameworks/MetalPerformanceShaders.framework/Versions/A/Frameworks/MPSImage.framework/Versions/A/MPSImage
0x00007ff81c46c000 	/System/Library/Frameworks/MetalPerformanceShaders.framework/Versions/A/Frameworks/MPSNeuralNetwork.framework/Versions/A/MPSNeuralNetwork
0x00007ff81c8e1000 	/System/Library/Frameworks/MetalPerformanceShaders.framework/Versions/A/Frameworks/MPSMatrix.framework/Versions/A/MPSMatrix
0x00007ff81c69d000 	/System/Library/Frameworks/MetalPerformanceShaders.framework/Versions/A/Frameworks/MPSRayIntersector.framework/Versions/A/MPSRayIntersector
0x00007ff81c91a000 	/System/Library/Frameworks/MetalPerformanceShaders.framework/Versions/A/Frameworks/MPSNDArray.framework/Versions/A/MPSNDArray
0x00007ffa2e8f7000 	/System/Library/Frameworks/MetalPerformanceShaders.framework/Versions/A/Frameworks/MPSFunctions.framework/Versions/A/MPSFunctions
0x00007ff8127c9000 	/System/Library/PrivateFrameworks/MetalTools.framework/Versions/A/MetalTools
0x00007ff81b670000 	/System/Library/PrivateFrameworks/AggregateDictionary.framework/Versions/A/AggregateDictionary
0x00007ff81d7b2000 	/usr/lib/libIOReport.dylib
0x00007ffa2b312000 	/System/Library/Frameworks/OpenCL.framework/Versions/A/OpenCL
0x00007ff81db16000 	/System/Library/PrivateFrameworks/FaceCore.framework/Versions/A/FaceCore
0x00007ff81db07000 	/System/Library/PrivateFrameworks/GraphVisualizer.framework/Versions/A/GraphVisualizer
0x00007ffb15c82000 	/System/Library/PrivateFrameworks/FontServices.framework/Versions/A/FontServices
0x00007ff81df33000 	/System/Library/PrivateFrameworks/OTSVG.framework/Versions/A/OTSVG
0x00007ff81944f000 	/System/Library/Frameworks/ApplicationServices.framework/Versions/A/Frameworks/ATS.framework/Versions/A/Resources/libFontRegistry.dylib
0x00007ff81df84000 	/System/Library/PrivateFrameworks/FontServices.framework/libhvf.dylib
0x00007ffb15c83000 	/System/Library/PrivateFrameworks/FontServices.framework/libXTFontStaticRegistryData.dylib
0x00007ff81d980000 	/System/Library/PrivateFrameworks/AppleVA.framework/Versions/A/AppleVA
0x00007ff81faa1000 	/System/Library/Frameworks/ApplicationServices.framework/Versions/A/Frameworks/ATS.framework/Versions/A/ATS
0x00007ff817b1f000 	/System/Library/Frameworks/ApplicationServices.framework/Versions/A/Frameworks/HIServices.framework/Versions/A/HIServices
0x00007ff81ea7c000 	/System/Library/Frameworks/ApplicationServices.framework/Versions/A/Frameworks/PrintCore.framework/Versions/A/PrintCore
0x00007ff81fe25000 	/System/Library/Frameworks/ApplicationServices.framework/Versions/A/Frameworks/QD.framework/Versions/A/QD
0x00007ff81fe1d000 	/System/Library/Frameworks/ApplicationServices.framework/Versions/A/Frameworks/ColorSyncLegacy.framework/Versions/A/ColorSyncLegacy
0x00007ff81fa91000 	/System/Library/Frameworks/ApplicationServices.framework/Versions/A/Frameworks/SpeechSynthesis.framework/Versions/A/SpeechSynthesis
0x00007ff81ea3d000 	/System/Library/Frameworks/ApplicationServices.framework/Versions/A/Frameworks/ATSUI.framework/Versions/A/ATSUI
0x00007ff81fdb2000 	/usr/lib/libcups.2.dylib
0x00007ff820175000 	/System/Library/Frameworks/Kerberos.framework/Versions/A/Kerberos
0x00007ff820184000 	/System/Library/Frameworks/GSS.framework/Versions/A/GSS
0x00007ff81fb0d000 	/usr/lib/libresolv.9.dylib
0x00007ff81df93000 	/System/Library/PrivateFrameworks/Heimdal.framework/Versions/A/Heimdal
0x00007ff826c72000 	/System/Library/Frameworks/Kerberos.framework/Versions/A/Libraries/libHeimdalProxy.dylib
0x00007ff8187f1000 	/System/Library/Frameworks/Network.framework/Versions/A/Network
0x00007ff81d9ea000 	/usr/lib/libheimdal-asn1.dylib
0x00007ff8201d0000 	/System/Library/PrivateFrameworks/CommonAuth.framework/Versions/A/CommonAuth
0x00007ff81fa0e000 	/System/Library/PrivateFrameworks/AudioSession.framework/Versions/A/AudioSession
0x00007ff81da7a000 	/System/Library/PrivateFrameworks/MediaExperience.framework/Versions/A/MediaExperience
0x00007ff81f8a2000 	/System/Library/PrivateFrameworks/AudioSession.framework/libSessionUtility.dylib
0x00007ff81fe31000 	/System/Library/PrivateFrameworks/AudioResourceArbitration.framework/Versions/A/AudioResourceArbitration
0x00007ff823e23000 	/System/Library/PrivateFrameworks/PowerLog.framework/Versions/A/PowerLog
0x00007ff81d9f3000 	/System/Library/PrivateFrameworks/IconFoundation.framework/Versions/A/IconFoundation
0x00007ff822c3d000 	/System/Library/PrivateFrameworks/SpeechRecognitionCore.framework/Versions/A/SpeechRecognitionCore
0x0000000103927000 	/Applications/Android Studio.app/Contents/jre/Contents/Home/lib/server/libjvm.dylib
0x00000001004ef000 	/Applications/Android Studio.app/Contents/jre/Contents/Home/lib/libverify.dylib
0x000000010053a000 	/Applications/Android Studio.app/Contents/jre/Contents/Home/lib/libjava.dylib
0x0000000100502000 	/Applications/Android Studio.app/Contents/jre/Contents/Home/lib/libjimage.dylib
0x00000001005b4000 	/Applications/Android Studio.app/Contents/jre/Contents/Home/lib/libzip.dylib
0x0000000103400000 	/Applications/Android Studio.app/Contents/jre/Contents/Home/lib/libnio.dylib
0x000000010343b000 	/Applications/Android Studio.app/Contents/jre/Contents/Home/lib/libnet.dylib
0x0000000100527000 	/Users/yilanliu/.gradle/native/8bec1ad78214c89d9ad589b4d07fe93259594b29d510b10fafb7a158f7737e5d/osx-amd64/libnative-platform.dylib
0x00000001034cb000 	/Users/yilanliu/.gradle/native/53dbd7edfb1c66fb8903c78663c9afc45aea4f116125fa6feffd364cf09443e8/osx-amd64/libnative-platform-file-events.dylib
0x0000000103429000 	/Applications/Android Studio.app/Contents/jre/Contents/Home/lib/libmanagement.dylib
0x000000010345e000 	/Applications/Android Studio.app/Contents/jre/Contents/Home/lib/libmanagement_ext.dylib
0x000000010341b000 	/Applications/Android Studio.app/Contents/jre/Contents/Home/lib/libextnet.dylib


VM Arguments:
jvm_args: --add-opens=java.base/java.util=ALL-UNNAMED --add-opens=java.base/java.lang=ALL-UNNAMED --add-opens=java.base/java.lang.invoke=ALL-UNNAMED --add-opens=java.base/java.util=ALL-UNNAMED --add-opens=java.prefs/java.util.prefs=ALL-UNNAMED --add-opens=java.prefs/java.util.prefs=ALL-UNNAMED --add-opens=java.base/java.nio.charset=ALL-UNNAMED --add-opens=java.base/java.net=ALL-UNNAMED --add-opens=java.base/java.util.concurrent.atomic=ALL-UNNAMED -Xmx2048m -Dfile.encoding=UTF-8 -Duser.country=GB -Duser.language=en -Duser.variant 
java_command: org.gradle.launcher.daemon.bootstrap.GradleDaemon 7.0.2
java_class_path (initial): /Users/yilanliu/.gradle/wrapper/dists/gradle-7.0.2-bin/857tjihv64xamwrf0h14cai3r/gradle-7.0.2/lib/gradle-launcher-7.0.2.jar
Launcher Type: SUN_STANDARD

[Global flags]
     intx CICompilerCount                          = 3                                         {product} {ergonomic}
     uint ConcGCThreads                            = 1                                         {product} {ergonomic}
     uint G1ConcRefinementThreads                  = 4                                         {product} {ergonomic}
   size_t G1HeapRegionSize                         = 1048576                                   {product} {ergonomic}
    uintx GCDrainStackTargetSize                   = 64                                        {product} {ergonomic}
   size_t InitialHeapSize                          = 134217728                                 {product} {ergonomic}
   size_t MarkStackSize                            = 4194304                                   {product} {ergonomic}
   size_t MaxHeapSize                              = 2147483648                                {product} {command line}
   size_t MaxNewSize                               = 1287651328                                {product} {ergonomic}
   size_t MinHeapDeltaBytes                        = 1048576                                   {product} {ergonomic}
    uintx NonNMethodCodeHeapSize                   = 5830732                                {pd product} {ergonomic}
    uintx NonProfiledCodeHeapSize                  = 122913754                              {pd product} {ergonomic}
    uintx ProfiledCodeHeapSize                     = 122913754                              {pd product} {ergonomic}
    uintx ReservedCodeCacheSize                    = 251658240                              {pd product} {ergonomic}
     bool SegmentedCodeCache                       = true                                      {product} {ergonomic}
     bool UseCompressedClassPointers               = true                                 {lp64_product} {ergonomic}
     bool UseCompressedOops                        = true                                 {lp64_product} {ergonomic}
     bool UseG1GC                                  = true                                      {product} {ergonomic}

Logging:
Log output configuration:
 #0: stdout all=warning uptime,level,tags
 #1: stderr all=off uptime,level,tags

Environment Variables:
PATH=/usr/local/bin:/usr/bin:/bin:/usr/sbin:/sbin
SHELL=/bin/zsh
LC_CTYPE=en_GB.UTF-8

Signal Handlers:
SIGSEGV: [libjvm.dylib+0x7c1b1a], sa_mask[0]=11111111011111110111111111111111, sa_flags=SA_ONSTACK|SA_RESTART|SA_SIGINFO
SIGBUS: [libjvm.dylib+0x7c1b1a], sa_mask[0]=11111111011111110111111111111111, sa_flags=SA_RESTART|SA_SIGINFO
SIGFPE: [libjvm.dylib+0x7c1b1a], sa_mask[0]=11111111011111110111111111111111, sa_flags=SA_RESTART|SA_SIGINFO
SIGPIPE: [libjvm.dylib+0x626869], sa_mask[0]=11111111011111110111111111111111, sa_flags=SA_RESTART|SA_SIGINFO
SIGXFSZ: [libjvm.dylib+0x626869], sa_mask[0]=11111111011111110111111111111111, sa_flags=SA_RESTART|SA_SIGINFO
SIGILL: [libjvm.dylib+0x7c1b1a], sa_mask[0]=11111111011111110111111111111111, sa_flags=SA_RESTART|SA_SIGINFO
SIGUSR2: [libjvm.dylib+0x626e48], sa_mask[0]=00100000000000000000000000000000, sa_flags=SA_RESTART|SA_SIGINFO
SIGHUP: [libjvm.dylib+0x62599b], sa_mask[0]=11111111011111110111111111111111, sa_flags=SA_RESTART|SA_SIGINFO
SIGINT: [libjvm.dylib+0x62599b], sa_mask[0]=11111111011111110111111111111111, sa_flags=SA_RESTART|SA_SIGINFO
SIGTERM: [libjvm.dylib+0x62599b], sa_mask[0]=11111111011111110111111111111111, sa_flags=SA_RESTART|SA_SIGINFO
SIGQUIT: [libjvm.dylib+0x62599b], sa_mask[0]=11111111011111110111111111111111, sa_flags=SA_RESTART|SA_SIGINFO


---------------  S Y S T E M  ---------------

OS:uname:Darwin 21.3.0 Darwin Kernel Version 21.3.0: Wed Jan  5 21:37:58 PST 2022; root:xnu-8019.80.24~20/RELEASE_X86_64 x86_64
OS uptime: 0 days 17:40 hours
rlimit (soft/hard): STACK 8192k/65532k , CORE 0k/infinity , NPROC 1392/2088 , NOFILE 10240/infinity , AS infinity/infinity , CPU infinity/infinity , DATA infinity/infinity , FSIZE infinity/infinity , MEMLOCK infinity/infinity , RSS infinity/infinity
load average:8.25 6.61 6.71

CPU:total 4 (initial active 4) (2 cores per cpu, 2 threads per core) family 6 model 142 stepping 9 microcode 0xec, cmov, cx8, fxsr, mmx, sse, sse2, sse3, ssse3, sse4.1, sse4.2, popcnt, avx, avx2, aes, clmul, erms, 3dnowpref, lzcnt, ht, tsc, tscinvbit, bmi1, bmi2, adx, fma

Memory: 4k page, physical 8388608k(92184k free), swap 3145728k(697856k free)

vm_info: OpenJDK 64-Bit Server VM (11.0.11+0-b60-7590822) for bsd-amd64 JRE (11.0.11+0-b60-7590822), built on Aug  1 2021 19:48:08 by "builder" with gcc Android (7284624, based on r416183b) Clang 12.0.5 (https://android.googlesource.com/toolchain/llvm-project c935d99d7cf2016289302412d708641d52d2f7ee)

END.
