#
# A fatal error has been detected by the Java Runtime Environment:
#
#  SIGSEGV (0xb) at pc=0x0000000103f00b2e, pid=678, tid=19459
#
# JRE version: OpenJDK Runtime Environment (11.0.10) (build 11.0.10+0-b96-7281165)
# Java VM: OpenJDK 64-Bit Server VM (11.0.10+0-b96-7281165, mixed mode, tiered, compressed oops, g1 gc, bsd-amd64)
# Problematic frame:
# V  [libjvm.dylib+0x300b2e]  G1ConcurrentMark::mark_in_next_bitmap(unsigned int, HeapRegion*, oopDesc*, unsigned long)+0xa
#
# No core dump will be written. Core dumps have been disabled. To enable core dumping, try "ulimit -c unlimited" before starting Java again
#
# If you would like to submit a bug report, please visit:
#   https://bugreport.java.com/bugreport/crash.jsp
#

---------------  S U M M A R Y ------------

Command Line: --add-opens=java.base/java.util=ALL-UNNAMED --add-opens=java.base/java.lang=ALL-UNNAMED --add-opens=java.base/java.lang.invoke=ALL-UNNAMED --add-opens=java.base/java.util=ALL-UNNAMED --add-opens=java.prefs/java.util.prefs=ALL-UNNAMED --add-opens=java.prefs/java.util.prefs=ALL-UNNAMED --add-opens=java.base/java.nio.charset=ALL-UNNAMED --add-opens=java.base/java.net=ALL-UNNAMED --add-opens=java.base/java.util.concurrent.atomic=ALL-UNNAMED -Xmx2048m -Dfile.encoding=UTF-8 -Duser.country=GB -Duser.language=en -Duser.variant org.gradle.launcher.daemon.bootstrap.GradleDaemon 7.0.2

Host: MacBookPro14,2 x86_64 3100 MHz, 4 cores, 8G, Darwin 19.6.0
Time: Tue Jan 25 20:27:47 2022 HKT elapsed time: 43.254938 seconds (0d 0h 0m 43s)

---------------  T H R E A D  ---------------

Current thread (0x00007fb964831800):  ConcurrentGCThread "G1 Conc#0" [stack: 0x000070000ba67000,0x000070000bb67000] [id=19459]

Stack: [0x000070000ba67000,0x000070000bb67000],  sp=0x000070000bb66ca0,  free space=1023k
Native frames: (J=compiled Java code, A=aot compiled Java code, j=interpreted, Vv=VM code, C=native code)
V  [libjvm.dylib+0x300b2e]  G1ConcurrentMark::mark_in_next_bitmap(unsigned int, HeapRegion*, oopDesc*, unsigned long)+0xa
V  [libjvm.dylib+0x30d2c7]  G1CMTask::make_reference_grey(oopDesc*)+0x43
V  [libjvm.dylib+0x301f8f]  void OopOopIterateDispatch<G1CMOopClosure>::Table::oop_oop_iterate<InstanceKlass, unsigned int>(G1CMOopClosure*, oopDesc*, Klass*)+0x7b
V  [libjvm.dylib+0x30a289]  void G1CMTask::process_grey_task_entry<true>(G1TaskQueueEntry)+0x195
V  [libjvm.dylib+0x3050d3]  G1CMBitMapClosure::do_addr(HeapWord*)+0x27
V  [libjvm.dylib+0x309948]  G1CMBitMap::iterate(G1CMBitMapClosure*, MemRegion)+0x212
V  [libjvm.dylib+0x309271]  G1CMTask::do_marking_step(double, bool, bool)+0x1d5
V  [libjvm.dylib+0x30a690]  G1CMConcurrentMarkingTask::work(unsigned int)+0xa6
V  [libjvm.dylib+0x7b471d]  GangWorker::loop()+0x43
V  [libjvm.dylib+0x7462b0]  Thread::call_run()+0x68
V  [libjvm.dylib+0x5fc9b9]  thread_native_entry(Thread*)+0x12d
C  [libsystem_pthread.dylib+0x6109]  _pthread_start+0x94
C  [libsystem_pthread.dylib+0x1b8b]  thread_start+0xf


siginfo: si_signo: 11 (SIGSEGV), si_code: 1 (SEGV_MAPERR), si_addr: 0x0000000000000160

Register to memory mapping:

RAX=0x00007fb9647da000 points into unknown readable memory: 0x0000000000000000 | 00 00 00 00 00 00 00 00
RBX=0x0 is NULL
RCX=0x0000000000800000 is an unknown value
RDX=0x0 is NULL
RSP=0x000070000bb66ca0 points into unknown readable memory: 0x00007fb9647da000 | 00 a0 7d 64 b9 7f 00 00
RBP=0x000070000bb66cc0 points into unknown readable memory: 0x000070000bb66d00 | 00 6d b6 0b 00 70 00 00
RSI=0x0 is NULL
RDI=0x00007fb964827e00 points into unknown readable memory: 0x00007fb964830800 | 00 08 83 64 b9 7f 00 00
R8 =0x0 is NULL
R9 =0x000000010458e598: _ZN10HeapRegion10GrainWordsE+0 in /Applications/Android Studio.app/Contents/jre/Contents/Home/lib/server/libjvm.dylib at 0x0000000103c00000
R10=0x00007fb9648280d8 points into unknown readable memory: 0x0000000784e00000 | 00 00 e0 84 07 00 00 00
R11=0x0000000000000246 is an unknown value
R12=0x000070000bb66df8 points into unknown readable memory: 0x00000001045263f0 | f0 63 52 04 01 00 00 00
R13=0x00000008004a7a38 is a pointer to class: 
R14=0x0000000000800000 is an unknown value
R15=0x00007fb962f13820 points into unknown readable memory: 0x0000000104526430 | 30 64 52 04 01 00 00 00


Registers:
RAX=0x00007fb9647da000, RBX=0x0000000000000000, RCX=0x0000000000800000, RDX=0x0000000000000000
RSP=0x000070000bb66ca0, RBP=0x000070000bb66cc0, RSI=0x0000000000000000, RDI=0x00007fb964827e00
R8 =0x0000000000000000, R9 =0x000000010458e598, R10=0x00007fb9648280d8, R11=0x0000000000000246
R12=0x000070000bb66df8, R13=0x00000008004a7a38, R14=0x0000000000800000, R15=0x00007fb962f13820
RIP=0x0000000103f00b2e, EFLAGS=0x0000000000010246, ERR=0x0000000000000004
  TRAPNO=0x000000000000000e

Top of Stack: (sp=0x000070000bb66ca0)
0x000070000bb66ca0:   00007fb9647da000 0000000000000000
0x000070000bb66cb0:   0000000000800000 00007fb962f13820
0x000070000bb66cc0:   000070000bb66d00 0000000103f0d2c7
0x000070000bb66cd0:   000070000bb66d10 0000000103f0d2c7
0x000070000bb66ce0:   0000000784d4f34c 0000000784d545a8
0x000070000bb66cf0:   0000000784d545b0 00000008004a7a30
0x000070000bb66d00:   000070000bb66d40 0000000103f01f8f
0x000070000bb66d10:   0000000784d54578 0000000000000007
0x000070000bb66d20:   000070000bb66df8 00007fb962f13820
0x000070000bb66d30:   0000000784d54578 00000008004a7828
0x000070000bb66d40:   000070000bb66d80 0000000103f0a289
0x000070000bb66d50:   000070000bb66d90 000070000bb66e40
0x000070000bb66d60:   00000000009aa8af 00000000009c0000
0x000070000bb66d70:   0000000000026fff 00007fb964827e18
0x000070000bb66d80:   000070000bb66da0 0000000103f050d3
0x000070000bb66d90:   0000000784d54578 0000000784d54578
0x000070000bb66da0:   000070000bb66de0 0000000103f09948
0x000070000bb66db0:   000070000bb66e40 00007fb962f13820
0x000070000bb66dc0:   00007fb962f138b0 000070000bb66e40
0x000070000bb66dd0:   0000000000000000 0000000000000001
0x000070000bb66de0:   000070000bb66e90 0000000103f09271
0x000070000bb66df0:   0000000103f0bb33 00000001045263f0
0x000070000bb66e00:   00007fb962e25290 00007fb964809400
0x000070000bb66e10:   00007fb962f13820 000070000bb66e80
0x000070000bb66e20:   4024000000000000 3f9ccff2583a011c
0x000070000bb66e30:   3fe0000000000000 00007fb962f13960
0x000070000bb66e40:   00007fb964827e00 00007fb962f13820
0x000070000bb66e50:   000070000bb66e70 4023ea7c00000001
0x000070000bb66e60:   0000000062e09550 00007fb962f13820
0x000070000bb66e70:   000000010454d028 00000001045a1d58
0x000070000bb66e80:   0000000000000000 000070000ba63d50
0x000070000bb66e90:   000070000bb66f00 0000000103f0a690 

Instructions: (pc=0x0000000103f00b2e)
0x0000000103f00a2e:   89 d6 48 d3 e6 48 03 90 a8 02 00 00 48 d3 e2 48
0x0000000103f00a3e:   39 de 77 53 48 29 f2 48 83 e2 f8 48 01 f2 48 39
0x0000000103f00a4e:   da 76 44 48 8b 47 18 4c 8b 70 10 48 83 cb 01 48
0x0000000103f00a5e:   89 5d e8 41 8b 06 41 8b 96 80 00 00 00 89 c1 29
0x0000000103f00a6e:   d1 81 e1 ff ff 01 00 81 f9 fd ff 01 00 77 30 49
0x0000000103f00a7e:   8b 8e 88 00 00 00 48 8b 55 e8 48 89 14 c1 ff c0
0x0000000103f00a8e:   25 ff ff 01 00 eb 3d 48 8b 7f 10 48 8b 07 48 8b
0x0000000103f00a9e:   40 08 48 89 de 48 83 c4 10 5b 41 5e 5d ff e0 48
0x0000000103f00aae:   89 5d e0 81 f9 ff ff 01 00 75 1e 41 8b 06 49 8b
0x0000000103f00abe:   8e 88 00 00 00 48 8b 55 e0 48 89 14 c1 ff c0 25
0x0000000103f00ace:   ff ff 01 00 41 89 06 eb 35 49 8b 86 b0 00 00 00
0x0000000103f00ade:   49 3b 86 98 00 00 00 75 13 49 8d be 90 00 00 00
0x0000000103f00aee:   e8 1d 85 02 00 49 8b 86 b0 00 00 00 49 8b 8e c8
0x0000000103f00afe:   00 00 00 48 89 1c c1 49 ff 86 b0 00 00 00 48 83
0x0000000103f00b0e:   c4 10 5b 41 5e 5d c3 90 55 48 89 e5 48 8b 7f 10
0x0000000103f00b1e:   5d e9 60 7b 02 00 55 48 89 e5 41 57 41 56 53 50
0x0000000103f00b2e:   48 39 8a 60 01 00 00 0f 86 82 00 00 00 48 89 cb
0x0000000103f00b3e:   41 89 f6 49 89 ff 48 8b 97 90 00 00 00 48 89 c8
0x0000000103f00b4e:   48 2b 02 48 c1 e8 03 8a 4a 10 48 d3 e8 48 8b 4a
0x0000000103f00b5e:   18 48 89 c2 48 c1 ea 06 48 8d 14 d1 be 01 00 00
0x0000000103f00b6e:   00 89 c1 48 d3 e6 48 8b 0a 48 89 cf 48 09 f7 48
0x0000000103f00b7e:   39 cf 74 3b 48 89 c8 f0 48 0f b1 3a 48 39 c8 48
0x0000000103f00b8e:   89 c1 75 e5 4d 85 c0 0f 85 85 00 00 00 48 8d 05
0x0000000103f00b9e:   f7 d5 68 00 8a 10 84 d2 74 1c 8b 7b 08 48 8d 05
0x0000000103f00bae:   ae 9e 66 00 8a 48 08 48 d3 e7 48 03 38 eb 0b 31
0x0000000103f00bbe:   c0 e9 ce 00 00 00 48 8b 7b 08 8b 47 08 85 c0 7e
0x0000000103f00bce:   09 a8 01 75 09 c1 e8 03 eb 45 85 c0 78 0e 48 8b
0x0000000103f00bde:   07 48 89 de ff 90 10 01 00 00 eb 33 31 c9 84 d2
0x0000000103f00bee:   0f 94 c1 48 63 54 8b 0c 89 c1 48 d3 e2 c1 e8 10
0x0000000103f00bfe:   0f b6 c8 48 01 d1 48 8d 05 69 ba 64 00 48 63 00
0x0000000103f00c0e:   48 8d 4c 08 ff 48 f7 d8 48 21 c8 48 c1 e8 03 4c
0x0000000103f00c1e:   63 c0 49 8b 87 f0 02 00 00 44 89 f1 48 8b 04 c8 


Stack slot to memory mapping:
stack at sp + 0 slots: 0x00007fb9647da000 points into unknown readable memory: 0x0000000000000000 | 00 00 00 00 00 00 00 00
stack at sp + 1 slots: 0x0 is NULL
stack at sp + 2 slots: 0x0000000000800000 is an unknown value
stack at sp + 3 slots: 0x00007fb962f13820 points into unknown readable memory: 0x0000000104526430 | 30 64 52 04 01 00 00 00
stack at sp + 4 slots: 0x000070000bb66d00 points into unknown readable memory: 0x000070000bb66d40 | 40 6d b6 0b 00 70 00 00
stack at sp + 5 slots: 0x0000000103f0d2c7: _ZN8G1CMTask19make_reference_greyEP7oopDesc+0x43 in /Applications/Android Studio.app/Contents/jre/Contents/Home/lib/server/libjvm.dylib at 0x0000000103c00000
stack at sp + 6 slots: 0x000070000bb66d10 points into unknown readable memory: 0x0000000784d54578 | 78 45 d5 84 07 00 00 00
stack at sp + 7 slots: 0x0000000103f0d2c7: _ZN8G1CMTask19make_reference_greyEP7oopDesc+0x43 in /Applications/Android Studio.app/Contents/jre/Contents/Home/lib/server/libjvm.dylib at 0x0000000103c00000


---------------  P R O C E S S  ---------------

Threads class SMR info:
_java_thread_list=0x00007fb966d2bb70, length=41, elements={
0x00007fb96400b800, 0x00007fb963016000, 0x00007fb964844000, 0x00007fb96484b000,
0x00007fb963028800, 0x00007fb96484c000, 0x00007fb964849800, 0x00007fb96301f000,
0x00007fb96484a000, 0x00007fb96463f800, 0x00007fb964f73000, 0x00007fb964269000,
0x00007fb96308b800, 0x00007fb963ab9000, 0x00007fb964973800, 0x00007fb963bd0800,
0x00007fb9636a2800, 0x00007fb963314000, 0x00007fb963272000, 0x00007fb963bd1800,
0x00007fb966061800, 0x00007fb964757800, 0x00007fb9637ea000, 0x00007fb96700a000,
0x00007fb9637ff000, 0x00007fb9647f9000, 0x00007fb964785800, 0x00007fb9647ff000,
0x00007fb963de4800, 0x00007fb964ca0000, 0x00007fb964f60800, 0x00007fb9637b5800,
0x00007fb963782800, 0x00007fb96440a000, 0x00007fb9636d4800, 0x00007fb969df7800,
0x00007fb963ffd000, 0x00007fb967358800, 0x00007fb96a89c800, 0x00007fb96a89d800,
0x00007fb96735e000
}

Java Threads: ( => current thread )
  0x00007fb96400b800 JavaThread "main" [_thread_blocked, id=6147, stack(0x000070000b75e000,0x000070000b85e000)]
  0x00007fb963016000 JavaThread "Reference Handler" daemon [_thread_blocked, id=13315, stack(0x000070000be73000,0x000070000bf73000)]
  0x00007fb964844000 JavaThread "Finalizer" daemon [_thread_blocked, id=13571, stack(0x000070000bf76000,0x000070000c076000)]
  0x00007fb96484b000 JavaThread "Signal Dispatcher" daemon [_thread_blocked, id=15619, stack(0x000070000c17f000,0x000070000c27f000)]
  0x00007fb963028800 JavaThread "Service Thread" daemon [_thread_blocked, id=43267, stack(0x000070000c282000,0x000070000c382000)]
  0x00007fb96484c000 JavaThread "C2 CompilerThread0" daemon [_thread_in_native, id=42499, stack(0x000070000c385000,0x000070000c485000)]
  0x00007fb964849800 JavaThread "C1 CompilerThread0" daemon [_thread_blocked, id=22275, stack(0x000070000c488000,0x000070000c588000)]
  0x00007fb96301f000 JavaThread "Sweeper thread" daemon [_thread_blocked, id=41987, stack(0x000070000c58b000,0x000070000c68b000)]
  0x00007fb96484a000 JavaThread "Common-Cleaner" daemon [_thread_blocked, id=23299, stack(0x000070000c68e000,0x000070000c78e000)]
  0x00007fb96463f800 JavaThread "Daemon health stats" [_thread_blocked, id=40451, stack(0x000070000ca9a000,0x000070000cb9a000)]
  0x00007fb964f73000 JavaThread "Incoming local TCP Connector on port 49605" [_thread_in_native, id=24579, stack(0x000070000cb9d000,0x000070000cc9d000)]
  0x00007fb964269000 JavaThread "Daemon periodic checks" [_thread_blocked, id=39171, stack(0x000070000cca0000,0x000070000cda0000)]
  0x00007fb96308b800 JavaThread "Daemon" [_thread_blocked, id=25091, stack(0x000070000cda3000,0x000070000cea3000)]
  0x00007fb963ab9000 JavaThread "Handler for socket connection from /127.0.0.1:49605 to /127.0.0.1:49606" [_thread_in_native, id=25603, stack(0x000070000cea6000,0x000070000cfa6000)]
  0x00007fb964973800 JavaThread "Cancel handler" [_thread_blocked, id=38403, stack(0x000070000cfa9000,0x000070000d0a9000)]
  0x00007fb963bd0800 JavaThread "Daemon worker" [_thread_in_vm, id=37891, stack(0x000070000d0ac000,0x000070000d1ac000)]
  0x00007fb9636a2800 JavaThread "Asynchronous log dispatcher for DefaultDaemonConnection: socket connection from /127.0.0.1:49605 to /127.0.0.1:49606" [_thread_blocked, id=27139, stack(0x000070000d1af000,0x000070000d2af000)]
  0x00007fb963314000 JavaThread "Stdin handler" [_thread_blocked, id=37379, stack(0x000070000d2b2000,0x000070000d3b2000)]
  0x00007fb963272000 JavaThread "Daemon client event forwarder" [_thread_blocked, id=27907, stack(0x000070000d3b5000,0x000070000d4b5000)]
  0x00007fb963bd1800 JavaThread "Cache worker for file hash cache (/Users/student/.gradle/caches/7.0.2/fileHashes)" [_thread_blocked, id=36867, stack(0x000070000d4b8000,0x000070000d5b8000)]
  0x00007fb966061800 JavaThread "File lock request listener" [_thread_in_native, id=36355, stack(0x000070000d5bb000,0x000070000d6bb000)]
  0x00007fb964757800 JavaThread "Cache worker for journal cache (/Users/student/.gradle/caches/journal-1)" [_thread_blocked, id=29443, stack(0x000070000d7c1000,0x000070000d8c1000)]
  0x00007fb9637ea000 JavaThread "Cache worker for file hash cache (/Users/student/code/Pset_3_CarpoolBuddy/.gradle/7.0.2/fileHashes)" [_thread_blocked, id=30211, stack(0x000070000d8c4000,0x000070000d9c4000)]
  0x00007fb96700a000 JavaThread "File watcher server" daemon [_thread_in_native, id=30723, stack(0x000070000d9c7000,0x000070000dac7000)]
  0x00007fb9637ff000 JavaThread "File watcher consumer" daemon [_thread_blocked, id=34563, stack(0x000070000daca000,0x000070000dbca000)]
  0x00007fb9647f9000 JavaThread "jar transforms" [_thread_blocked, id=32003, stack(0x000070000dbcd000,0x000070000dccd000)]
  0x00007fb964785800 JavaThread "jar transforms Thread 2" [_thread_blocked, id=33795, stack(0x000070000dcd0000,0x000070000ddd0000)]
  0x00007fb9647ff000 JavaThread "jar transforms Thread 3" [_thread_blocked, id=32515, stack(0x000070000ddd3000,0x000070000ded3000)]
  0x00007fb963de4800 JavaThread "jar transforms Thread 4" [_thread_blocked, id=43523, stack(0x000070000ded6000,0x000070000dfd6000)]
  0x00007fb964ca0000 JavaThread "Cache worker for checksums cache (/Users/student/code/Pset_3_CarpoolBuddy/.gradle/checksums)" [_thread_blocked, id=44035, stack(0x000070000dfd9000,0x000070000e0d9000)]
  0x00007fb964f60800 JavaThread "Cache worker for cache directory md-supplier (/Users/student/.gradle/caches/7.0.2/md-supplier)" [_thread_blocked, id=44291, stack(0x000070000e0dc000,0x000070000e1dc000)]
  0x00007fb9637b5800 JavaThread "Cache worker for cache directory md-rule (/Users/student/.gradle/caches/7.0.2/md-rule)" [_thread_blocked, id=86275, stack(0x000070000e1df000,0x000070000e2df000)]
  0x00007fb963782800 JavaThread "Cache worker for execution history cache (/Users/student/.gradle/caches/7.0.2/executionHistory)" [_thread_blocked, id=85507, stack(0x000070000e2e2000,0x000070000e3e2000)]
  0x00007fb96440a000 JavaThread "Cache worker for file content cache (/Users/student/.gradle/caches/7.0.2/fileContent)" [_thread_blocked, id=45059, stack(0x000070000e3e5000,0x000070000e4e5000)]
  0x00007fb9636d4800 JavaThread "Cache worker for dependencies-accessors (/Users/student/code/Pset_3_CarpoolBuddy/.gradle/7.0.2/dependencies-accessors)" [_thread_blocked, id=45571, stack(0x000070000e4e8000,0x000070000e5e8000)]
  0x00007fb969df7800 JavaThread "Cache worker for Build Output Cleanup Cache (/Users/student/code/Pset_3_CarpoolBuddy/.gradle/buildOutputCleanup)" [_thread_blocked, id=45827, stack(0x000070000e5eb000,0x000070000e6eb000)]
  0x00007fb963ffd000 JavaThread "Build operations" [_thread_blocked, id=46339, stack(0x000070000e6ee000,0x000070000e7ee000)]
  0x00007fb967358800 JavaThread "Build operations Thread 2" [_thread_blocked, id=47107, stack(0x000070000e7f1000,0x000070000e8f1000)]
  0x00007fb96a89c800 JavaThread "Build operations Thread 3" [_thread_blocked, id=47363, stack(0x000070000e8f4000,0x000070000e9f4000)]
  0x00007fb96a89d800 JavaThread "Build operations Thread 4" [_thread_blocked, id=83203, stack(0x000070000e9f7000,0x000070000eaf7000)]
  0x00007fb96735e000 JavaThread "Memory manager" [_thread_blocked, id=82947, stack(0x000070000eafa000,0x000070000ebfa000)]

Other Threads:
  0x00007fb964848800 VMThread "VM Thread" [stack: 0x000070000bd70000,0x000070000be70000] [id=12803]
  0x00007fb963022800 WatcherThread [stack: 0x000070000c791000,0x000070000c891000] [id=23811]
  0x00007fb964811800 GCTaskThread "GC Thread#0" [stack: 0x000070000b861000,0x000070000b961000] [id=20227]
  0x00007fb964846000 GCTaskThread "GC Thread#1" [stack: 0x000070000c894000,0x000070000c994000] [id=24067]
  0x00007fb96487b000 GCTaskThread "GC Thread#2" [stack: 0x000070000c997000,0x000070000ca97000] [id=40963]
  0x00007fb9637c7000 GCTaskThread "GC Thread#3" [stack: 0x000070000d6be000,0x000070000d7be000] [id=35843]
  0x00007fb964830800 ConcurrentGCThread "G1 Main Marker" [stack: 0x000070000b964000,0x000070000ba64000] [id=11011]
=>0x00007fb964831800 ConcurrentGCThread "G1 Conc#0" [stack: 0x000070000ba67000,0x000070000bb67000] [id=19459]
  0x00007fb964033000 ConcurrentGCThread "G1 Refine#0" [stack: 0x000070000bb6a000,0x000070000bc6a000] [id=11779]
  0x00007fb963008800 ConcurrentGCThread "G1 Young RemSet Sampling" [stack: 0x000070000bc6d000,0x000070000bd6d000] [id=12035]

Threads with active compile tasks:
C2 CompilerThread0  43298 5057   !   4       java.util.zip.ZipFile::getInputStream (323 bytes)

VM state:not at safepoint (normal execution)

VM Mutex/Monitor currently owned by a thread: None

Heap address: 0x0000000780000000, size: 2048 MB, Compressed Oops mode: Zero based, Oop shift amount: 3
Narrow klass base: 0x0000000800000000, Narrow klass shift: 0
Compressed class space size: 1073741824 Address: 0x0000000800000000

Heap:
 garbage-first heap   total 189440K, used 89709K [0x0000000780000000, 0x0000000800000000)
  region size 1024K, 8 young (8192K), 5 survivors (5120K)
 Metaspace       used 67458K, capacity 69432K, committed 69708K, reserved 1110016K
  class space    used 8568K, capacity 9224K, committed 9344K, reserved 1048576K
Heap Regions: E=young(eden), S=young(survivor), O=old, HS=humongous(starts), HC=humongous(continues), CS=collection set, F=free, A=archive, TAMS=top-at-mark-start (previous, next)
|   0|0x0000000780000000, 0x0000000780100000, 0x0000000780100000|100%| O|  |TAMS 0x0000000780100000, 0x0000000780100000| Untracked 
|   1|0x0000000780100000, 0x0000000780200000, 0x0000000780200000|100%| O|  |TAMS 0x0000000780200000, 0x0000000780200000| Untracked 
|   2|0x0000000780200000, 0x0000000780300000, 0x0000000780300000|100%| O|  |TAMS 0x0000000780300000, 0x0000000780300000| Untracked 
|   3|0x0000000780300000, 0x0000000780400000, 0x0000000780400000|100%|HS|  |TAMS 0x0000000780400000, 0x0000000780400000| Complete 
|   4|0x0000000780400000, 0x0000000780500000, 0x0000000780500000|100%|HC|  |TAMS 0x0000000780500000, 0x0000000780500000| Complete 
|   5|0x0000000780500000, 0x0000000780600000, 0x0000000780600000|100%|HC|  |TAMS 0x0000000780600000, 0x0000000780600000| Complete 
|   6|0x0000000780600000, 0x0000000780700000, 0x0000000780700000|100%| O|  |TAMS 0x0000000780700000, 0x0000000780700000| Untracked 
|   7|0x0000000780700000, 0x0000000780800000, 0x0000000780800000|100%| O|  |TAMS 0x0000000780800000, 0x0000000780800000| Untracked 
|   8|0x0000000780800000, 0x0000000780900000, 0x0000000780900000|100%| O|  |TAMS 0x0000000780900000, 0x0000000780900000| Untracked 
|   9|0x0000000780900000, 0x0000000780a00000, 0x0000000780a00000|100%| O|  |TAMS 0x0000000780a00000, 0x0000000780a00000| Untracked 
|  10|0x0000000780a00000, 0x0000000780b00000, 0x0000000780b00000|100%| O|  |TAMS 0x0000000780b00000, 0x0000000780b00000| Untracked 
|  11|0x0000000780b00000, 0x0000000780c00000, 0x0000000780c00000|100%|HS|  |TAMS 0x0000000780c00000, 0x0000000780c00000| Complete 
|  12|0x0000000780c00000, 0x0000000780d00000, 0x0000000780d00000|100%|HC|  |TAMS 0x0000000780d00000, 0x0000000780d00000| Complete 
|  13|0x0000000780d00000, 0x0000000780e00000, 0x0000000780e00000|100%|HS|  |TAMS 0x0000000780e00000, 0x0000000780e00000| Complete 
|  14|0x0000000780e00000, 0x0000000780f00000, 0x0000000780f00000|100%|HC|  |TAMS 0x0000000780f00000, 0x0000000780f00000| Complete 
|  15|0x0000000780f00000, 0x0000000781000000, 0x0000000781000000|100%|HC|  |TAMS 0x0000000781000000, 0x0000000781000000| Complete 
|  16|0x0000000781000000, 0x0000000781100000, 0x0000000781100000|100%|HS|  |TAMS 0x0000000781100000, 0x0000000781100000| Complete 
|  17|0x0000000781100000, 0x0000000781200000, 0x0000000781200000|100%|HC|  |TAMS 0x0000000781200000, 0x0000000781200000| Complete 
|  18|0x0000000781200000, 0x0000000781300000, 0x0000000781300000|100%|HC|  |TAMS 0x0000000781300000, 0x0000000781300000| Complete 
|  19|0x0000000781300000, 0x0000000781400000, 0x0000000781400000|100%|HC|  |TAMS 0x0000000781400000, 0x0000000781400000| Complete 
|  20|0x0000000781400000, 0x0000000781500000, 0x0000000781500000|100%|HC|  |TAMS 0x0000000781500000, 0x0000000781500000| Complete 
|  21|0x0000000781500000, 0x0000000781600000, 0x0000000781600000|100%| O|  |TAMS 0x0000000781600000, 0x0000000781600000| Untracked 
|  22|0x0000000781600000, 0x0000000781700000, 0x0000000781700000|100%| O|  |TAMS 0x0000000781700000, 0x0000000781700000| Untracked 
|  23|0x0000000781700000, 0x0000000781800000, 0x0000000781800000|100%| O|  |TAMS 0x0000000781800000, 0x0000000781800000| Untracked 
|  24|0x0000000781800000, 0x0000000781900000, 0x0000000781900000|100%| O|  |TAMS 0x0000000781900000, 0x0000000781900000| Untracked 
|  25|0x0000000781900000, 0x0000000781a00000, 0x0000000781a00000|100%| O|  |TAMS 0x0000000781a00000, 0x0000000781a00000| Untracked 
|  26|0x0000000781a00000, 0x0000000781b00000, 0x0000000781b00000|100%| O|  |TAMS 0x0000000781b00000, 0x0000000781b00000| Untracked 
|  27|0x0000000781b00000, 0x0000000781c00000, 0x0000000781c00000|100%| O|  |TAMS 0x0000000781c00000, 0x0000000781c00000| Untracked 
|  28|0x0000000781c00000, 0x0000000781d00000, 0x0000000781d00000|100%| O|  |TAMS 0x0000000781d00000, 0x0000000781d00000| Untracked 
|  29|0x0000000781d00000, 0x0000000781e00000, 0x0000000781e00000|100%| O|  |TAMS 0x0000000781e00000, 0x0000000781e00000| Untracked 
|  30|0x0000000781e00000, 0x0000000781f00000, 0x0000000781f00000|100%| O|  |TAMS 0x0000000781ea4000, 0x0000000781f00000| Untracked 
|  31|0x0000000781f00000, 0x0000000782000000, 0x0000000782000000|100%| O|  |TAMS 0x0000000781f00000, 0x0000000782000000| Untracked 
|  32|0x0000000782000000, 0x0000000782100000, 0x0000000782100000|100%| O|  |TAMS 0x0000000782000000, 0x0000000782100000| Untracked 
|  33|0x0000000782100000, 0x0000000782200000, 0x0000000782200000|100%| O|  |TAMS 0x0000000782100000, 0x0000000782200000| Untracked 
|  34|0x0000000782200000, 0x0000000782300000, 0x0000000782300000|100%| O|  |TAMS 0x0000000782200000, 0x0000000782300000| Untracked 
|  35|0x0000000782300000, 0x0000000782400000, 0x0000000782400000|100%| O|  |TAMS 0x0000000782300000, 0x0000000782400000| Untracked 
|  36|0x0000000782400000, 0x0000000782500000, 0x0000000782500000|100%| O|  |TAMS 0x0000000782400000, 0x0000000782500000| Untracked 
|  37|0x0000000782500000, 0x0000000782600000, 0x0000000782600000|100%| O|  |TAMS 0x0000000782500000, 0x0000000782600000| Untracked 
|  38|0x0000000782600000, 0x0000000782700000, 0x0000000782700000|100%| O|  |TAMS 0x0000000782600000, 0x0000000782700000| Untracked 
|  39|0x0000000782700000, 0x0000000782800000, 0x0000000782800000|100%| O|  |TAMS 0x0000000782700000, 0x0000000782800000| Untracked 
|  40|0x0000000782800000, 0x0000000782900000, 0x0000000782900000|100%| O|  |TAMS 0x0000000782800000, 0x0000000782900000| Untracked 
|  41|0x0000000782900000, 0x0000000782a00000, 0x0000000782a00000|100%| O|  |TAMS 0x0000000782900000, 0x0000000782a00000| Untracked 
|  42|0x0000000782a00000, 0x0000000782b00000, 0x0000000782b00000|100%| O|  |TAMS 0x0000000782a00000, 0x0000000782b00000| Untracked 
|  43|0x0000000782b00000, 0x0000000782c00000, 0x0000000782c00000|100%| O|  |TAMS 0x0000000782b00000, 0x0000000782c00000| Untracked 
|  44|0x0000000782c00000, 0x0000000782d00000, 0x0000000782d00000|100%| O|  |TAMS 0x0000000782c00000, 0x0000000782d00000| Untracked 
|  45|0x0000000782d00000, 0x0000000782e00000, 0x0000000782e00000|100%| O|  |TAMS 0x0000000782d00000, 0x0000000782e00000| Untracked 
|  46|0x0000000782e00000, 0x0000000782f00000, 0x0000000782f00000|100%| O|  |TAMS 0x0000000782e00000, 0x0000000782f00000| Untracked 
|  47|0x0000000782f00000, 0x0000000783000000, 0x0000000783000000|100%| O|  |TAMS 0x0000000782f00000, 0x0000000783000000| Untracked 
|  48|0x0000000783000000, 0x0000000783100000, 0x0000000783100000|100%| O|  |TAMS 0x0000000783000000, 0x0000000783100000| Untracked 
|  49|0x0000000783100000, 0x0000000783200000, 0x0000000783200000|100%| O|  |TAMS 0x0000000783100000, 0x0000000783200000| Untracked 
|  50|0x0000000783200000, 0x0000000783300000, 0x0000000783300000|100%|HS|  |TAMS 0x0000000783200000, 0x0000000783300000| Complete 
|  51|0x0000000783300000, 0x0000000783400000, 0x0000000783400000|100%|HC|  |TAMS 0x0000000783300000, 0x0000000783400000| Complete 
|  52|0x0000000783400000, 0x0000000783500000, 0x0000000783500000|100%|HC|  |TAMS 0x0000000783400000, 0x0000000783500000| Complete 
|  53|0x0000000783500000, 0x0000000783600000, 0x0000000783600000|100%|HC|  |TAMS 0x0000000783500000, 0x0000000783600000| Complete 
|  54|0x0000000783600000, 0x0000000783700000, 0x0000000783700000|100%|HC|  |TAMS 0x0000000783600000, 0x0000000783700000| Complete 
|  55|0x0000000783700000, 0x0000000783800000, 0x0000000783800000|100%| O|  |TAMS 0x0000000783700000, 0x0000000783800000| Untracked 
|  56|0x0000000783800000, 0x0000000783900000, 0x0000000783900000|100%|HS|  |TAMS 0x0000000783800000, 0x0000000783900000| Complete 
|  57|0x0000000783900000, 0x0000000783a00000, 0x0000000783a00000|100%|HC|  |TAMS 0x0000000783900000, 0x0000000783a00000| Complete 
|  58|0x0000000783a00000, 0x0000000783b00000, 0x0000000783b00000|100%|HC|  |TAMS 0x0000000783a00000, 0x0000000783b00000| Complete 
|  59|0x0000000783b00000, 0x0000000783c00000, 0x0000000783c00000|100%| O|  |TAMS 0x0000000783b00000, 0x0000000783c00000| Untracked 
|  60|0x0000000783c00000, 0x0000000783d00000, 0x0000000783d00000|100%|HS|  |TAMS 0x0000000783c00000, 0x0000000783d00000| Complete 
|  61|0x0000000783d00000, 0x0000000783e00000, 0x0000000783e00000|100%|HS|  |TAMS 0x0000000783d00000, 0x0000000783e00000| Complete 
|  62|0x0000000783e00000, 0x0000000783f00000, 0x0000000783f00000|100%|HS|  |TAMS 0x0000000783e00000, 0x0000000783f00000| Complete 
|  63|0x0000000783f00000, 0x0000000784000000, 0x0000000784000000|100%|HC|  |TAMS 0x0000000783f00000, 0x0000000784000000| Complete 
|  64|0x0000000784000000, 0x0000000784100000, 0x0000000784100000|100%| O|  |TAMS 0x0000000784000000, 0x0000000784100000| Untracked 
|  65|0x0000000784100000, 0x0000000784200000, 0x0000000784200000|100%| O|  |TAMS 0x0000000784100000, 0x0000000784200000| Untracked 
|  66|0x0000000784200000, 0x0000000784300000, 0x0000000784300000|100%| O|  |TAMS 0x0000000784200000, 0x0000000784300000| Untracked 
|  67|0x0000000784300000, 0x0000000784400000, 0x0000000784400000|100%| O|  |TAMS 0x0000000784300000, 0x0000000784400000| Untracked 
|  68|0x0000000784400000, 0x0000000784500000, 0x0000000784500000|100%| O|  |TAMS 0x0000000784400000, 0x0000000784500000| Untracked 
|  69|0x0000000784500000, 0x0000000784600000, 0x0000000784600000|100%| O|  |TAMS 0x0000000784500000, 0x0000000784600000| Untracked 
|  70|0x0000000784600000, 0x0000000784700000, 0x0000000784700000|100%| O|  |TAMS 0x0000000784600000, 0x0000000784700000| Untracked 
|  71|0x0000000784700000, 0x0000000784800000, 0x0000000784800000|100%| O|  |TAMS 0x0000000784700000, 0x0000000784800000| Untracked 
|  72|0x0000000784800000, 0x0000000784900000, 0x0000000784900000|100%| O|  |TAMS 0x0000000784800000, 0x0000000784900000| Untracked 
|  73|0x0000000784900000, 0x0000000784a00000, 0x0000000784a00000|100%| O|  |TAMS 0x0000000784900000, 0x0000000784a00000| Untracked 
|  74|0x0000000784a00000, 0x0000000784b00000, 0x0000000784b00000|100%| O|  |TAMS 0x0000000784a00000, 0x0000000784b00000| Untracked 
|  75|0x0000000784b00000, 0x0000000784b00000, 0x0000000784c00000|  0%| F|  |TAMS 0x0000000784b00000, 0x0000000784b00000| Untracked 
|  76|0x0000000784c00000, 0x0000000784c00000, 0x0000000784d00000|  0%| F|  |TAMS 0x0000000784c00000, 0x0000000784c00000| Untracked 
|  77|0x0000000784d00000, 0x0000000784e00000, 0x0000000784e00000|100%| O|  |TAMS 0x0000000784d00000, 0x0000000784e00000| Untracked 
|  78|0x0000000784e00000, 0x0000000784f00000, 0x0000000784f00000|100%| O|  |TAMS 0x0000000784e00000, 0x0000000784f00000| Untracked 
|  79|0x0000000784f00000, 0x0000000785000000, 0x0000000785000000|100%| O|  |TAMS 0x0000000784f00000, 0x0000000785000000| Untracked 
|  80|0x0000000785000000, 0x0000000785100000, 0x0000000785100000|100%| O|  |TAMS 0x0000000785000000, 0x0000000785100000| Untracked 
|  81|0x0000000785100000, 0x0000000785200000, 0x0000000785200000|100%| O|  |TAMS 0x0000000785100000, 0x0000000785200000| Untracked 
|  82|0x0000000785200000, 0x00000007852a9400, 0x0000000785300000| 66%| O|  |TAMS 0x0000000785200000, 0x00000007852a9400| Untracked 
|  83|0x0000000785300000, 0x0000000785300000, 0x0000000785400000|  0%| F|  |TAMS 0x0000000785300000, 0x0000000785300000| Untracked 
|  84|0x0000000785400000, 0x0000000785400000, 0x0000000785500000|  0%| F|  |TAMS 0x0000000785400000, 0x0000000785400000| Untracked 
|  85|0x0000000785500000, 0x0000000785500000, 0x0000000785600000|  0%| F|  |TAMS 0x0000000785500000, 0x0000000785500000| Untracked 
|  86|0x0000000785600000, 0x0000000785600000, 0x0000000785700000|  0%| F|  |TAMS 0x0000000785600000, 0x0000000785600000| Untracked 
|  87|0x0000000785700000, 0x0000000785700000, 0x0000000785800000|  0%| F|  |TAMS 0x0000000785700000, 0x0000000785700000| Untracked 
|  88|0x0000000785800000, 0x0000000785800000, 0x0000000785900000|  0%| F|  |TAMS 0x0000000785800000, 0x0000000785800000| Untracked 
|  89|0x0000000785900000, 0x0000000785900000, 0x0000000785a00000|  0%| F|  |TAMS 0x0000000785900000, 0x0000000785900000| Untracked 
|  90|0x0000000785a00000, 0x0000000785a00000, 0x0000000785b00000|  0%| F|  |TAMS 0x0000000785a00000, 0x0000000785a00000| Untracked 
|  91|0x0000000785b00000, 0x0000000785b00000, 0x0000000785c00000|  0%| F|  |TAMS 0x0000000785b00000, 0x0000000785b00000| Untracked 
|  92|0x0000000785c00000, 0x0000000785c00000, 0x0000000785d00000|  0%| F|  |TAMS 0x0000000785c00000, 0x0000000785c00000| Untracked 
|  93|0x0000000785d00000, 0x0000000785d00000, 0x0000000785e00000|  0%| F|  |TAMS 0x0000000785d00000, 0x0000000785d00000| Untracked 
|  94|0x0000000785e00000, 0x0000000785e00000, 0x0000000785f00000|  0%| F|  |TAMS 0x0000000785e00000, 0x0000000785e00000| Untracked 
|  95|0x0000000785f00000, 0x0000000785f00000, 0x0000000786000000|  0%| F|  |TAMS 0x0000000785f00000, 0x0000000785f00000| Untracked 
|  96|0x0000000786000000, 0x0000000786000000, 0x0000000786100000|  0%| F|  |TAMS 0x0000000786000000, 0x0000000786000000| Untracked 
|  97|0x0000000786100000, 0x0000000786100000, 0x0000000786200000|  0%| F|  |TAMS 0x0000000786100000, 0x0000000786100000| Untracked 
|  98|0x0000000786200000, 0x0000000786200000, 0x0000000786300000|  0%| F|  |TAMS 0x0000000786200000, 0x0000000786200000| Untracked 
|  99|0x0000000786300000, 0x0000000786300000, 0x0000000786400000|  0%| F|  |TAMS 0x0000000786300000, 0x0000000786300000| Untracked 
| 100|0x0000000786400000, 0x0000000786400000, 0x0000000786500000|  0%| F|  |TAMS 0x0000000786400000, 0x0000000786400000| Untracked 
| 101|0x0000000786500000, 0x0000000786500000, 0x0000000786600000|  0%| F|  |TAMS 0x0000000786500000, 0x0000000786500000| Untracked 
| 102|0x0000000786600000, 0x0000000786600000, 0x0000000786700000|  0%| F|  |TAMS 0x0000000786600000, 0x0000000786600000| Untracked 
| 103|0x0000000786700000, 0x0000000786700000, 0x0000000786800000|  0%| F|  |TAMS 0x0000000786700000, 0x0000000786700000| Untracked 
| 104|0x0000000786800000, 0x0000000786800000, 0x0000000786900000|  0%| F|  |TAMS 0x0000000786800000, 0x0000000786800000| Untracked 
| 105|0x0000000786900000, 0x0000000786900000, 0x0000000786a00000|  0%| F|  |TAMS 0x0000000786900000, 0x0000000786900000| Untracked 
| 106|0x0000000786a00000, 0x0000000786a00000, 0x0000000786b00000|  0%| F|  |TAMS 0x0000000786a00000, 0x0000000786a00000| Untracked 
| 107|0x0000000786b00000, 0x0000000786b00000, 0x0000000786c00000|  0%| F|  |TAMS 0x0000000786b00000, 0x0000000786b00000| Untracked 
| 108|0x0000000786c00000, 0x0000000786c00000, 0x0000000786d00000|  0%| F|  |TAMS 0x0000000786c00000, 0x0000000786c00000| Untracked 
| 109|0x0000000786d00000, 0x0000000786d00000, 0x0000000786e00000|  0%| F|  |TAMS 0x0000000786d00000, 0x0000000786d00000| Untracked 
| 110|0x0000000786e00000, 0x0000000786e00000, 0x0000000786f00000|  0%| F|  |TAMS 0x0000000786e00000, 0x0000000786e00000| Untracked 
| 111|0x0000000786f00000, 0x0000000786f00000, 0x0000000787000000|  0%| F|  |TAMS 0x0000000786f00000, 0x0000000786f00000| Untracked 
| 112|0x0000000787000000, 0x00000007870f20b0, 0x0000000787100000| 94%| S|CS|TAMS 0x0000000787000000, 0x0000000787000000| Complete 
| 113|0x0000000787100000, 0x0000000787200000, 0x0000000787200000|100%| S|CS|TAMS 0x0000000787100000, 0x0000000787100000| Complete 
| 114|0x0000000787200000, 0x0000000787300000, 0x0000000787300000|100%| S|CS|TAMS 0x0000000787200000, 0x0000000787200000| Complete 
| 115|0x0000000787300000, 0x0000000787400000, 0x0000000787400000|100%| S|CS|TAMS 0x0000000787300000, 0x0000000787300000| Complete 
| 116|0x0000000787400000, 0x0000000787500000, 0x0000000787500000|100%| S|CS|TAMS 0x0000000787400000, 0x0000000787400000| Complete 
| 117|0x0000000787500000, 0x0000000787500000, 0x0000000787600000|  0%| F|  |TAMS 0x0000000787500000, 0x0000000787500000| Untracked 
| 118|0x0000000787600000, 0x0000000787600000, 0x0000000787700000|  0%| F|  |TAMS 0x0000000787600000, 0x0000000787600000| Untracked 
| 119|0x0000000787700000, 0x0000000787700000, 0x0000000787800000|  0%| F|  |TAMS 0x0000000787700000, 0x0000000787700000| Untracked 
| 120|0x0000000787800000, 0x0000000787800000, 0x0000000787900000|  0%| F|  |TAMS 0x0000000787800000, 0x0000000787800000| Untracked 
| 121|0x0000000787900000, 0x0000000787900000, 0x0000000787a00000|  0%| F|  |TAMS 0x0000000787900000, 0x0000000787900000| Untracked 
| 122|0x0000000787a00000, 0x0000000787a00000, 0x0000000787b00000|  0%| F|  |TAMS 0x0000000787a00000, 0x0000000787a00000| Untracked 
| 123|0x0000000787b00000, 0x0000000787b00000, 0x0000000787c00000|  0%| F|  |TAMS 0x0000000787b00000, 0x0000000787b00000| Untracked 
| 124|0x0000000787c00000, 0x0000000787c00000, 0x0000000787d00000|  0%| F|  |TAMS 0x0000000787c00000, 0x0000000787c00000| Untracked 
| 125|0x0000000787d00000, 0x0000000787d00000, 0x0000000787e00000|  0%| F|  |TAMS 0x0000000787d00000, 0x0000000787d00000| Untracked 
| 126|0x0000000787e00000, 0x0000000787e00000, 0x0000000787f00000|  0%| F|  |TAMS 0x0000000787e00000, 0x0000000787e00000| Untracked 
| 127|0x0000000787f00000, 0x0000000787f00000, 0x0000000788000000|  0%| F|  |TAMS 0x0000000787f00000, 0x0000000787f00000| Untracked 
| 128|0x0000000788000000, 0x0000000788000000, 0x0000000788100000|  0%| F|  |TAMS 0x0000000788000000, 0x0000000788000000| Untracked 
| 129|0x0000000788100000, 0x0000000788100000, 0x0000000788200000|  0%| F|  |TAMS 0x0000000788100000, 0x0000000788100000| Untracked 
| 130|0x0000000788200000, 0x0000000788200000, 0x0000000788300000|  0%| F|  |TAMS 0x0000000788200000, 0x0000000788200000| Untracked 
| 131|0x0000000788300000, 0x0000000788300000, 0x0000000788400000|  0%| F|  |TAMS 0x0000000788300000, 0x0000000788300000| Untracked 
| 132|0x0000000788400000, 0x0000000788400000, 0x0000000788500000|  0%| F|  |TAMS 0x0000000788400000, 0x0000000788400000| Untracked 
| 133|0x0000000788500000, 0x0000000788500000, 0x0000000788600000|  0%| F|  |TAMS 0x0000000788500000, 0x0000000788500000| Untracked 
| 134|0x0000000788600000, 0x0000000788600000, 0x0000000788700000|  0%| F|  |TAMS 0x0000000788600000, 0x0000000788600000| Untracked 
| 135|0x0000000788700000, 0x0000000788700000, 0x0000000788800000|  0%| F|  |TAMS 0x0000000788700000, 0x0000000788700000| Untracked 
| 136|0x0000000788800000, 0x0000000788800000, 0x0000000788900000|  0%| F|  |TAMS 0x0000000788800000, 0x0000000788800000| Untracked 
| 137|0x0000000788900000, 0x0000000788900000, 0x0000000788a00000|  0%| F|  |TAMS 0x0000000788900000, 0x0000000788900000| Untracked 
| 138|0x0000000788a00000, 0x0000000788a00000, 0x0000000788b00000|  0%| F|  |TAMS 0x0000000788a00000, 0x0000000788a00000| Untracked 
| 139|0x0000000788b00000, 0x0000000788b00000, 0x0000000788c00000|  0%| F|  |TAMS 0x0000000788b00000, 0x0000000788b00000| Untracked 
| 140|0x0000000788c00000, 0x0000000788c00000, 0x0000000788d00000|  0%| F|  |TAMS 0x0000000788c00000, 0x0000000788c00000| Untracked 
| 141|0x0000000788d00000, 0x0000000788d00000, 0x0000000788e00000|  0%| F|  |TAMS 0x0000000788d00000, 0x0000000788d00000| Untracked 
| 142|0x0000000788e00000, 0x0000000788e00000, 0x0000000788f00000|  0%| F|  |TAMS 0x0000000788e00000, 0x0000000788e00000| Untracked 
| 143|0x0000000788f00000, 0x0000000788f00000, 0x0000000789000000|  0%| F|  |TAMS 0x0000000788f00000, 0x0000000788f00000| Untracked 
| 144|0x0000000789000000, 0x0000000789000000, 0x0000000789100000|  0%| F|  |TAMS 0x0000000789000000, 0x0000000789000000| Untracked 
| 145|0x0000000789100000, 0x0000000789100000, 0x0000000789200000|  0%| F|  |TAMS 0x0000000789100000, 0x0000000789100000| Untracked 
| 146|0x0000000789200000, 0x0000000789200000, 0x0000000789300000|  0%| F|  |TAMS 0x0000000789200000, 0x0000000789200000| Untracked 
| 147|0x0000000789300000, 0x0000000789300000, 0x0000000789400000|  0%| F|  |TAMS 0x0000000789300000, 0x0000000789300000| Untracked 
| 148|0x0000000789400000, 0x0000000789400000, 0x0000000789500000|  0%| F|  |TAMS 0x0000000789400000, 0x0000000789400000| Untracked 
| 149|0x0000000789500000, 0x0000000789500000, 0x0000000789600000|  0%| F|  |TAMS 0x0000000789500000, 0x0000000789500000| Untracked 
| 150|0x0000000789600000, 0x0000000789600000, 0x0000000789700000|  0%| F|  |TAMS 0x0000000789600000, 0x0000000789600000| Untracked 
| 151|0x0000000789700000, 0x0000000789700000, 0x0000000789800000|  0%| F|  |TAMS 0x0000000789700000, 0x0000000789700000| Untracked 
| 152|0x0000000789800000, 0x0000000789800000, 0x0000000789900000|  0%| F|  |TAMS 0x0000000789800000, 0x0000000789800000| Untracked 
| 153|0x0000000789900000, 0x0000000789900000, 0x0000000789a00000|  0%| F|  |TAMS 0x0000000789900000, 0x0000000789900000| Untracked 
| 154|0x0000000789a00000, 0x0000000789a00000, 0x0000000789b00000|  0%| F|  |TAMS 0x0000000789a00000, 0x0000000789a00000| Untracked 
| 155|0x0000000789b00000, 0x0000000789b00000, 0x0000000789c00000|  0%| F|  |TAMS 0x0000000789b00000, 0x0000000789b00000| Untracked 
| 156|0x0000000789c00000, 0x0000000789c00000, 0x0000000789d00000|  0%| F|  |TAMS 0x0000000789c00000, 0x0000000789c00000| Untracked 
| 157|0x0000000789d00000, 0x0000000789d00000, 0x0000000789e00000|  0%| F|  |TAMS 0x0000000789d00000, 0x0000000789d00000| Untracked 
| 158|0x0000000789e00000, 0x0000000789e00000, 0x0000000789f00000|  0%| F|  |TAMS 0x0000000789e00000, 0x0000000789e00000| Untracked 
| 159|0x0000000789f00000, 0x0000000789f00000, 0x000000078a000000|  0%| F|  |TAMS 0x0000000789f00000, 0x0000000789f00000| Untracked 
| 160|0x000000078a000000, 0x000000078a000000, 0x000000078a100000|  0%| F|  |TAMS 0x000000078a000000, 0x000000078a000000| Untracked 
| 161|0x000000078a100000, 0x000000078a100000, 0x000000078a200000|  0%| F|  |TAMS 0x000000078a100000, 0x000000078a100000| Untracked 
| 162|0x000000078a200000, 0x000000078a200000, 0x000000078a300000|  0%| F|  |TAMS 0x000000078a200000, 0x000000078a200000| Untracked 
| 163|0x000000078a300000, 0x000000078a300000, 0x000000078a400000|  0%| F|  |TAMS 0x000000078a300000, 0x000000078a300000| Untracked 
| 164|0x000000078a400000, 0x000000078a400000, 0x000000078a500000|  0%| F|  |TAMS 0x000000078a400000, 0x000000078a400000| Untracked 
| 165|0x000000078a500000, 0x000000078a500000, 0x000000078a600000|  0%| F|  |TAMS 0x000000078a500000, 0x000000078a500000| Untracked 
| 166|0x000000078a600000, 0x000000078a600000, 0x000000078a700000|  0%| F|  |TAMS 0x000000078a600000, 0x000000078a600000| Untracked 
| 167|0x000000078a700000, 0x000000078a700000, 0x000000078a800000|  0%| F|  |TAMS 0x000000078a700000, 0x000000078a700000| Untracked 
| 168|0x000000078a800000, 0x000000078a800000, 0x000000078a900000|  0%| F|  |TAMS 0x000000078a800000, 0x000000078a800000| Untracked 
| 169|0x000000078a900000, 0x000000078a900000, 0x000000078aa00000|  0%| F|  |TAMS 0x000000078a900000, 0x000000078a900000| Untracked 
| 170|0x000000078aa00000, 0x000000078aa00000, 0x000000078ab00000|  0%| F|  |TAMS 0x000000078aa00000, 0x000000078aa00000| Untracked 
| 171|0x000000078ab00000, 0x000000078ab00000, 0x000000078ac00000|  0%| F|  |TAMS 0x000000078ab00000, 0x000000078ab00000| Untracked 
| 172|0x000000078ac00000, 0x000000078ac00000, 0x000000078ad00000|  0%| F|  |TAMS 0x000000078ac00000, 0x000000078ac00000| Untracked 
| 173|0x000000078ad00000, 0x000000078ad00000, 0x000000078ae00000|  0%| F|  |TAMS 0x000000078ad00000, 0x000000078ad00000| Untracked 
| 174|0x000000078ae00000, 0x000000078ae00000, 0x000000078af00000|  0%| F|  |TAMS 0x000000078ae00000, 0x000000078ae00000| Untracked 
| 175|0x000000078af00000, 0x000000078af00000, 0x000000078b000000|  0%| F|  |TAMS 0x000000078af00000, 0x000000078af00000| Untracked 
| 176|0x000000078b000000, 0x000000078b000000, 0x000000078b100000|  0%| F|  |TAMS 0x000000078b000000, 0x000000078b000000| Untracked 
| 177|0x000000078b100000, 0x000000078b100000, 0x000000078b200000|  0%| F|  |TAMS 0x000000078b100000, 0x000000078b100000| Untracked 
| 178|0x000000078b200000, 0x000000078b200000, 0x000000078b300000|  0%| F|  |TAMS 0x000000078b200000, 0x000000078b200000| Untracked 
| 179|0x000000078b300000, 0x000000078b300000, 0x000000078b400000|  0%| F|  |TAMS 0x000000078b300000, 0x000000078b300000| Untracked 
| 180|0x000000078b400000, 0x000000078b400000, 0x000000078b500000|  0%| F|  |TAMS 0x000000078b400000, 0x000000078b400000| Untracked 
| 181|0x000000078b500000, 0x000000078b580800, 0x000000078b600000| 50%| E|  |TAMS 0x000000078b500000, 0x000000078b500000| Complete 
| 182|0x000000078b600000, 0x000000078b700000, 0x000000078b700000|100%| E|CS|TAMS 0x000000078b600000, 0x000000078b600000| Complete 
| 183|0x000000078b700000, 0x000000078b800000, 0x000000078b800000|100%| E|CS|TAMS 0x000000078b700000, 0x000000078b700000| Complete 
| 184|0x000000078b800000, 0x000000078b900000, 0x000000078b900000|100%| E|CS|TAMS 0x000000078b800000, 0x000000078b800000| Complete 

Card table byte_map: [0x0000000108d81000,0x0000000109181000] _byte_map_base: 0x0000000105181000

Marking Bits (Prev, Next): (CMBitMap*) 0x00007fb964827e50, (CMBitMap*) 0x00007fb964827e18
 Prev Bits: [0x000000011aa52000, 0x000000011ca52000)
 Next Bits: [0x0000000109581000, 0x000000010b581000)

Polling page: 0x000000010320b000

Metaspace:

Usage:
  Non-class:     58.80 MB capacity,    57.54 MB ( 98%) used,     1.09 MB (  2%) free+waste,   180.19 KB ( <1%) overhead. 
      Class:      9.04 MB capacity,     8.37 MB ( 93%) used,   598.34 KB (  6%) free+waste,    84.69 KB ( <1%) overhead. 
       Both:     67.84 MB capacity,    65.91 MB ( 97%) used,     1.67 MB (  2%) free+waste,   264.88 KB ( <1%) overhead. 

Virtual space:
  Non-class space:       60.00 MB reserved,      58.95 MB ( 98%) committed 
      Class space:        1.00 GB reserved,       9.12 MB ( <1%) committed 
             Both:        1.06 GB reserved,      68.07 MB (  6%) committed 

Chunk freelists:
   Non-Class:  95.00 KB
       Class:  23.00 KB
        Both:  118.00 KB

MaxMetaspaceSize: unlimited
CompressedClassSpaceSize: 1.00 GB

CodeHeap 'non-profiled nmethods': size=120032Kb used=3936Kb max_used=3936Kb free=116095Kb
 bounds [0x000000011351a000, 0x00000001138fa000, 0x000000011aa52000]
CodeHeap 'profiled nmethods': size=120032Kb used=14809Kb max_used=14809Kb free=105222Kb
 bounds [0x000000010bfe2000, 0x000000010ce62000, 0x000000011351a000]
CodeHeap 'non-nmethods': size=5696Kb used=2247Kb max_used=2296Kb free=3448Kb
 bounds [0x000000010ba52000, 0x000000010bcc2000, 0x000000010bfe2000]
 total_blobs=8145 nmethods=7300 adapters=757
 compilation: enabled
              stopped_count=0, restarted_count=0
 full_count=0

Compilation events (20 events):
Event: 43.183 Thread 0x00007fb964849800 7497       1       java.net.InetAddress::holder (5 bytes)
Event: 43.183 Thread 0x00007fb964849800 nmethod 7497 0x00000001138f1b10 code [0x00000001138f1cc0, 0x00000001138f1d70]
Event: 43.193 Thread 0x00007fb964849800 7498       2       org.objectweb.asm.ByteVector::putShort (52 bytes)
Event: 43.193 Thread 0x00007fb964849800 nmethod 7498 0x000000010ce4ca10 code [0x000000010ce4cbc0, 0x000000010ce4cd80]
Event: 43.227 Thread 0x00007fb964849800 7499       2       sun.reflect.generics.parser.SignatureParser::parseIdentifier (13 bytes)
Event: 43.227 Thread 0x00007fb964849800 nmethod 7499 0x000000010ce4cf10 code [0x000000010ce4d0e0, 0x000000010ce4d230]
Event: 43.227 Thread 0x00007fb964849800 7500       2       sun.reflect.generics.parser.SignatureParser::parseFormalTypeParameter (16 bytes)
Event: 43.228 Thread 0x00007fb964849800 nmethod 7500 0x000000010ce4d310 code [0x000000010ce4d4e0, 0x000000010ce4d780]
Event: 43.228 Thread 0x00007fb964849800 7501       1       sun.reflect.generics.tree.ClassSignature::getSuperInterfaces (5 bytes)
Event: 43.228 Thread 0x00007fb964849800 nmethod 7501 0x00000001138f1e10 code [0x00000001138f1fc0, 0x00000001138f2070]
Event: 43.230 Thread 0x00007fb964849800 7502       2       sun.reflect.annotation.AnnotationParser::parseStringArray (85 bytes)
Event: 43.231 Thread 0x00007fb964849800 nmethod 7502 0x000000010ce4d910 code [0x000000010ce4db60, 0x000000010ce4e140]
Event: 43.233 Thread 0x00007fb964849800 7504   !   2       org.objectweb.asm.ClassWriter::getCommonSuperClass (141 bytes)
Event: 43.234 Thread 0x00007fb964849800 nmethod 7504 0x000000010ce4e490 code [0x000000010ce4e720, 0x000000010ce4edd0]
Event: 43.234 Thread 0x00007fb964849800 7505       2       org.objectweb.asm.ClassWriter::getClassLoader (8 bytes)
Event: 43.235 Thread 0x00007fb964849800 nmethod 7505 0x000000010ce4f390 code [0x000000010ce4f560, 0x000000010ce4f850]
Event: 43.244 Thread 0x00007fb964849800 7506       2       sun.reflect.annotation.AnnotationParser::parseArray (226 bytes)
Event: 43.245 Thread 0x00007fb964849800 nmethod 7506 0x000000010ce4fa90 code [0x000000010ce4fd80, 0x000000010ce507b0]
Event: 43.247 Thread 0x00007fb964849800 7507       2       org.objectweb.asm.SymbolTable::addMergedType (164 bytes)
Event: 43.247 Thread 0x00007fb964849800 nmethod 7507 0x000000010ce50c90 code [0x000000010ce50ea0, 0x000000010ce512d0]

GC Heap History (20 events):
Event: 32.266 GC heap before
{Heap before GC invocations=39 (full 0):
 garbage-first heap   total 189440K, used 161499K [0x0000000780000000, 0x0000000800000000)
  region size 1024K, 100 young (102400K), 7 survivors (7168K)
 Metaspace       used 47361K, capacity 48519K, committed 48844K, reserved 1091584K
  class space    used 6105K, capacity 6548K, committed 6656K, reserved 1048576K
}
Event: 32.270 GC heap after
{Heap after GC invocations=40 (full 0):
 garbage-first heap   total 189440K, used 66800K [0x0000000780000000, 0x0000000800000000)
  region size 1024K, 7 young (7168K), 7 survivors (7168K)
 Metaspace       used 47361K, capacity 48519K, committed 48844K, reserved 1091584K
  class space    used 6105K, capacity 6548K, committed 6656K, reserved 1048576K
}
Event: 33.061 GC heap before
{Heap before GC invocations=40 (full 0):
 garbage-first heap   total 189440K, used 161008K [0x0000000780000000, 0x0000000800000000)
  region size 1024K, 100 young (102400K), 7 survivors (7168K)
 Metaspace       used 47362K, capacity 48519K, committed 48844K, reserved 1091584K
  class space    used 6105K, capacity 6548K, committed 6656K, reserved 1048576K
}
Event: 33.066 GC heap after
{Heap after GC invocations=41 (full 0):
 garbage-first heap   total 189440K, used 68215K [0x0000000780000000, 0x0000000800000000)
  region size 1024K, 8 young (8192K), 8 survivors (8192K)
 Metaspace       used 47362K, capacity 48519K, committed 48844K, reserved 1091584K
  class space    used 6105K, capacity 6548K, committed 6656K, reserved 1048576K
}
Event: 34.629 GC heap before
{Heap before GC invocations=41 (full 0):
 garbage-first heap   total 189440K, used 161399K [0x0000000780000000, 0x0000000800000000)
  region size 1024K, 99 young (101376K), 8 survivors (8192K)
 Metaspace       used 47367K, capacity 48523K, committed 48844K, reserved 1091584K
  class space    used 6105K, capacity 6548K, committed 6656K, reserved 1048576K
}
Event: 34.637 GC heap after
{Heap after GC invocations=42 (full 0):
 garbage-first heap   total 189440K, used 69017K [0x0000000780000000, 0x0000000800000000)
  region size 1024K, 8 young (8192K), 8 survivors (8192K)
 Metaspace       used 47367K, capacity 48523K, committed 48844K, reserved 1091584K
  class space    used 6105K, capacity 6548K, committed 6656K, reserved 1048576K
}
Event: 36.090 GC heap before
{Heap before GC invocations=42 (full 0):
 garbage-first heap   total 189440K, used 163225K [0x0000000780000000, 0x0000000800000000)
  region size 1024K, 98 young (100352K), 8 survivors (8192K)
 Metaspace       used 47396K, capacity 48587K, committed 48844K, reserved 1091584K
  class space    used 6106K, capacity 6548K, committed 6656K, reserved 1048576K
}
Event: 36.092 GC heap after
{Heap after GC invocations=43 (full 0):
 garbage-first heap   total 189440K, used 63750K [0x0000000780000000, 0x0000000800000000)
  region size 1024K, 3 young (3072K), 3 survivors (3072K)
 Metaspace       used 47396K, capacity 48587K, committed 48844K, reserved 1091584K
  class space    used 6106K, capacity 6548K, committed 6656K, reserved 1048576K
}
Event: 36.974 GC heap before
{Heap before GC invocations=43 (full 0):
 garbage-first heap   total 189440K, used 162054K [0x0000000780000000, 0x0000000800000000)
  region size 1024K, 99 young (101376K), 3 survivors (3072K)
 Metaspace       used 47396K, capacity 48587K, committed 48844K, reserved 1091584K
  class space    used 6106K, capacity 6548K, committed 6656K, reserved 1048576K
}
Event: 36.976 GC heap after
{Heap after GC invocations=44 (full 0):
 garbage-first heap   total 189440K, used 65249K [0x0000000780000000, 0x0000000800000000)
  region size 1024K, 4 young (4096K), 4 survivors (4096K)
 Metaspace       used 47396K, capacity 48587K, committed 48844K, reserved 1091584K
  class space    used 6106K, capacity 6548K, committed 6656K, reserved 1048576K
}
Event: 37.696 GC heap before
{Heap before GC invocations=44 (full 0):
 garbage-first heap   total 189440K, used 163553K [0x0000000780000000, 0x0000000800000000)
  region size 1024K, 100 young (102400K), 4 survivors (4096K)
 Metaspace       used 47396K, capacity 48587K, committed 48844K, reserved 1091584K
  class space    used 6106K, capacity 6548K, committed 6656K, reserved 1048576K
}
Event: 37.702 GC heap after
{Heap after GC invocations=45 (full 0):
 garbage-first heap   total 189440K, used 67120K [0x0000000780000000, 0x0000000800000000)
  region size 1024K, 6 young (6144K), 6 survivors (6144K)
 Metaspace       used 47396K, capacity 48587K, committed 48844K, reserved 1091584K
  class space    used 6106K, capacity 6548K, committed 6656K, reserved 1048576K
}
Event: 38.369 GC heap before
{Heap before GC invocations=45 (full 0):
 garbage-first heap   total 189440K, used 166448K [0x0000000780000000, 0x0000000800000000)
  region size 1024K, 100 young (102400K), 6 survivors (6144K)
 Metaspace       used 47505K, capacity 48715K, committed 49100K, reserved 1091584K
  class space    used 6106K, capacity 6548K, committed 6656K, reserved 1048576K
}
Event: 38.374 GC heap after
{Heap after GC invocations=46 (full 0):
 garbage-first heap   total 189440K, used 65105K [0x0000000780000000, 0x0000000800000000)
  region size 1024K, 4 young (4096K), 4 survivors (4096K)
 Metaspace       used 47505K, capacity 48715K, committed 49100K, reserved 1091584K
  class space    used 6106K, capacity 6548K, committed 6656K, reserved 1048576K
}
Event: 39.605 GC heap before
{Heap before GC invocations=46 (full 0):
 garbage-first heap   total 189440K, used 162385K [0x0000000780000000, 0x0000000800000000)
  region size 1024K, 99 young (101376K), 4 survivors (4096K)
 Metaspace       used 52506K, capacity 54045K, committed 54348K, reserved 1095680K
  class space    used 6688K, capacity 7209K, committed 7296K, reserved 1048576K
}
Event: 39.628 GC heap after
{Heap after GC invocations=47 (full 0):
 garbage-first heap   total 189440K, used 70138K [0x0000000780000000, 0x0000000800000000)
  region size 1024K, 9 young (9216K), 9 survivors (9216K)
 Metaspace       used 52506K, capacity 54045K, committed 54348K, reserved 1095680K
  class space    used 6688K, capacity 7209K, committed 7296K, reserved 1048576K
}
Event: 41.210 GC heap before
{Heap before GC invocations=47 (full 0):
 garbage-first heap   total 189440K, used 163322K [0x0000000780000000, 0x0000000800000000)
  region size 1024K, 97 young (99328K), 9 survivors (9216K)
 Metaspace       used 58685K, capacity 60468K, committed 60876K, reserved 1101824K
  class space    used 7495K, capacity 8118K, committed 8192K, reserved 1048576K
}
Event: 41.233 GC heap after
{Heap after GC invocations=48 (full 0):
 garbage-first heap   total 189440K, used 82497K [0x0000000780000000, 0x0000000800000000)
  region size 1024K, 13 young (13312K), 13 survivors (13312K)
 Metaspace       used 58685K, capacity 60468K, committed 60876K, reserved 1101824K
  class space    used 7495K, capacity 8118K, committed 8192K, reserved 1048576K
}
Event: 43.134 GC heap before
{Heap before GC invocations=48 (full 0):
 garbage-first heap   total 189440K, used 150081K [0x0000000780000000, 0x0000000800000000)
  region size 1024K, 81 young (82944K), 13 survivors (13312K)
 Metaspace       used 67190K, capacity 69174K, committed 69452K, reserved 1110016K
  class space    used 8541K, capacity 9224K, committed 9344K, reserved 1048576K
}
Event: 43.160 GC heap after
{Heap after GC invocations=49 (full 0):
 garbage-first heap   total 189440K, used 87661K [0x0000000780000000, 0x0000000800000000)
  region size 1024K, 5 young (5120K), 5 survivors (5120K)
 Metaspace       used 67190K, capacity 69174K, committed 69452K, reserved 1110016K
  class space    used 8541K, capacity 9224K, committed 9344K, reserved 1048576K
}

Deoptimization events (20 events):
Event: 42.565 Thread 0x00007fb963bd0800 DEOPT PACKING pc=0x000000010ce264d4 sp=0x000070000d1a15f0
Event: 42.565 Thread 0x00007fb963bd0800 DEOPT UNPACKING pc=0x000000010ba789ba sp=0x000070000d1a0ae0 mode 0
Event: 42.566 Thread 0x00007fb963bd0800 DEOPT PACKING pc=0x000000010ce264d4 sp=0x000070000d1a15d0
Event: 42.566 Thread 0x00007fb963bd0800 DEOPT UNPACKING pc=0x000000010ba789ba sp=0x000070000d1a0aa8 mode 0
Event: 42.570 Thread 0x00007fb963bd0800 Uncommon trap: trap_request=0xffffff4d fr.pc=0x00000001136502d8 relative=0x0000000000003b38
Event: 42.570 Thread 0x00007fb963bd0800 Uncommon trap: reason=unstable_if action=reinterpret pc=0x00000001136502d8 method=java.util.jar.JarFile.maybeInstantiateVerifier()V @ 4 c2
Event: 42.570 Thread 0x00007fb963bd0800 DEOPT PACKING pc=0x00000001136502d8 sp=0x000070000d1a1e20
Event: 42.570 Thread 0x00007fb963bd0800 DEOPT UNPACKING pc=0x000000010ba78ba5 sp=0x000070000d1a1dc0 mode 2
Event: 42.577 Thread 0x00007fb963bd0800 Uncommon trap: trap_request=0xffffff4d fr.pc=0x0000000113616c10 relative=0x0000000000000070
Event: 42.577 Thread 0x00007fb963bd0800 Uncommon trap: reason=unstable_if action=reinterpret pc=0x0000000113616c10 method=java.security.CodeSource.getCertificates()[Ljava/security/cert/Certificate; @ 22 c2
Event: 42.578 Thread 0x00007fb963bd0800 DEOPT PACKING pc=0x0000000113616c10 sp=0x000070000d1a1c00
Event: 42.578 Thread 0x00007fb963bd0800 DEOPT UNPACKING pc=0x000000010ba78ba5 sp=0x000070000d1a1ba8 mode 2
Event: 42.687 Thread 0x00007fb963bd0800 DEOPT PACKING pc=0x000000010ce1e6e5 sp=0x000070000d1a0b90
Event: 42.687 Thread 0x00007fb963bd0800 DEOPT UNPACKING pc=0x000000010ba789ba sp=0x000070000d1a0070 mode 0
Event: 42.687 Thread 0x00007fb963bd0800 DEOPT PACKING pc=0x000000010ce1df59 sp=0x000070000d1a0b40
Event: 42.687 Thread 0x00007fb963bd0800 DEOPT UNPACKING pc=0x000000010ba789ba sp=0x000070000d19ffd8 mode 0
Event: 43.233 Thread 0x00007fb963bd0800 Uncommon trap: trap_request=0xffffffcc fr.pc=0x00000001138ec77c relative=0x00000000000002bc
Event: 43.233 Thread 0x00007fb963bd0800 Uncommon trap: reason=intrinsic_or_type_checked_inlining action=make_not_entrant pc=0x00000001138ec77c method=java.util.Arrays.copyOf([Ljava/lang/Object;ILjava/lang/Class;)[Ljava/lang/Object; @ 35 c2
Event: 43.233 Thread 0x00007fb963bd0800 DEOPT PACKING pc=0x00000001138ec77c sp=0x000070000d1a4820
Event: 43.233 Thread 0x00007fb963bd0800 DEOPT UNPACKING pc=0x000000010ba78ba5 sp=0x000070000d1a47b0 mode 2

Classes redefined (0 events):
No events

Internal exceptions (20 events):
Event: 40.715 Thread 0x00007fb963bd0800 Exception <a 'java/lang/ClassNotFoundException'{0x0000000787dd4300}: org/gradle/api/tasks/DeleteBeanInfo> (0x0000000787dd4300) thrown at [src/hotspot/share/classfile/systemDictionary.cpp, line 231]
Event: 40.716 Thread 0x00007fb963bd0800 Exception <a 'java/lang/ClassNotFoundException'{0x0000000787dff710}: org/gradle/api/internal/ConventionTaskBeanInfo> (0x0000000787dff710) thrown at [src/hotspot/share/classfile/systemDictionary.cpp, line 231]
Event: 40.717 Thread 0x00007fb963bd0800 Exception <a 'java/lang/ClassNotFoundException'{0x0000000787c28220}: org/gradle/api/DefaultTaskBeanInfo> (0x0000000787c28220) thrown at [src/hotspot/share/classfile/systemDictionary.cpp, line 231]
Event: 40.718 Thread 0x00007fb963bd0800 Exception <a 'java/lang/ClassNotFoundException'{0x0000000787c540e8}: org/gradle/api/internal/AbstractTaskBeanInfo> (0x0000000787c540e8) thrown at [src/hotspot/share/classfile/systemDictionary.cpp, line 231]
Event: 40.719 Thread 0x00007fb963bd0800 Exception <a 'java/lang/ClassNotFoundException'{0x0000000787c7ff70}: org/gradle/api/internal/AbstractTaskCustomizer> (0x0000000787c7ff70) thrown at [src/hotspot/share/classfile/systemDictionary.cpp, line 231]
Event: 40.723 Thread 0x00007fb963bd0800 Exception <a 'java/lang/ClassNotFoundException'{0x0000000787cf0738}: org/gradle/api/DefaultTaskCustomizer> (0x0000000787cf0738) thrown at [src/hotspot/share/classfile/systemDictionary.cpp, line 231]
Event: 40.726 Thread 0x00007fb963bd0800 Exception <a 'java/lang/ClassNotFoundException'{0x0000000787b70938}: org/gradle/api/internal/ConventionTaskCustomizer> (0x0000000787b70938) thrown at [src/hotspot/share/classfile/systemDictionary.cpp, line 231]
Event: 40.727 Thread 0x00007fb963bd0800 Exception <a 'java/lang/ClassNotFoundException'{0x0000000787ba7ef0}: org/gradle/api/tasks/DeleteCustomizer> (0x0000000787ba7ef0) thrown at [src/hotspot/share/classfile/systemDictionary.cpp, line 231]
Event: 40.728 Thread 0x00007fb963bd0800 Exception <a 'java/lang/ClassNotFoundException'{0x0000000787be6410}: org/gradle/api/tasks/Delete_DecoratedCustomizer> (0x0000000787be6410) thrown at [src/hotspot/share/classfile/systemDictionary.cpp, line 231]
Event: 40.751 Thread 0x00007fb963bd0800 Exception <a 'java/lang/ClassNotFoundException'{0x00000007879262b0}: build_b06l9bn6v088mev9atkk2rjuzBeanInfo> (0x00000007879262b0) thrown at [src/hotspot/share/classfile/systemDictionary.cpp, line 231]
Event: 40.751 Thread 0x00007fb963bd0800 Exception <a 'java/lang/ClassNotFoundException'{0x00000007879311d8}: build_b06l9bn6v088mev9atkk2rjuzCustomizer> (0x00000007879311d8) thrown at [src/hotspot/share/classfile/systemDictionary.cpp, line 231]
Event: 40.758 Thread 0x00007fb963bd0800 Exception <a 'java/lang/ClassNotFoundException'{0x00000007879b5f70}: org/gradle/plugin/use/internal/PluginRequestCollector$PluginDependenciesSpecImplBeanInfo> (0x00000007879b5f70) thrown at [src/hotspot/share/classfile/systemDictionary.cpp, line 231]
Event: 40.759 Thread 0x00007fb963bd0800 Exception <a 'java/lang/ClassNotFoundException'{0x00000007879e3e20}: org/gradle/plugin/use/internal/PluginRequestCollector$PluginDependenciesSpecImplCustomizer> (0x00000007879e3e20) thrown at [src/hotspot/share/classfile/systemDictionary.cpp, line 231]
Event: 40.960 Thread 0x00007fb963bd0800 Exception <a 'java/lang/NoSuchMethodError'{0x0000000786dd0700}: 'java.lang.Object java.lang.invoke.DirectMethodHandle$Holder.invokeStatic(java.lang.Object, java.lang.Object, java.lang.Object, java.lang.Object, int)'> (0x0000000786dd0700) thrown at [src/hotspot/share/interpreter/linkResolver.cpp, line 773]
Event: 40.961 Thread 0x00007fb963bd0800 Exception <a 'java/lang/NoSuchMethodError'{0x0000000786dd50f8}: 'java.lang.Object java.lang.invoke.DirectMethodHandle$Holder.invokeSpecial(java.lang.Object, java.lang.Object, java.lang.Object, java.lang.Object, java.lang.Object, int)'> (0x0000000786dd50f8) thrown at [src/hotspot/share/interpreter/linkResolver.cpp, line 773]
Event: 40.961 Thread 0x00007fb963bd0800 Exception <a 'java/lang/NoSuchMethodError'{0x0000000786dd9738}: 'java.lang.Object java.lang.invoke.Invokers$Holder.linkToTargetMethod(java.lang.Object, java.lang.Object, java.lang.Object, int, java.lang.Object)'> (0x0000000786dd9738) thrown at [src/hotspot/share/interpreter/linkResolver.cpp, line 773]
Event: 41.315 Thread 0x00007fb963bd0800 Exception <a 'java/lang/NoSuchMethodError'{0x000000078b69b008}: 'java.lang.Object java.lang.invoke.DirectMethodHandle$Holder.invokeSpecial(java.lang.Object, java.lang.Object, int, int, java.lang.Object, java.lang.Object, java.lang.Object)'> (0x000000078b69b008) thrown at [src/hotspot/share/interpreter/linkResolver.cpp, line 773]
Event: 41.316 Thread 0x00007fb963bd0800 Exception <a 'java/lang/NoSuchMethodError'{0x000000078b69f588}: 'java.lang.Object java.lang.invoke.DelegatingMethodHandle$Holder.reinvoke_L(java.lang.Object, int, int, java.lang.Object, java.lang.Object, java.lang.Object)'> (0x000000078b69f588) thrown at [src/hotspot/share/interpreter/linkResolver.cpp, line 773]
Event: 41.640 Thread 0x00007fb963bd0800 Exception <a 'java/lang/NoSuchMethodError'{0x000000078aa40830}: 'int java.lang.invoke.DirectMethodHandle$Holder.invokeInterface(java.lang.Object, java.lang.Object, java.lang.Object, java.lang.Object)'> (0x000000078aa40830) thrown at [src/hotspot/share/interpreter/linkResolver.cpp, line 773]
Event: 41.960 Thread 0x00007fb963bd0800 Exception <a 'java/lang/NoSuchMethodError'{0x0000000789cf1150}: 'void java.lang.invoke.DirectMethodHandle$Holder.invokeInterface(java.lang.Object, java.lang.Object, java.lang.Object, java.lang.Object)'> (0x0000000789cf1150) thrown at [src/hotspot/share/interpreter/linkResolver.cpp, line 773]

Events (20 events):
Event: 43.204 loading class com/google/common/util/concurrent/AbstractFuture$SetFuture
Event: 43.204 loading class com/google/common/util/concurrent/AbstractFuture$SetFuture done
Event: 43.205 loading class com/google/common/util/concurrent/AbstractFuture$Cancellation
Event: 43.205 loading class com/google/common/util/concurrent/AbstractFuture$Cancellation done
Event: 43.213 loading class com/google/common/util/concurrent/AbstractFuture$Failure
Event: 43.213 loading class com/google/common/util/concurrent/AbstractFuture$Failure done
Event: 43.220 loading class com/google/common/cache/LocalCache$StrongValueReference
Event: 43.220 loading class com/google/common/cache/LocalCache$StrongValueReference done
Event: 43.237 loading class com/android/builder/core/ToolsRevisionUtils
Event: 43.237 loading class com/android/builder/core/ToolsRevisionUtils done
Event: 43.239 loading class com/android/repository/Revision$Precision
Event: 43.239 loading class com/android/repository/Revision$Precision done
Event: 43.241 loading class com/android/sdklib/AndroidVersion
Event: 43.241 loading class com/android/sdklib/AndroidVersion done
Event: 43.242 loading class com/android/sdklib/AndroidVersion$AndroidVersionException
Event: 43.242 loading class com/android/sdklib/AndroidVersion$AndroidVersionException done
Event: 43.243 loading class com/android/build/gradle/internal/dsl/CommonExtensionImpl$sdkComponents$2
Event: 43.243 loading class com/android/build/gradle/internal/dsl/CommonExtensionImpl$sdkComponents$2 done
Event: 43.247 loading class com/google/common/base/Charsets
Event: 43.247 loading class com/google/common/base/Charsets done


Dynamic libraries:
0x00007fff316ad000 	/System/Library/Frameworks/Cocoa.framework/Versions/A/Cocoa
0x00007fff3eec8000 	/System/Library/Frameworks/Security.framework/Versions/A/Security
0x00007fff30613000 	/System/Library/Frameworks/ApplicationServices.framework/Versions/A/ApplicationServices
0x000000010320e000 	/Applications/Android Studio.app/Contents/jre/Contents/Home/lib/jli/libjli.dylib
0x00007fff697b2000 	/usr/lib/libSystem.B.dylib
0x00007fff2f805000 	/System/Library/Frameworks/AppKit.framework/Versions/C/AppKit
0x00007fff32031000 	/System/Library/Frameworks/CoreData.framework/Versions/A/CoreData
0x00007fff34c0f000 	/System/Library/Frameworks/Foundation.framework/Versions/C/Foundation
0x00007fff6379f000 	/System/Library/PrivateFrameworks/UIFoundation.framework/Versions/A/UIFoundation
0x00007fff5e833000 	/System/Library/PrivateFrameworks/RemoteViewServices.framework/Versions/A/RemoteViewServices
0x00007fff66322000 	/System/Library/PrivateFrameworks/XCTTargetBootstrap.framework/Versions/A/XCTTargetBootstrap
0x00007fff3241c000 	/System/Library/Frameworks/CoreDisplay.framework/Versions/A/CoreDisplay
0x00007fff37aca000 	/System/Library/Frameworks/Metal.framework/Versions/A/Metal
0x00007fff4c6c3000 	/System/Library/PrivateFrameworks/DesktopServicesPriv.framework/Versions/A/DesktopServicesPriv
0x00007fff6a8ef000 	/usr/lib/liblangid.dylib
0x00007fff4b958000 	/System/Library/PrivateFrameworks/CoreSVG.framework/Versions/A/CoreSVG
0x00007fff6198f000 	/System/Library/PrivateFrameworks/SkyLight.framework/Versions/A/SkyLight
0x00007fff329d2000 	/System/Library/Frameworks/CoreGraphics.framework/Versions/A/CoreGraphics
0x00007fff2e1d9000 	/System/Library/Frameworks/Accelerate.framework/Versions/A/Accelerate
0x00007fff6bbe1000 	/usr/lib/libxml2.2.dylib
0x00007fff57665000 	/System/Library/PrivateFrameworks/IconServices.framework/Versions/A/IconServices
0x00007fff353ee000 	/System/Library/Frameworks/IOSurface.framework/Versions/A/IOSurface
0x00007fff692dc000 	/usr/lib/libDiagnosticMessagesClient.dylib
0x00007fff6bcf0000 	/usr/lib/libz.1.dylib
0x00007fff4c51d000 	/System/Library/PrivateFrameworks/DFRFoundation.framework/Versions/A/DFRFoundation
0x00007fff6a67e000 	/usr/lib/libicucore.A.dylib
0x00007fff30945000 	/System/Library/Frameworks/AudioToolbox.framework/Versions/A/AudioToolbox
0x00007fff30a28000 	/System/Library/Frameworks/AudioUnit.framework/Versions/A/AudioUnit
0x00007fff699b4000 	/usr/lib/libauto.dylib
0x00007fff4c5bf000 	/System/Library/PrivateFrameworks/DataDetectorsCore.framework/Versions/A/DataDetectorsCore
0x00007fff311ce000 	/System/Library/Frameworks/Carbon.framework/Versions/A/Frameworks/HIToolbox.framework/Versions/A/HIToolbox
0x00007fff3e0c1000 	/System/Library/Frameworks/QuartzCore.framework/Versions/A/QuartzCore
0x00007fff3150d000 	/System/Library/Frameworks/Carbon.framework/Versions/A/Frameworks/SpeechRecognition.framework/Versions/A/SpeechRecognition
0x00007fff4c031000 	/System/Library/PrivateFrameworks/CoreUI.framework/Versions/A/CoreUI
0x00007fff31a9c000 	/System/Library/Frameworks/CoreAudio.framework/Versions/A/CoreAudio
0x00007fff348ce000 	/System/Library/Frameworks/DiskArbitration.framework/Versions/A/DiskArbitration
0x00007fff5980c000 	/System/Library/PrivateFrameworks/MultitouchSupport.framework/Versions/A/MultitouchSupport
0x00007fff6a543000 	/usr/lib/libenergytrace.dylib
0x00007fff35348000 	/System/Library/Frameworks/IOKit.framework/Versions/A/IOKit
0x00007fff33939000 	/System/Library/Frameworks/CoreServices.framework/Versions/A/CoreServices
0x00007fff5b9c6000 	/System/Library/PrivateFrameworks/PerformanceAnalysis.framework/Versions/A/PerformanceAnalysis
0x00007fff3d0f4000 	/System/Library/Frameworks/OpenGL.framework/Versions/A/OpenGL
0x00007fff6b614000 	/usr/lib/libobjc.A.dylib
0x00007fff316bb000 	/System/Library/Frameworks/ColorSync.framework/Versions/A/ColorSync
0x00007fff3254f000 	/System/Library/Frameworks/CoreFoundation.framework/Versions/A/CoreFoundation
0x00007fff33055000 	/System/Library/Frameworks/CoreImage.framework/Versions/A/CoreImage
0x00007fff343ad000 	/System/Library/Frameworks/CoreText.framework/Versions/A/CoreText
0x00007fff3547e000 	/System/Library/Frameworks/ImageIO.framework/Versions/A/ImageIO
0x00007fff69a98000 	/usr/lib/libc++.1.dylib
0x00007fff69b14000 	/usr/lib/libcompression.dylib
0x00007fff69620000 	/usr/lib/libMobileGestalt.dylib
0x00007fff63509000 	/System/Library/PrivateFrameworks/TextureIO.framework/Versions/A/TextureIO
0x00007fff69917000 	/usr/lib/libate.dylib
0x00007fff5786e000 	/System/Library/PrivateFrameworks/InternationalSupport.framework/Versions/A/InternationalSupport
0x00007fff6c5b1000 	/usr/lib/system/libcache.dylib
0x00007fff6c5b7000 	/usr/lib/system/libcommonCrypto.dylib
0x00007fff6c5c3000 	/usr/lib/system/libcompiler_rt.dylib
0x00007fff6c5cb000 	/usr/lib/system/libcopyfile.dylib
0x00007fff6c5d5000 	/usr/lib/system/libcorecrypto.dylib
0x00007fff6c774000 	/usr/lib/system/libdispatch.dylib
0x00007fff6c7b5000 	/usr/lib/system/libdyld.dylib
0x00007fff6c7ec000 	/usr/lib/system/libkeymgr.dylib
0x00007fff6c7fa000 	/usr/lib/system/liblaunch.dylib
0x00007fff6c7fb000 	/usr/lib/system/libmacho.dylib
0x00007fff6c801000 	/usr/lib/system/libquarantine.dylib
0x00007fff6c804000 	/usr/lib/system/libremovefile.dylib
0x00007fff6c806000 	/usr/lib/system/libsystem_asl.dylib
0x00007fff6c81e000 	/usr/lib/system/libsystem_blocks.dylib
0x00007fff6c81f000 	/usr/lib/system/libsystem_c.dylib
0x00007fff6c8a7000 	/usr/lib/system/libsystem_configuration.dylib
0x00007fff6c8ab000 	/usr/lib/system/libsystem_coreservices.dylib
0x00007fff6c8af000 	/usr/lib/system/libsystem_darwin.dylib
0x00007fff6c8b8000 	/usr/lib/system/libsystem_dnssd.dylib
0x00007fff6c8c0000 	/usr/lib/system/libsystem_featureflags.dylib
0x00007fff6c8c2000 	/usr/lib/system/libsystem_info.dylib
0x00007fff6c93d000 	/usr/lib/system/libsystem_m.dylib
0x00007fff6c985000 	/usr/lib/system/libsystem_malloc.dylib
0x00007fff6c9ad000 	/usr/lib/system/libsystem_networkextension.dylib
0x00007fff6c9bb000 	/usr/lib/system/libsystem_notify.dylib
0x00007fff6c9d9000 	/usr/lib/system/libsystem_sandbox.dylib
0x00007fff6c9de000 	/usr/lib/system/libsystem_secinit.dylib
0x00007fff6c910000 	/usr/lib/system/libsystem_kernel.dylib
0x00007fff6c9c5000 	/usr/lib/system/libsystem_platform.dylib
0x00007fff6c9ce000 	/usr/lib/system/libsystem_pthread.dylib
0x00007fff6c9e1000 	/usr/lib/system/libsystem_symptoms.dylib
0x00007fff6c9e9000 	/usr/lib/system/libsystem_trace.dylib
0x00007fff6ca01000 	/usr/lib/system/libunwind.dylib
0x00007fff6ca07000 	/usr/lib/system/libxpc.dylib
0x00007fff69aeb000 	/usr/lib/libc++abi.dylib
0x00007fff6a8f1000 	/usr/lib/liblzma.5.dylib
0x00007fff6a56c000 	/usr/lib/libfakelink.dylib
0x00007fff698a4000 	/usr/lib/libarchive.2.dylib
0x00007fff3ff7b000 	/System/Library/Frameworks/SystemConfiguration.framework/Versions/A/SystemConfiguration
0x00007fff6920f000 	/usr/lib/libCRFSuite.dylib
0x00007fff30dbf000 	/System/Library/Frameworks/CFNetwork.framework/Versions/A/CFNetwork
0x00007fff69a7a000 	/usr/lib/libbsm.0.dylib
0x00007fff6c7ed000 	/usr/lib/system/libkxld.dylib
0x00007fff45e97000 	/System/Library/PrivateFrameworks/AppleFSCompression.framework/Versions/A/AppleFSCompression
0x00007fff69e05000 	/usr/lib/libcoretls.dylib
0x00007fff69e1c000 	/usr/lib/libcoretls_cfhelpers.dylib
0x00007fff6b65a000 	/usr/lib/libpam.2.dylib
0x00007fff6b78f000 	/usr/lib/libsqlite3.dylib
0x00007fff6bbce000 	/usr/lib/libxar.1.dylib
0x00007fff69a8b000 	/usr/lib/libbz2.1.0.dylib
0x00007fff6a58d000 	/usr/lib/libiconv.2.dylib
0x00007fff69b01000 	/usr/lib/libcharset.1.dylib
0x00007fff6b0f7000 	/usr/lib/libnetwork.dylib
0x00007fff6b661000 	/usr/lib/libpcap.A.dylib
0x00007fff69859000 	/usr/lib/libapple_nghttp2.dylib
0x00007fff33cf0000 	/System/Library/Frameworks/CoreServices.framework/Versions/A/Frameworks/FSEvents.framework/Versions/A/FSEvents
0x00007fff339c0000 	/System/Library/Frameworks/CoreServices.framework/Versions/A/Frameworks/CarbonCore.framework/Versions/A/CarbonCore
0x00007fff33f35000 	/System/Library/Frameworks/CoreServices.framework/Versions/A/Frameworks/Metadata.framework/Versions/A/Metadata
0x00007fff33fce000 	/System/Library/Frameworks/CoreServices.framework/Versions/A/Frameworks/OSServices.framework/Versions/A/OSServices
0x00007fff33ffc000 	/System/Library/Frameworks/CoreServices.framework/Versions/A/Frameworks/SearchKit.framework/Versions/A/SearchKit
0x00007fff3393a000 	/System/Library/Frameworks/CoreServices.framework/Versions/A/Frameworks/AE.framework/Versions/A/AE
0x00007fff33cf9000 	/System/Library/Frameworks/CoreServices.framework/Versions/A/Frameworks/LaunchServices.framework/Versions/A/LaunchServices
0x00007fff33ca2000 	/System/Library/Frameworks/CoreServices.framework/Versions/A/Frameworks/DictionaryServices.framework/Versions/A/DictionaryServices
0x00007fff34064000 	/System/Library/Frameworks/CoreServices.framework/Versions/A/Frameworks/SharedFileList.framework/Versions/A/SharedFileList
0x00007fff38f13000 	/System/Library/Frameworks/NetFS.framework/Versions/A/NetFS
0x00007fff59d3c000 	/System/Library/PrivateFrameworks/NetAuth.framework/Versions/A/NetAuth
0x00007fff666ef000 	/System/Library/PrivateFrameworks/login.framework/Versions/A/Frameworks/loginsupport.framework/Versions/A/loginsupport
0x00007fff62fd4000 	/System/Library/PrivateFrameworks/TCC.framework/Versions/A/TCC
0x00007fff4aacb000 	/System/Library/PrivateFrameworks/CoreNLP.framework/Versions/A/CoreNLP
0x00007fff590e2000 	/System/Library/PrivateFrameworks/MetadataUtilities.framework/Versions/A/MetadataUtilities
0x00007fff6a9c9000 	/usr/lib/libmecabra.dylib
0x00007fff6a921000 	/usr/lib/libmecab.dylib
0x00007fff6a57d000 	/usr/lib/libgermantok.dylib
0x00007fff69840000 	/usr/lib/libThaiTokenizer.dylib
0x00007fff69246000 	/usr/lib/libChineseTokenizer.dylib
0x00007fff2e1f1000 	/System/Library/Frameworks/Accelerate.framework/Versions/A/Frameworks/vImage.framework/Versions/A/vImage
0x00007fff2f65b000 	/System/Library/Frameworks/Accelerate.framework/Versions/A/Frameworks/vecLib.framework/Versions/A/vecLib
0x00007fff2f598000 	/System/Library/Frameworks/Accelerate.framework/Versions/A/Frameworks/vecLib.framework/Versions/A/libvMisc.dylib
0x00007fff2f3c0000 	/System/Library/Frameworks/Accelerate.framework/Versions/A/Frameworks/vecLib.framework/Versions/A/libvDSP.dylib
0x00007fff2e848000 	/System/Library/Frameworks/Accelerate.framework/Versions/A/Frameworks/vecLib.framework/Versions/A/libBLAS.dylib
0x00007fff2ef84000 	/System/Library/Frameworks/Accelerate.framework/Versions/A/Frameworks/vecLib.framework/Versions/A/libLAPACK.dylib
0x00007fff2f320000 	/System/Library/Frameworks/Accelerate.framework/Versions/A/Frameworks/vecLib.framework/Versions/A/libLinearAlgebra.dylib
0x00007fff2f3ad000 	/System/Library/Frameworks/Accelerate.framework/Versions/A/Frameworks/vecLib.framework/Versions/A/libSparseBLAS.dylib
0x00007fff2f336000 	/System/Library/Frameworks/Accelerate.framework/Versions/A/Frameworks/vecLib.framework/Versions/A/libQuadrature.dylib
0x00007fff2eab0000 	/System/Library/Frameworks/Accelerate.framework/Versions/A/Frameworks/vecLib.framework/Versions/A/libBNNS.dylib
0x00007fff2f33c000 	/System/Library/Frameworks/Accelerate.framework/Versions/A/Frameworks/vecLib.framework/Versions/A/libSparse.dylib
0x00007fff57c56000 	/System/Library/PrivateFrameworks/LanguageModeling.framework/Versions/A/LanguageModeling
0x00007fff4a47a000 	/System/Library/PrivateFrameworks/CoreEmoji.framework/Versions/A/CoreEmoji
0x00007fff57d74000 	/System/Library/PrivateFrameworks/LinguisticData.framework/Versions/A/LinguisticData
0x00007fff57d25000 	/System/Library/PrivateFrameworks/Lexicon.framework/Versions/A/Lexicon
0x00007fff69b02000 	/usr/lib/libcmph.dylib
0x00007fff3bb02000 	/System/Library/Frameworks/OpenDirectory.framework/Versions/A/Frameworks/CFOpenDirectory.framework/Versions/A/CFOpenDirectory
0x00007fff3bb1f000 	/System/Library/Frameworks/OpenDirectory.framework/Versions/A/OpenDirectory
0x00007fff43f65000 	/System/Library/PrivateFrameworks/APFS.framework/Versions/A/APFS
0x00007fff3f214000 	/System/Library/Frameworks/SecurityFoundation.framework/Versions/A/SecurityFoundation
0x00007fff6bbca000 	/usr/lib/libutil.dylib
0x00007fff4b9b0000 	/System/Library/PrivateFrameworks/CoreServicesStore.framework/Versions/A/CoreServicesStore
0x00007fff3f2cb000 	/System/Library/Frameworks/ServiceManagement.framework/Versions/A/ServiceManagement
0x00007fff47668000 	/System/Library/PrivateFrameworks/BackgroundTaskManagement.framework/Versions/A/BackgroundTaskManagement
0x00007fff6bcc7000 	/usr/lib/libxslt.1.dylib
0x00007fff4650a000 	/System/Library/PrivateFrameworks/AppleSystemInfo.framework/Versions/A/AppleSystemInfo
0x00007fff3569b000 	/System/Library/Frameworks/ImageIO.framework/Versions/A/Resources/libJPEG.dylib
0x00007fff35958000 	/System/Library/Frameworks/ImageIO.framework/Versions/A/Resources/libTIFF.dylib
0x00007fff3593b000 	/System/Library/Frameworks/ImageIO.framework/Versions/A/Resources/libPng.dylib
0x00007fff355dd000 	/System/Library/Frameworks/ImageIO.framework/Versions/A/Resources/libGIF.dylib
0x00007fff355e1000 	/System/Library/Frameworks/ImageIO.framework/Versions/A/Resources/libJP2.dylib
0x00007fff35956000 	/System/Library/Frameworks/ImageIO.framework/Versions/A/Resources/libRadiance.dylib
0x00007fff6a544000 	/usr/lib/libexpat.1.dylib
0x00007fff45ff2000 	/System/Library/PrivateFrameworks/AppleJPEG.framework/Versions/A/AppleJPEG
0x00007fff4ecc6000 	/System/Library/PrivateFrameworks/FontServices.framework/libFontParser.dylib
0x00007fff656f1000 	/System/Library/PrivateFrameworks/WatchdogClient.framework/Versions/A/WatchdogClient
0x00007fff572b1000 	/System/Library/PrivateFrameworks/IOAccelerator.framework/Versions/A/IOAccelerator
0x00007fff37e65000 	/System/Library/Frameworks/MetalPerformanceShaders.framework/Versions/A/MetalPerformanceShaders
0x00007fff53a41000 	/System/Library/PrivateFrameworks/GPUWrangler.framework/Versions/A/GPUWrangler
0x00007fff572c6000 	/System/Library/PrivateFrameworks/IOPresentment.framework/Versions/A/IOPresentment
0x00007fff4c530000 	/System/Library/PrivateFrameworks/DSExternalDisplay.framework/Versions/A/DSExternalDisplay
0x00007fff3c493000 	/System/Library/Frameworks/OpenGL.framework/Versions/A/Libraries/libCoreFSCache.dylib
0x00007fff37bb1000 	/System/Library/Frameworks/MetalPerformanceShaders.framework/Frameworks/MPSCore.framework/Versions/A/MPSCore
0x00007fff37bef000 	/System/Library/Frameworks/MetalPerformanceShaders.framework/Frameworks/MPSImage.framework/Versions/A/MPSImage
0x00007fff37cb6000 	/System/Library/Frameworks/MetalPerformanceShaders.framework/Frameworks/MPSNeuralNetwork.framework/Versions/A/MPSNeuralNetwork
0x00007fff37c7a000 	/System/Library/Frameworks/MetalPerformanceShaders.framework/Frameworks/MPSMatrix.framework/Versions/A/MPSMatrix
0x00007fff37e15000 	/System/Library/Frameworks/MetalPerformanceShaders.framework/Frameworks/MPSRayIntersector.framework/Versions/A/MPSRayIntersector
0x00007fff37ca0000 	/System/Library/Frameworks/MetalPerformanceShaders.framework/Frameworks/MPSNDArray.framework/Versions/A/MPSNDArray
0x00007fff5912f000 	/System/Library/PrivateFrameworks/MetalTools.framework/Versions/A/MetalTools
0x00007fff4513f000 	/System/Library/PrivateFrameworks/AggregateDictionary.framework/Versions/A/AggregateDictionary
0x00007fff49ec2000 	/System/Library/PrivateFrameworks/CoreAnalytics.framework/Versions/A/CoreAnalytics
0x00007fff46429000 	/System/Library/PrivateFrameworks/AppleSauce.framework/Versions/A/AppleSauce
0x00007fff69502000 	/usr/lib/libIOReport.dylib
0x00007fff34565000 	/System/Library/Frameworks/CoreVideo.framework/Versions/A/CoreVideo
0x00007fff54eba000 	/System/Library/PrivateFrameworks/GraphVisualizer.framework/Versions/A/GraphVisualizer
0x00007fff4e20c000 	/System/Library/PrivateFrameworks/FaceCore.framework/Versions/A/FaceCore
0x00007fff3baa9000 	/System/Library/Frameworks/OpenCL.framework/Versions/A/OpenCL
0x00007fff69324000 	/usr/lib/libFosl_dynamic.dylib
0x00007fff5a75d000 	/System/Library/PrivateFrameworks/OTSVG.framework/Versions/A/OTSVG
0x00007fff30718000 	/System/Library/Frameworks/ApplicationServices.framework/Versions/A/Frameworks/ATS.framework/Versions/A/Resources/libFontRegistry.dylib
0x00007fff4ee95000 	/System/Library/PrivateFrameworks/FontServices.framework/libhvf.dylib
0x00007fff3c49e000 	/System/Library/Frameworks/OpenGL.framework/Versions/A/Libraries/libGFXShared.dylib
0x00007fff3c67c000 	/System/Library/Frameworks/OpenGL.framework/Versions/A/Libraries/libGLU.dylib
0x00007fff3c4a7000 	/System/Library/Frameworks/OpenGL.framework/Versions/A/Libraries/libGL.dylib
0x00007fff3c4b2000 	/System/Library/Frameworks/OpenGL.framework/Versions/A/Libraries/libGLImage.dylib
0x00007fff3c490000 	/System/Library/Frameworks/OpenGL.framework/Versions/A/Libraries/libCVMSPluginSupport.dylib
0x00007fff3c499000 	/System/Library/Frameworks/OpenGL.framework/Versions/A/Libraries/libCoreVMClient.dylib
0x00007fff6af98000 	/usr/lib/libncurses.5.4.dylib
0x00007fff30614000 	/System/Library/Frameworks/ApplicationServices.framework/Versions/A/Frameworks/ATS.framework/Versions/A/ATS
0x00007fff307e1000 	/System/Library/Frameworks/ApplicationServices.framework/Versions/A/Frameworks/ColorSyncLegacy.framework/Versions/A/ColorSyncLegacy
0x00007fff3087f000 	/System/Library/Frameworks/ApplicationServices.framework/Versions/A/Frameworks/HIServices.framework/Versions/A/HIServices
0x00007fff308d7000 	/System/Library/Frameworks/ApplicationServices.framework/Versions/A/Frameworks/LangAnalysis.framework/Versions/A/LangAnalysis
0x00007fff308e6000 	/System/Library/Frameworks/ApplicationServices.framework/Versions/A/Frameworks/PrintCore.framework/Versions/A/PrintCore
0x00007fff3092c000 	/System/Library/Frameworks/ApplicationServices.framework/Versions/A/Frameworks/QD.framework/Versions/A/QD
0x00007fff30937000 	/System/Library/Frameworks/ApplicationServices.framework/Versions/A/Frameworks/SpeechSynthesis.framework/Versions/A/SpeechSynthesis
0x00007fff307b1000 	/System/Library/Frameworks/ApplicationServices.framework/Versions/A/Frameworks/ATSUI.framework/Versions/A/ATSUI
0x00007fff6a3da000 	/usr/lib/libcups.2.dylib
0x00007fff36f00000 	/System/Library/Frameworks/Kerberos.framework/Versions/A/Kerberos
0x00007fff35041000 	/System/Library/Frameworks/GSS.framework/Versions/A/GSS
0x00007fff6b71b000 	/usr/lib/libresolv.9.dylib
0x00007fff55067000 	/System/Library/PrivateFrameworks/Heimdal.framework/Versions/A/Heimdal
0x00007fff36f13000 	/System/Library/Frameworks/Kerberos.framework/Versions/A/Libraries/libHeimdalProxy.dylib
0x00007fff6a583000 	/usr/lib/libheimdal-asn1.dylib
0x00007fff4935a000 	/System/Library/PrivateFrameworks/CommonAuth.framework/Versions/A/CommonAuth
0x00007fff465a7000 	/System/Library/PrivateFrameworks/AssertionServices.framework/Versions/A/AssertionServices
0x00007fff4714a000 	/System/Library/PrivateFrameworks/AudioToolboxCore.framework/Versions/A/AudioToolboxCore
0x00007fff6639f000 	/System/Library/PrivateFrameworks/caulk.framework/Versions/A/caulk
0x00007fff47714000 	/System/Library/PrivateFrameworks/BaseBoard.framework/Versions/A/BaseBoard
0x00007fff5e9c1000 	/System/Library/PrivateFrameworks/RunningBoardServices.framework/Versions/A/RunningBoardServices
0x00007fff5b9d2000 	/System/Library/PrivateFrameworks/PersistentConnection.framework/Versions/A/PersistentConnection
0x00007fff5e3ba000 	/System/Library/PrivateFrameworks/ProtocolBuffer.framework/Versions/A/ProtocolBuffer
0x00007fff4937e000 	/System/Library/PrivateFrameworks/CommonUtilities.framework/Versions/A/CommonUtilities
0x00007fff478a2000 	/System/Library/PrivateFrameworks/Bom.framework/Versions/A/Bom
0x00007fff691d5000 	/usr/lib/libAudioToolboxUtility.dylib
0x00007fff47672000 	/System/Library/PrivateFrameworks/Backup.framework/Versions/A/Backup
0x00007fff4c451000 	/System/Library/PrivateFrameworks/CrashReporterSupport.framework/Versions/A/CrashReporterSupport
0x00007fff60453000 	/System/Library/PrivateFrameworks/Sharing.framework/Versions/A/Sharing
0x00007fff45bb5000 	/System/Library/PrivateFrameworks/Apple80211.framework/Versions/A/Apple80211
0x00007fff4738f000 	/System/Library/PrivateFrameworks/AuthKit.framework/Versions/A/AuthKit
0x00007fff4c15e000 	/System/Library/PrivateFrameworks/CoreUtils.framework/Versions/A/CoreUtils
0x00007fff345aa000 	/System/Library/Frameworks/CoreWLAN.framework/Versions/A/CoreWLAN
0x00007fff351ce000 	/System/Library/Frameworks/IOBluetooth.framework/Versions/A/IOBluetooth
0x00007fff5958b000 	/System/Library/PrivateFrameworks/MobileKeyBag.framework/Versions/A/MobileKeyBag
0x00007fff4af63000 	/System/Library/PrivateFrameworks/CorePhoneNumbers.framework/Versions/A/CorePhoneNumbers
0x00007fff45fa5000 	/System/Library/PrivateFrameworks/AppleIDAuthSupport.framework/Versions/A/AppleIDAuthSupport
0x00007fff38f20000 	/System/Library/Frameworks/Network.framework/Versions/A/Network
0x00007fff57b02000 	/System/Library/PrivateFrameworks/KeychainCircle.framework/Versions/A/KeychainCircle
0x00007fff31ff8000 	/System/Library/Frameworks/CoreBluetooth.framework/Versions/A/CoreBluetooth
0x00007fff624d2000 	/System/Library/PrivateFrameworks/SpeechRecognitionCore.framework/Versions/A/SpeechRecognitionCore
0x0000000103c00000 	/Applications/Android Studio.app/Contents/jre/Contents/Home/lib/server/libjvm.dylib
0x000000010323f000 	/Applications/Android Studio.app/Contents/jre/Contents/Home/lib/libverify.dylib
0x0000000103252000 	/Applications/Android Studio.app/Contents/jre/Contents/Home/lib/libjava.dylib
0x000000010328c000 	/Applications/Android Studio.app/Contents/jre/Contents/Home/lib/libjimage.dylib
0x00000001032e6000 	/Applications/Android Studio.app/Contents/jre/Contents/Home/lib/libzip.dylib
0x000000010336b000 	/Applications/Android Studio.app/Contents/jre/Contents/Home/lib/libnio.dylib
0x0000000103386000 	/Applications/Android Studio.app/Contents/jre/Contents/Home/lib/libnet.dylib
0x00000001033a9000 	/Users/student/.gradle/native/8bec1ad78214c89d9ad589b4d07fe93259594b29d510b10fafb7a158f7737e5d/osx-amd64/libnative-platform.dylib
0x000000010b581000 	/Users/student/.gradle/native/53dbd7edfb1c66fb8903c78663c9afc45aea4f116125fa6feffd364cf09443e8/osx-amd64/libnative-platform-file-events.dylib
0x00000001033b0000 	/Applications/Android Studio.app/Contents/jre/Contents/Home/lib/libmanagement.dylib
0x00000001033c1000 	/Applications/Android Studio.app/Contents/jre/Contents/Home/lib/libmanagement_ext.dylib
0x00000001033d1000 	/Applications/Android Studio.app/Contents/jre/Contents/Home/lib/libextnet.dylib


VM Arguments:
jvm_args: --add-opens=java.base/java.util=ALL-UNNAMED --add-opens=java.base/java.lang=ALL-UNNAMED --add-opens=java.base/java.lang.invoke=ALL-UNNAMED --add-opens=java.base/java.util=ALL-UNNAMED --add-opens=java.prefs/java.util.prefs=ALL-UNNAMED --add-opens=java.prefs/java.util.prefs=ALL-UNNAMED --add-opens=java.base/java.nio.charset=ALL-UNNAMED --add-opens=java.base/java.net=ALL-UNNAMED --add-opens=java.base/java.util.concurrent.atomic=ALL-UNNAMED -Xmx2048m -Dfile.encoding=UTF-8 -Duser.country=GB -Duser.language=en -Duser.variant 
java_command: org.gradle.launcher.daemon.bootstrap.GradleDaemon 7.0.2
java_class_path (initial): /Users/student/.gradle/wrapper/dists/gradle-7.0.2-bin/857tjihv64xamwrf0h14cai3r/gradle-7.0.2/lib/gradle-launcher-7.0.2.jar
Launcher Type: SUN_STANDARD

[Global flags]
     intx CICompilerCount                          = 3                                         {product} {ergonomic}
     uint ConcGCThreads                            = 1                                         {product} {ergonomic}
     uint G1ConcRefinementThreads                  = 4                                         {product} {ergonomic}
   size_t G1HeapRegionSize                         = 1048576                                   {product} {ergonomic}
    uintx GCDrainStackTargetSize                   = 64                                        {product} {ergonomic}
   size_t InitialHeapSize                          = 134217728                                 {product} {ergonomic}
   size_t MarkStackSize                            = 4194304                                   {product} {ergonomic}
   size_t MaxHeapSize                              = 2147483648                                {product} {command line}
   size_t MaxNewSize                               = 1287651328                                {product} {ergonomic}
   size_t MinHeapDeltaBytes                        = 1048576                                   {product} {ergonomic}
    uintx NonNMethodCodeHeapSize                   = 5830732                                {pd product} {ergonomic}
    uintx NonProfiledCodeHeapSize                  = 122913754                              {pd product} {ergonomic}
    uintx ProfiledCodeHeapSize                     = 122913754                              {pd product} {ergonomic}
    uintx ReservedCodeCacheSize                    = 251658240                              {pd product} {ergonomic}
     bool SegmentedCodeCache                       = true                                      {product} {ergonomic}
     bool UseCompressedClassPointers               = true                                 {lp64_product} {ergonomic}
     bool UseCompressedOops                        = true                                 {lp64_product} {ergonomic}
     bool UseG1GC                                  = true                                      {product} {ergonomic}

Logging:
Log output configuration:
 #0: stdout all=warning uptime,level,tags
 #1: stderr all=off uptime,level,tags

Environment Variables:
PATH=/Library/Frameworks/Python.framework/Versions/3.10/bin:/Users/student/jdk/Contents/Home/bin:/Library/Frameworks/Python.framework/Versions/3.9/bin:/usr/local/bin:/usr/bin:/bin:/usr/sbin:/sbin:/Library/Frameworks/Mono.framework/Versions/Current/Commands
SHELL=/bin/bash
LC_CTYPE=en_GB.UTF-8

Signal Handlers:
SIGSEGV: [libjvm.dylib+0x78fc66], sa_mask[0]=11111111011111110111111111111111, sa_flags=SA_ONSTACK|SA_RESTART|SA_SIGINFO
SIGBUS: [libjvm.dylib+0x78fc66], sa_mask[0]=11111111011111110111111111111111, sa_flags=SA_RESTART|SA_SIGINFO
SIGFPE: [libjvm.dylib+0x78fc66], sa_mask[0]=11111111011111110111111111111111, sa_flags=SA_RESTART|SA_SIGINFO
SIGPIPE: [libjvm.dylib+0x5feb77], sa_mask[0]=11111111011111110111111111111111, sa_flags=SA_RESTART|SA_SIGINFO
SIGXFSZ: [libjvm.dylib+0x5feb77], sa_mask[0]=11111111011111110111111111111111, sa_flags=SA_RESTART|SA_SIGINFO
SIGILL: [libjvm.dylib+0x78fc66], sa_mask[0]=11111111011111110111111111111111, sa_flags=SA_RESTART|SA_SIGINFO
SIGUSR2: [libjvm.dylib+0x5ff156], sa_mask[0]=00100000000000000000000000000000, sa_flags=SA_RESTART|SA_SIGINFO
SIGHUP: [libjvm.dylib+0x5fdc3f], sa_mask[0]=11111111011111110111111111111111, sa_flags=SA_RESTART|SA_SIGINFO
SIGINT: [libjvm.dylib+0x5fdc3f], sa_mask[0]=11111111011111110111111111111111, sa_flags=SA_RESTART|SA_SIGINFO
SIGTERM: [libjvm.dylib+0x5fdc3f], sa_mask[0]=11111111011111110111111111111111, sa_flags=SA_RESTART|SA_SIGINFO
SIGQUIT: [libjvm.dylib+0x5fdc3f], sa_mask[0]=11111111011111110111111111111111, sa_flags=SA_RESTART|SA_SIGINFO


---------------  S Y S T E M  ---------------

OS:uname:Darwin 19.6.0 Darwin Kernel Version 19.6.0: Thu Sep 16 20:58:47 PDT 2021; root:xnu-6153.141.40.1~1/RELEASE_X86_64 x86_64
OS uptime: 0 days 0:03 hours
rlimit (soft/hard): STACK 8192k/65532k , CORE 0k/infinity , NPROC 1392/2088 , NOFILE 10240/infinity , AS infinity/infinity , CPU infinity/infinity , DATA infinity/infinity , FSIZE infinity/infinity , MEMLOCK infinity/infinity , RSS infinity/infinity
load average:243.55 137.54 58.18

CPU:total 4 (initial active 4) (2 cores per cpu, 2 threads per core) family 6 model 142 stepping 9 microcode 0xea, cmov, cx8, fxsr, mmx, sse, sse2, sse3, ssse3, sse4.1, sse4.2, popcnt, avx, avx2, aes, clmul, erms, 3dnowpref, lzcnt, ht, tsc, tscinvbit, bmi1, bmi2, adx, fma

Memory: 4k page, physical 8388608k(80724k free), swap 1048576k(552192k free)

vm_info: OpenJDK 64-Bit Server VM (11.0.10+0-b96-7281165) for bsd-amd64 JRE (11.0.10+0-b96-7281165), built on Apr 14 2021 15:20:36 by "builder" with gcc Android (6875598, based on r399163b) Clang 11.0.5 (https://android.googlesource.com/toolchain/llvm-project 87f1315dfbea7c137aa2e6d362dbb457e388158d)

END.
